-- The C compiler identification is GNU 11.4.0
-- The CXX compiler identification is GNU 11.4.0
-- Detecting C compiler ABI info
-- Detecting C compiler ABI info - done
-- Check for working C compiler: /usr/bin/cc - skipped
-- Detecting C compile features
-- Detecting C compile features - done
-- Detecting CXX compiler ABI info
-- Detecting CXX compiler ABI info - done
-- Check for working CXX compiler: /usr/bin/c++ - skipped
-- Detecting CXX compile features
-- Detecting CXX compile features - done
-- Found ament_cmake: 1.3.13 (/opt/ros/humble/share/ament_cmake/cmake)
-- Found Python3: /usr/bin/python3 (found version "3.10.12") found components: Interpreter 
-- Found sensor_msgs: 4.9.1 (/opt/ros/humble/share/sensor_msgs/cmake)
-- Found rosidl_generator_c: 3.1.8 (/opt/ros/humble/share/rosidl_generator_c/cmake)
-- Found rosidl_adapter: 3.1.8 (/opt/ros/humble/share/rosidl_adapter/cmake)
-- Found rosidl_generator_cpp: 3.1.8 (/opt/ros/humble/share/rosidl_generator_cpp/cmake)
-- Using all available rosidl_typesupport_c: rosidl_typesupport_fastrtps_c;rosidl_typesupport_introspection_c
-- Using all available rosidl_typesupport_cpp: rosidl_typesupport_fastrtps_cpp;rosidl_typesupport_introspection_cpp
-- Found rosidl_default_generators: 1.2.0 (/opt/ros/humble/share/rosidl_default_generators/cmake)
-- Found ament_cmake_ros: 0.10.0 (/opt/ros/humble/share/ament_cmake_ros/cmake)
-- Using all available rosidl_typesupport_c: rosidl_typesupport_fastrtps_c;rosidl_typesupport_introspection_c
-- Using all available rosidl_typesupport_cpp: rosidl_typesupport_fastrtps_cpp;rosidl_typesupport_introspection_cpp
-- Found PythonInterp: /usr/bin/python3 (found suitable version "3.10.12", minimum required is "3.6") 
-- Found python_cmake_module: 0.10.0 (/opt/ros/humble/share/python_cmake_module/cmake)
-- Found PythonLibs: /usr/lib/x86_64-linux-gnu/libpython3.10.so (found suitable version "3.10.12", minimum required is "3.5") 
-- Using PYTHON_EXECUTABLE: /usr/bin/python3
-- Using PYTHON_INCLUDE_DIRS: /usr/include/python3.10
-- Using PYTHON_LIBRARIES: /usr/lib/x86_64-linux-gnu/libpython3.10.so
-- Found PythonExtra: .so  
-- Found ament_lint_auto: 0.12.15 (/opt/ros/humble/share/ament_lint_auto/cmake)
-- Added test 'lint_cmake' to check CMake code style
-- Added test 'xmllint' to check XML markup files
-- Configuring done
-- Generating done
-- Build files have been written to: /home/zqc/ros2_ws/src/portfolio/ROS2/face_detection/build/face_detection_interface
[  3%] [34m[1mGenerating C code for ROS interfaces[0m
[  6%] [34m[1mGenerating C++ code for ROS interfaces[0m
[  6%] Built target ament_cmake_python_copy_face_detection_interface
[  6%] Built target face_detection_interface__cpp
[  9%] [32mBuilding C object CMakeFiles/face_detection_interface__rosidl_generator_c.dir/rosidl_generator_c/face_detection_interface/srv/detail/face_detector__functions.c.o[0m
running egg_info
creating face_detection_interface.egg-info
writing face_detection_interface.egg-info/PKG-INFO
writing dependency_links to face_detection_interface.egg-info/dependency_links.txt
writing top-level names to face_detection_interface.egg-info/top_level.txt
writing manifest file 'face_detection_interface.egg-info/SOURCES.txt'
[ 16%] [34m[1mGenerating C++ type support dispatch for ROS interfaces[0m
[ 16%] [34m[1mGenerating C++ introspection for ROS interfaces[0m
[ 19%] [34m[1mGenerating C++ type support for eProsima Fast-RTPS[0m
reading manifest file 'face_detection_interface.egg-info/SOURCES.txt'
writing manifest file 'face_detection_interface.egg-info/SOURCES.txt'
[ 19%] Built target ament_cmake_python_build_face_detection_interface_egg
[ 22%] [32m[1mLinking C shared library libface_detection_interface__rosidl_generator_c.so[0m
[ 22%] Built target face_detection_interface__rosidl_generator_c
[ 32%] [34m[1mGenerating C type support for eProsima Fast-RTPS[0m
[ 32%] [34m[1mGenerating C type support dispatch for ROS interfaces[0m
[ 32%] [34m[1mGenerating C introspection for ROS interfaces[0m
[ 35%] [32mBuilding CXX object CMakeFiles/face_detection_interface__rosidl_typesupport_cpp.dir/rosidl_typesupport_cpp/face_detection_interface/srv/face_detector__type_support.cpp.o[0m
[ 38%] [32mBuilding CXX object CMakeFiles/face_detection_interface__rosidl_typesupport_introspection_cpp.dir/rosidl_typesupport_introspection_cpp/face_detection_interface/srv/detail/face_detector__type_support.cpp.o[0m
[ 41%] [32mBuilding CXX object CMakeFiles/face_detection_interface__rosidl_typesupport_fastrtps_cpp.dir/rosidl_typesupport_fastrtps_cpp/face_detection_interface/srv/detail/dds_fastrtps/face_detector__type_support.cpp.o[0m
[ 45%] [32mBuilding CXX object CMakeFiles/face_detection_interface__rosidl_typesupport_c.dir/rosidl_typesupport_c/face_detection_interface/srv/face_detector__type_support.cpp.o[0m
[ 48%] [32m[1mLinking CXX shared library libface_detection_interface__rosidl_typesupport_c.so[0m
[ 51%] [32mBuilding CXX object CMakeFiles/face_detection_interface__rosidl_typesupport_fastrtps_c.dir/rosidl_typesupport_fastrtps_c/face_detection_interface/srv/detail/face_detector__type_support_c.cpp.o[0m
[ 54%] [32mBuilding C object CMakeFiles/face_detection_interface__rosidl_typesupport_introspection_c.dir/rosidl_typesupport_introspection_c/face_detection_interface/srv/detail/face_detector__type_support.c.o[0m
[ 58%] [32m[1mLinking C shared library libface_detection_interface__rosidl_typesupport_introspection_c.so[0m
[ 61%] [32m[1mLinking CXX shared library libface_detection_interface__rosidl_typesupport_cpp.so[0m
[ 61%] Built target face_detection_interface__rosidl_typesupport_c
[ 61%] Built target face_detection_interface__rosidl_typesupport_introspection_c
[ 61%] Built target face_detection_interface__rosidl_typesupport_cpp
[ 64%] [32m[1mLinking CXX shared library libface_detection_interface__rosidl_typesupport_introspection_cpp.so[0m
[ 67%] [32m[1mLinking CXX shared library libface_detection_interface__rosidl_typesupport_fastrtps_cpp.so[0m
[ 70%] [32m[1mLinking CXX shared library libface_detection_interface__rosidl_typesupport_fastrtps_c.so[0m
[ 70%] Built target face_detection_interface__rosidl_typesupport_introspection_cpp
[ 70%] Built target face_detection_interface__rosidl_typesupport_fastrtps_cpp
[ 70%] Built target face_detection_interface__rosidl_typesupport_fastrtps_c
[ 70%] Built target face_detection_interface
[ 74%] [34m[1mGenerating Python code for ROS interfaces[0m
[ 74%] Built target face_detection_interface__py
[ 77%] [32mBuilding C object CMakeFiles/face_detection_interface__rosidl_generator_py.dir/rosidl_generator_py/face_detection_interface/srv/_face_detector_s.c.o[0m
[ 80%] [32m[1mLinking C shared library rosidl_generator_py/face_detection_interface/libface_detection_interface__rosidl_generator_py.so[0m
[ 80%] Built target face_detection_interface__rosidl_generator_py
[ 90%] [32mBuilding C object CMakeFiles/face_detection_interface__rosidl_typesupport_fastrtps_c__pyext.dir/rosidl_generator_py/face_detection_interface/_face_detection_interface_s.ep.rosidl_typesupport_fastrtps_c.c.o[0m
[ 90%] [32mBuilding C object CMakeFiles/face_detection_interface__rosidl_typesupport_c__pyext.dir/rosidl_generator_py/face_detection_interface/_face_detection_interface_s.ep.rosidl_typesupport_c.c.o[0m
[ 90%] [32mBuilding C object CMakeFiles/face_detection_interface__rosidl_typesupport_introspection_c__pyext.dir/rosidl_generator_py/face_detection_interface/_face_detection_interface_s.ep.rosidl_typesupport_introspection_c.c.o[0m
[ 96%] [32m[1mLinking C shared library rosidl_generator_py/face_detection_interface/face_detection_interface_s__rosidl_typesupport_c.cpython-310-x86_64-linux-gnu.so[0m
[ 96%] [32m[1mLinking C shared library rosidl_generator_py/face_detection_interface/face_detection_interface_s__rosidl_typesupport_introspection_c.cpython-310-x86_64-linux-gnu.so[0m
[100%] [32m[1mLinking C shared library rosidl_generator_py/face_detection_interface/face_detection_interface_s__rosidl_typesupport_fastrtps_c.cpython-310-x86_64-linux-gnu.so[0m
[100%] Built target face_detection_interface__rosidl_typesupport_c__pyext
[100%] Built target face_detection_interface__rosidl_typesupport_introspection_c__pyext
[100%] Built target face_detection_interface__rosidl_typesupport_fastrtps_c__pyext
-- Install configuration: ""
-- Installing: /home/zqc/ros2_ws/src/portfolio/ROS2/face_detection/install/face_detection_interface/share/ament_index/resource_index/rosidl_interfaces/face_detection_interface
-- Installing: /home/zqc/ros2_ws/src/portfolio/ROS2/face_detection/install/face_detection_interface/include/face_detection_interface/face_detection_interface
-- Installing: /home/zqc/ros2_ws/src/portfolio/ROS2/face_detection/install/face_detection_interface/include/face_detection_interface/face_detection_interface/srv
-- Installing: /home/zqc/ros2_ws/src/portfolio/ROS2/face_detection/install/face_detection_interface/include/face_detection_interface/face_detection_interface/srv/detail
-- Installing: /home/zqc/ros2_ws/src/portfolio/ROS2/face_detection/install/face_detection_interface/include/face_detection_interface/face_detection_interface/srv/detail/face_detector__functions.c
-- Installing: /home/zqc/ros2_ws/src/portfolio/ROS2/face_detection/install/face_detection_interface/include/face_detection_interface/face_detection_interface/srv/detail/face_detector__functions.h
-- Installing: /home/zqc/ros2_ws/src/portfolio/ROS2/face_detection/install/face_detection_interface/include/face_detection_interface/face_detection_interface/srv/detail/face_detector__type_support.h
-- Installing: /home/zqc/ros2_ws/src/portfolio/ROS2/face_detection/install/face_detection_interface/include/face_detection_interface/face_detection_interface/srv/detail/face_detector__struct.h
-- Installing: /home/zqc/ros2_ws/src/portfolio/ROS2/face_detection/install/face_detection_interface/include/face_detection_interface/face_detection_interface/srv/face_detector.h
-- Installing: /home/zqc/ros2_ws/src/portfolio/ROS2/face_detection/install/face_detection_interface/include/face_detection_interface/face_detection_interface/msg
-- Installing: /home/zqc/ros2_ws/src/portfolio/ROS2/face_detection/install/face_detection_interface/include/face_detection_interface/face_detection_interface/msg/rosidl_generator_c__visibility_control.h
-- Installing: /home/zqc/ros2_ws/src/portfolio/ROS2/face_detection/install/face_detection_interface/share/face_detection_interface/environment/library_path.sh
-- Installing: /home/zqc/ros2_ws/src/portfolio/ROS2/face_detection/install/face_detection_interface/share/face_detection_interface/environment/library_path.dsv
-- Installing: /home/zqc/ros2_ws/src/portfolio/ROS2/face_detection/install/face_detection_interface/lib/libface_detection_interface__rosidl_generator_c.so
-- Set runtime path of "/home/zqc/ros2_ws/src/portfolio/ROS2/face_detection/install/face_detection_interface/lib/libface_detection_interface__rosidl_generator_c.so" to ""
-- Up-to-date: /home/zqc/ros2_ws/src/portfolio/ROS2/face_detection/install/face_detection_interface/include/face_detection_interface/face_detection_interface
-- Up-to-date: /home/zqc/ros2_ws/src/portfolio/ROS2/face_detection/install/face_detection_interface/include/face_detection_interface/face_detection_interface/srv
-- Up-to-date: /home/zqc/ros2_ws/src/portfolio/ROS2/face_detection/install/face_detection_interface/include/face_detection_interface/face_detection_interface/srv/detail
-- Installing: /home/zqc/ros2_ws/src/portfolio/ROS2/face_detection/install/face_detection_interface/include/face_detection_interface/face_detection_interface/srv/detail/face_detector__rosidl_typesupport_fastrtps_c.h
-- Up-to-date: /home/zqc/ros2_ws/src/portfolio/ROS2/face_detection/install/face_detection_interface/include/face_detection_interface/face_detection_interface/msg
-- Installing: /home/zqc/ros2_ws/src/portfolio/ROS2/face_detection/install/face_detection_interface/include/face_detection_interface/face_detection_interface/msg/rosidl_typesupport_fastrtps_c__visibility_control.h
-- Installing: /home/zqc/ros2_ws/src/portfolio/ROS2/face_detection/install/face_detection_interface/lib/libface_detection_interface__rosidl_typesupport_fastrtps_c.so
-- Set runtime path of "/home/zqc/ros2_ws/src/portfolio/ROS2/face_detection/install/face_detection_interface/lib/libface_detection_interface__rosidl_typesupport_fastrtps_c.so" to ""
-- Up-to-date: /home/zqc/ros2_ws/src/portfolio/ROS2/face_detection/install/face_detection_interface/include/face_detection_interface/face_detection_interface
-- Up-to-date: /home/zqc/ros2_ws/src/portfolio/ROS2/face_detection/install/face_detection_interface/include/face_detection_interface/face_detection_interface/srv
-- Up-to-date: /home/zqc/ros2_ws/src/portfolio/ROS2/face_detection/install/face_detection_interface/include/face_detection_interface/face_detection_interface/srv/detail
-- Installing: /home/zqc/ros2_ws/src/portfolio/ROS2/face_detection/install/face_detection_interface/include/face_detection_interface/face_detection_interface/srv/detail/face_detector__builder.hpp
-- Installing: /home/zqc/ros2_ws/src/portfolio/ROS2/face_detection/install/face_detection_interface/include/face_detection_interface/face_detection_interface/srv/detail/face_detector__type_support.hpp
-- Installing: /home/zqc/ros2_ws/src/portfolio/ROS2/face_detection/install/face_detection_interface/include/face_detection_interface/face_detection_interface/srv/detail/face_detector__struct.hpp
-- Installing: /home/zqc/ros2_ws/src/portfolio/ROS2/face_detection/install/face_detection_interface/include/face_detection_interface/face_detection_interface/srv/detail/face_detector__traits.hpp
-- Installing: /home/zqc/ros2_ws/src/portfolio/ROS2/face_detection/install/face_detection_interface/include/face_detection_interface/face_detection_interface/srv/face_detector.hpp
-- Up-to-date: /home/zqc/ros2_ws/src/portfolio/ROS2/face_detection/install/face_detection_interface/include/face_detection_interface/face_detection_interface/msg
-- Installing: /home/zqc/ros2_ws/src/portfolio/ROS2/face_detection/install/face_detection_interface/include/face_detection_interface/face_detection_interface/msg/rosidl_generator_cpp__visibility_control.hpp
-- Up-to-date: /home/zqc/ros2_ws/src/portfolio/ROS2/face_detection/install/face_detection_interface/include/face_detection_interface/face_detection_interface
-- Up-to-date: /home/zqc/ros2_ws/src/portfolio/ROS2/face_detection/install/face_detection_interface/include/face_detection_interface/face_detection_interface/srv
-- Up-to-date: /home/zqc/ros2_ws/src/portfolio/ROS2/face_detection/install/face_detection_interface/include/face_detection_interface/face_detection_interface/srv/detail
-- Installing: /home/zqc/ros2_ws/src/portfolio/ROS2/face_detection/install/face_detection_interface/include/face_detection_interface/face_detection_interface/srv/detail/dds_fastrtps
-- Installing: /home/zqc/ros2_ws/src/portfolio/ROS2/face_detection/install/face_detection_interface/include/face_detection_interface/face_detection_interface/srv/detail/face_detector__rosidl_typesupport_fastrtps_cpp.hpp
-- Up-to-date: /home/zqc/ros2_ws/src/portfolio/ROS2/face_detection/install/face_detection_interface/include/face_detection_interface/face_detection_interface/msg
-- Installing: /home/zqc/ros2_ws/src/portfolio/ROS2/face_detection/install/face_detection_interface/include/face_detection_interface/face_detection_interface/msg/rosidl_typesupport_fastrtps_cpp__visibility_control.h
-- Installing: /home/zqc/ros2_ws/src/portfolio/ROS2/face_detection/install/face_detection_interface/lib/libface_detection_interface__rosidl_typesupport_fastrtps_cpp.so
-- Set runtime path of "/home/zqc/ros2_ws/src/portfolio/ROS2/face_detection/install/face_detection_interface/lib/libface_detection_interface__rosidl_typesupport_fastrtps_cpp.so" to ""
-- Up-to-date: /home/zqc/ros2_ws/src/portfolio/ROS2/face_detection/install/face_detection_interface/include/face_detection_interface/face_detection_interface
-- Up-to-date: /home/zqc/ros2_ws/src/portfolio/ROS2/face_detection/install/face_detection_interface/include/face_detection_interface/face_detection_interface/srv
-- Up-to-date: /home/zqc/ros2_ws/src/portfolio/ROS2/face_detection/install/face_detection_interface/include/face_detection_interface/face_detection_interface/srv/detail
-- Installing: /home/zqc/ros2_ws/src/portfolio/ROS2/face_detection/install/face_detection_interface/include/face_detection_interface/face_detection_interface/srv/detail/face_detector__type_support.c
-- Installing: /home/zqc/ros2_ws/src/portfolio/ROS2/face_detection/install/face_detection_interface/include/face_detection_interface/face_detection_interface/srv/detail/face_detector__rosidl_typesupport_introspection_c.h
-- Up-to-date: /home/zqc/ros2_ws/src/portfolio/ROS2/face_detection/install/face_detection_interface/include/face_detection_interface/face_detection_interface/msg
-- Installing: /home/zqc/ros2_ws/src/portfolio/ROS2/face_detection/install/face_detection_interface/include/face_detection_interface/face_detection_interface/msg/rosidl_typesupport_introspection_c__visibility_control.h
-- Installing: /home/zqc/ros2_ws/src/portfolio/ROS2/face_detection/install/face_detection_interface/lib/libface_detection_interface__rosidl_typesupport_introspection_c.so
-- Set runtime path of "/home/zqc/ros2_ws/src/portfolio/ROS2/face_detection/install/face_detection_interface/lib/libface_detection_interface__rosidl_typesupport_introspection_c.so" to ""
-- Installing: /home/zqc/ros2_ws/src/portfolio/ROS2/face_detection/install/face_detection_interface/lib/libface_detection_interface__rosidl_typesupport_c.so
-- Set runtime path of "/home/zqc/ros2_ws/src/portfolio/ROS2/face_detection/install/face_detection_interface/lib/libface_detection_interface__rosidl_typesupport_c.so" to ""
-- Up-to-date: /home/zqc/ros2_ws/src/portfolio/ROS2/face_detection/install/face_detection_interface/include/face_detection_interface/face_detection_interface
-- Up-to-date: /home/zqc/ros2_ws/src/portfolio/ROS2/face_detection/install/face_detection_interface/include/face_detection_interface/face_detection_interface/srv
-- Up-to-date: /home/zqc/ros2_ws/src/portfolio/ROS2/face_detection/install/face_detection_interface/include/face_detection_interface/face_detection_interface/srv/detail
-- Installing: /home/zqc/ros2_ws/src/portfolio/ROS2/face_detection/install/face_detection_interface/include/face_detection_interface/face_detection_interface/srv/detail/face_detector__rosidl_typesupport_introspection_cpp.hpp
-- Installing: /home/zqc/ros2_ws/src/portfolio/ROS2/face_detection/install/face_detection_interface/include/face_detection_interface/face_detection_interface/srv/detail/face_detector__type_support.cpp
-- Installing: /home/zqc/ros2_ws/src/portfolio/ROS2/face_detection/install/face_detection_interface/lib/libface_detection_interface__rosidl_typesupport_introspection_cpp.so
-- Set runtime path of "/home/zqc/ros2_ws/src/portfolio/ROS2/face_detection/install/face_detection_interface/lib/libface_detection_interface__rosidl_typesupport_introspection_cpp.so" to ""
-- Installing: /home/zqc/ros2_ws/src/portfolio/ROS2/face_detection/install/face_detection_interface/lib/libface_detection_interface__rosidl_typesupport_cpp.so
-- Set runtime path of "/home/zqc/ros2_ws/src/portfolio/ROS2/face_detection/install/face_detection_interface/lib/libface_detection_interface__rosidl_typesupport_cpp.so" to ""
-- Installing: /home/zqc/ros2_ws/src/portfolio/ROS2/face_detection/install/face_detection_interface/share/face_detection_interface/environment/pythonpath.sh
-- Installing: /home/zqc/ros2_ws/src/portfolio/ROS2/face_detection/install/face_detection_interface/share/face_detection_interface/environment/pythonpath.dsv
-- Installing: /home/zqc/ros2_ws/src/portfolio/ROS2/face_detection/install/face_detection_interface/local/lib/python3.10/dist-packages/face_detection_interface-0.0.0-py3.10.egg-info
-- Installing: /home/zqc/ros2_ws/src/portfolio/ROS2/face_detection/install/face_detection_interface/local/lib/python3.10/dist-packages/face_detection_interface-0.0.0-py3.10.egg-info/dependency_links.txt
-- Installing: /home/zqc/ros2_ws/src/portfolio/ROS2/face_detection/install/face_detection_interface/local/lib/python3.10/dist-packages/face_detection_interface-0.0.0-py3.10.egg-info/PKG-INFO
-- Installing: /home/zqc/ros2_ws/src/portfolio/ROS2/face_detection/install/face_detection_interface/local/lib/python3.10/dist-packages/face_detection_interface-0.0.0-py3.10.egg-info/SOURCES.txt
-- Installing: /home/zqc/ros2_ws/src/portfolio/ROS2/face_detection/install/face_detection_interface/local/lib/python3.10/dist-packages/face_detection_interface-0.0.0-py3.10.egg-info/top_level.txt
-- Installing: /home/zqc/ros2_ws/src/portfolio/ROS2/face_detection/install/face_detection_interface/local/lib/python3.10/dist-packages/face_detection_interface
-- Installing: /home/zqc/ros2_ws/src/portfolio/ROS2/face_detection/install/face_detection_interface/local/lib/python3.10/dist-packages/face_detection_interface/face_detection_interface_s__rosidl_typesupport_introspection_c.cpython-310-x86_64-linux-gnu.so
-- Installing: /home/zqc/ros2_ws/src/portfolio/ROS2/face_detection/install/face_detection_interface/local/lib/python3.10/dist-packages/face_detection_interface/_face_detection_interface_s.ep.rosidl_typesupport_c.c
-- Installing: /home/zqc/ros2_ws/src/portfolio/ROS2/face_detection/install/face_detection_interface/local/lib/python3.10/dist-packages/face_detection_interface/_face_detection_interface_s.ep.rosidl_typesupport_introspection_c.c
-- Installing: /home/zqc/ros2_ws/src/portfolio/ROS2/face_detection/install/face_detection_interface/local/lib/python3.10/dist-packages/face_detection_interface/_face_detection_interface_s.ep.rosidl_typesupport_fastrtps_c.c
-- Installing: /home/zqc/ros2_ws/src/portfolio/ROS2/face_detection/install/face_detection_interface/local/lib/python3.10/dist-packages/face_detection_interface/__init__.py
-- Installing: /home/zqc/ros2_ws/src/portfolio/ROS2/face_detection/install/face_detection_interface/local/lib/python3.10/dist-packages/face_detection_interface/srv
-- Installing: /home/zqc/ros2_ws/src/portfolio/ROS2/face_detection/install/face_detection_interface/local/lib/python3.10/dist-packages/face_detection_interface/srv/_face_detector.py
-- Installing: /home/zqc/ros2_ws/src/portfolio/ROS2/face_detection/install/face_detection_interface/local/lib/python3.10/dist-packages/face_detection_interface/srv/__init__.py
-- Installing: /home/zqc/ros2_ws/src/portfolio/ROS2/face_detection/install/face_detection_interface/local/lib/python3.10/dist-packages/face_detection_interface/srv/_face_detector_s.c
-- Installing: /home/zqc/ros2_ws/src/portfolio/ROS2/face_detection/install/face_detection_interface/local/lib/python3.10/dist-packages/face_detection_interface/face_detection_interface_s__rosidl_typesupport_c.cpython-310-x86_64-linux-gnu.so
-- Installing: /home/zqc/ros2_ws/src/portfolio/ROS2/face_detection/install/face_detection_interface/local/lib/python3.10/dist-packages/face_detection_interface/libface_detection_interface__rosidl_generator_py.so
-- Installing: /home/zqc/ros2_ws/src/portfolio/ROS2/face_detection/install/face_detection_interface/local/lib/python3.10/dist-packages/face_detection_interface/face_detection_interface_s__rosidl_typesupport_fastrtps_c.cpython-310-x86_64-linux-gnu.so
Listing '/home/zqc/ros2_ws/src/portfolio/ROS2/face_detection/install/face_detection_interface/local/lib/python3.10/dist-packages/face_detection_interface'...
Compiling '/home/zqc/ros2_ws/src/portfolio/ROS2/face_detection/install/face_detection_interface/local/lib/python3.10/dist-packages/face_detection_interface/__init__.py'...
Listing '/home/zqc/ros2_ws/src/portfolio/ROS2/face_detection/install/face_detection_interface/local/lib/python3.10/dist-packages/face_detection_interface/srv'...
Compiling '/home/zqc/ros2_ws/src/portfolio/ROS2/face_detection/install/face_detection_interface/local/lib/python3.10/dist-packages/face_detection_interface/srv/__init__.py'...
Compiling '/home/zqc/ros2_ws/src/portfolio/ROS2/face_detection/install/face_detection_interface/local/lib/python3.10/dist-packages/face_detection_interface/srv/_face_detector.py'...
-- Installing: /home/zqc/ros2_ws/src/portfolio/ROS2/face_detection/install/face_detection_interface/local/lib/python3.10/dist-packages/face_detection_interface/face_detection_interface_s__rosidl_typesupport_fastrtps_c.cpython-310-x86_64-linux-gnu.so
-- Set runtime path of "/home/zqc/ros2_ws/src/portfolio/ROS2/face_detection/install/face_detection_interface/local/lib/python3.10/dist-packages/face_detection_interface/face_detection_interface_s__rosidl_typesupport_fastrtps_c.cpython-310-x86_64-linux-gnu.so" to ""
-- Installing: /home/zqc/ros2_ws/src/portfolio/ROS2/face_detection/install/face_detection_interface/local/lib/python3.10/dist-packages/face_detection_interface/face_detection_interface_s__rosidl_typesupport_introspection_c.cpython-310-x86_64-linux-gnu.so
-- Set runtime path of "/home/zqc/ros2_ws/src/portfolio/ROS2/face_detection/install/face_detection_interface/local/lib/python3.10/dist-packages/face_detection_interface/face_detection_interface_s__rosidl_typesupport_introspection_c.cpython-310-x86_64-linux-gnu.so" to ""
-- Installing: /home/zqc/ros2_ws/src/portfolio/ROS2/face_detection/install/face_detection_interface/local/lib/python3.10/dist-packages/face_detection_interface/face_detection_interface_s__rosidl_typesupport_c.cpython-310-x86_64-linux-gnu.so
-- Set runtime path of "/home/zqc/ros2_ws/src/portfolio/ROS2/face_detection/install/face_detection_interface/local/lib/python3.10/dist-packages/face_detection_interface/face_detection_interface_s__rosidl_typesupport_c.cpython-310-x86_64-linux-gnu.so" to ""
-- Installing: /home/zqc/ros2_ws/src/portfolio/ROS2/face_detection/install/face_detection_interface/lib/libface_detection_interface__rosidl_generator_py.so
-- Set runtime path of "/home/zqc/ros2_ws/src/portfolio/ROS2/face_detection/install/face_detection_interface/lib/libface_detection_interface__rosidl_generator_py.so" to ""
-- Installing: /home/zqc/ros2_ws/src/portfolio/ROS2/face_detection/install/face_detection_interface/share/face_detection_interface/srv/FaceDetector.idl
-- Installing: /home/zqc/ros2_ws/src/portfolio/ROS2/face_detection/install/face_detection_interface/share/face_detection_interface/srv/FaceDetector.srv
-- Installing: /home/zqc/ros2_ws/src/portfolio/ROS2/face_detection/install/face_detection_interface/share/face_detection_interface/srv/FaceDetector_Request.msg
-- Installing: /home/zqc/ros2_ws/src/portfolio/ROS2/face_detection/install/face_detection_interface/share/face_detection_interface/srv/FaceDetector_Response.msg
-- Installing: /home/zqc/ros2_ws/src/portfolio/ROS2/face_detection/install/face_detection_interface/share/ament_index/resource_index/package_run_dependencies/face_detection_interface
-- Installing: /home/zqc/ros2_ws/src/portfolio/ROS2/face_detection/install/face_detection_interface/share/ament_index/resource_index/parent_prefix_path/face_detection_interface
-- Installing: /home/zqc/ros2_ws/src/portfolio/ROS2/face_detection/install/face_detection_interface/share/face_detection_interface/environment/ament_prefix_path.sh
-- Installing: /home/zqc/ros2_ws/src/portfolio/ROS2/face_detection/install/face_detection_interface/share/face_detection_interface/environment/ament_prefix_path.dsv
-- Installing: /home/zqc/ros2_ws/src/portfolio/ROS2/face_detection/install/face_detection_interface/share/face_detection_interface/environment/path.sh
-- Installing: /home/zqc/ros2_ws/src/portfolio/ROS2/face_detection/install/face_detection_interface/share/face_detection_interface/environment/path.dsv
-- Installing: /home/zqc/ros2_ws/src/portfolio/ROS2/face_detection/install/face_detection_interface/share/face_detection_interface/local_setup.bash
-- Installing: /home/zqc/ros2_ws/src/portfolio/ROS2/face_detection/install/face_detection_interface/share/face_detection_interface/local_setup.sh
-- Installing: /home/zqc/ros2_ws/src/portfolio/ROS2/face_detection/install/face_detection_interface/share/face_detection_interface/local_setup.zsh
-- Installing: /home/zqc/ros2_ws/src/portfolio/ROS2/face_detection/install/face_detection_interface/share/face_detection_interface/local_setup.dsv
-- Installing: /home/zqc/ros2_ws/src/portfolio/ROS2/face_detection/install/face_detection_interface/share/face_detection_interface/package.dsv
-- Installing: /home/zqc/ros2_ws/src/portfolio/ROS2/face_detection/install/face_detection_interface/share/ament_index/resource_index/packages/face_detection_interface
-- Installing: /home/zqc/ros2_ws/src/portfolio/ROS2/face_detection/install/face_detection_interface/share/face_detection_interface/cmake/export_face_detection_interface__rosidl_generator_cExport.cmake
-- Installing: /home/zqc/ros2_ws/src/portfolio/ROS2/face_detection/install/face_detection_interface/share/face_detection_interface/cmake/export_face_detection_interface__rosidl_generator_cExport-noconfig.cmake
-- Installing: /home/zqc/ros2_ws/src/portfolio/ROS2/face_detection/install/face_detection_interface/share/face_detection_interface/cmake/export_face_detection_interface__rosidl_typesupport_fastrtps_cExport.cmake
-- Installing: /home/zqc/ros2_ws/src/portfolio/ROS2/face_detection/install/face_detection_interface/share/face_detection_interface/cmake/export_face_detection_interface__rosidl_typesupport_fastrtps_cExport-noconfig.cmake
-- Installing: /home/zqc/ros2_ws/src/portfolio/ROS2/face_detection/install/face_detection_interface/share/face_detection_interface/cmake/export_face_detection_interface__rosidl_generator_cppExport.cmake
-- Installing: /home/zqc/ros2_ws/src/portfolio/ROS2/face_detection/install/face_detection_interface/share/face_detection_interface/cmake/export_face_detection_interface__rosidl_typesupport_fastrtps_cppExport.cmake
-- Installing: /home/zqc/ros2_ws/src/portfolio/ROS2/face_detection/install/face_detection_interface/share/face_detection_interface/cmake/export_face_detection_interface__rosidl_typesupport_fastrtps_cppExport-noconfig.cmake
-- Installing: /home/zqc/ros2_ws/src/portfolio/ROS2/face_detection/install/face_detection_interface/share/face_detection_interface/cmake/face_detection_interface__rosidl_typesupport_introspection_cExport.cmake
-- Installing: /home/zqc/ros2_ws/src/portfolio/ROS2/face_detection/install/face_detection_interface/share/face_detection_interface/cmake/face_detection_interface__rosidl_typesupport_introspection_cExport-noconfig.cmake
-- Installing: /home/zqc/ros2_ws/src/portfolio/ROS2/face_detection/install/face_detection_interface/share/face_detection_interface/cmake/face_detection_interface__rosidl_typesupport_cExport.cmake
-- Installing: /home/zqc/ros2_ws/src/portfolio/ROS2/face_detection/install/face_detection_interface/share/face_detection_interface/cmake/face_detection_interface__rosidl_typesupport_cExport-noconfig.cmake
-- Installing: /home/zqc/ros2_ws/src/portfolio/ROS2/face_detection/install/face_detection_interface/share/face_detection_interface/cmake/face_detection_interface__rosidl_typesupport_introspection_cppExport.cmake
-- Installing: /home/zqc/ros2_ws/src/portfolio/ROS2/face_detection/install/face_detection_interface/share/face_detection_interface/cmake/face_detection_interface__rosidl_typesupport_introspection_cppExport-noconfig.cmake
-- Installing: /home/zqc/ros2_ws/src/portfolio/ROS2/face_detection/install/face_detection_interface/share/face_detection_interface/cmake/face_detection_interface__rosidl_typesupport_cppExport.cmake
-- Installing: /home/zqc/ros2_ws/src/portfolio/ROS2/face_detection/install/face_detection_interface/share/face_detection_interface/cmake/face_detection_interface__rosidl_typesupport_cppExport-noconfig.cmake
-- Installing: /home/zqc/ros2_ws/src/portfolio/ROS2/face_detection/install/face_detection_interface/share/face_detection_interface/cmake/export_face_detection_interface__rosidl_generator_pyExport.cmake
-- Installing: /home/zqc/ros2_ws/src/portfolio/ROS2/face_detection/install/face_detection_interface/share/face_detection_interface/cmake/export_face_detection_interface__rosidl_generator_pyExport-noconfig.cmake
-- Installing: /home/zqc/ros2_ws/src/portfolio/ROS2/face_detection/install/face_detection_interface/share/face_detection_interface/cmake/rosidl_cmake-extras.cmake
-- Installing: /home/zqc/ros2_ws/src/portfolio/ROS2/face_detection/install/face_detection_interface/share/face_detection_interface/cmake/ament_cmake_export_dependencies-extras.cmake
-- Installing: /home/zqc/ros2_ws/src/portfolio/ROS2/face_detection/install/face_detection_interface/share/face_detection_interface/cmake/ament_cmake_export_include_directories-extras.cmake
-- Installing: /home/zqc/ros2_ws/src/portfolio/ROS2/face_detection/install/face_detection_interface/share/face_detection_interface/cmake/ament_cmake_export_libraries-extras.cmake
-- Installing: /home/zqc/ros2_ws/src/portfolio/ROS2/face_detection/install/face_detection_interface/share/face_detection_interface/cmake/ament_cmake_export_targets-extras.cmake
-- Installing: /home/zqc/ros2_ws/src/portfolio/ROS2/face_detection/install/face_detection_interface/share/face_detection_interface/cmake/rosidl_cmake_export_typesupport_targets-extras.cmake
-- Installing: /home/zqc/ros2_ws/src/portfolio/ROS2/face_detection/install/face_detection_interface/share/face_detection_interface/cmake/rosidl_cmake_export_typesupport_libraries-extras.cmake
-- Installing: /home/zqc/ros2_ws/src/portfolio/ROS2/face_detection/install/face_detection_interface/share/face_detection_interface/cmake/face_detection_interfaceConfig.cmake
-- Installing: /home/zqc/ros2_ws/src/portfolio/ROS2/face_detection/install/face_detection_interface/share/face_detection_interface/cmake/face_detection_interfaceConfig-version.cmake
-- Installing: /home/zqc/ros2_ws/src/portfolio/ROS2/face_detection/install/face_detection_interface/share/face_detection_interface/package.xml
