[0.018s] Invoking command in '/home/zqc/ros2_ws/src/portfolio/ROS2/face_detection/build/face_detection_interface': CMAKE_PREFIX_PATH=${CMAKE_PREFIX_PATH}:/home/zqc/ros2_ws/install/urdf_tutorial:/home/zqc/ros2_ws/install/launch_testing_examples:/home/zqc/ros2_ws/install/examples_rclpy_pointcloud_publisher:/home/zqc/ros2_ws/install/examples_rclpy_minimal_subscriber:/home/zqc/ros2_ws/install/examples_rclpy_minimal_service:/home/zqc/ros2_ws/install/examples_rclpy_minimal_publisher:/home/zqc/ros2_ws/install/examples_rclpy_minimal_client:/home/zqc/ros2_ws/install/examples_rclpy_minimal_action_server:/home/zqc/ros2_ws/install/examples_rclpy_minimal_action_client:/home/zqc/ros2_ws/install/examples_rclpy_guard_conditions:/home/zqc/ros2_ws/install/examples_rclpy_executors:/home/zqc/ros2_ws/install/examples_rclcpp_multithreaded_executor:/home/zqc/ros2_ws/install/examples_rclcpp_minimal_timer:/home/zqc/ros2_ws/install/examples_rclcpp_minimal_subscriber:/home/zqc/ros2_ws/install/examples_rclcpp_minimal_publisher:/home/zqc/ros2_ws/install/examples_rclcpp_cbg_executor:/home/zqc/ros2_ws/install/cpp_pubsub:/home/zqc/ros2_ws/install/cpp_parameters:/home/zqc/ros2_ws/src/install/launch_testing_examples:/home/zqc/ros2_ws/src/install/examples_rclpy_pointcloud_publisher:/home/zqc/ros2_ws/src/install/examples_rclpy_minimal_subscriber:/home/zqc/ros2_ws/src/install/examples_rclpy_minimal_service:/home/zqc/ros2_ws/src/install/examples_rclpy_minimal_publisher:/home/zqc/ros2_ws/src/install/examples_rclpy_minimal_client:/home/zqc/ros2_ws/src/install/examples_rclpy_minimal_action_server:/home/zqc/ros2_ws/src/install/examples_rclpy_minimal_action_client:/home/zqc/ros2_ws/src/install/examples_rclpy_guard_conditions:/home/zqc/ros2_ws/src/install/examples_rclpy_executors:/opt/ros/humble /usr/bin/cmake /home/zqc/ros2_ws/src/portfolio/ROS2/face_detection/src/face_detection_interface -DCMAKE_INSTALL_PREFIX=/home/zqc/ros2_ws/src/portfolio/ROS2/face_detection/install/face_detection_interface
[0.242s] -- The C compiler identification is GNU 11.4.0
[0.591s] -- The CXX compiler identification is GNU 11.4.0
[0.800s] -- Detecting C compiler ABI info
[0.922s] -- Detecting C compiler ABI info - done
[0.928s] -- Check for working C compiler: /usr/bin/cc - skipped
[0.929s] -- Detecting C compile features
[0.929s] -- Detecting C compile features - done
[0.933s] -- Detecting CXX compiler ABI info
[1.063s] -- Detecting CXX compiler ABI info - done
[1.069s] -- Check for working CXX compiler: /usr/bin/c++ - skipped
[1.069s] -- Detecting CXX compile features
[1.070s] -- Detecting CXX compile features - done
[1.122s] -- Found ament_cmake: 1.3.13 (/opt/ros/humble/share/ament_cmake/cmake)
[1.300s] -- Found Python3: /usr/bin/python3 (found version "3.10.12") found components: Interpreter 
[1.494s] -- Found sensor_msgs: 4.9.1 (/opt/ros/humble/share/sensor_msgs/cmake)
[1.680s] -- Found rosidl_generator_c: 3.1.8 (/opt/ros/humble/share/rosidl_generator_c/cmake)
[1.698s] -- Found rosidl_adapter: 3.1.8 (/opt/ros/humble/share/rosidl_adapter/cmake)
[1.723s] -- Found rosidl_generator_cpp: 3.1.8 (/opt/ros/humble/share/rosidl_generator_cpp/cmake)
[1.773s] -- Using all available rosidl_typesupport_c: rosidl_typesupport_fastrtps_c;rosidl_typesupport_introspection_c
[1.815s] -- Using all available rosidl_typesupport_cpp: rosidl_typesupport_fastrtps_cpp;rosidl_typesupport_introspection_cpp
[1.925s] -- Found rosidl_default_generators: 1.2.0 (/opt/ros/humble/share/rosidl_default_generators/cmake)
[2.236s] -- Found ament_cmake_ros: 0.10.0 (/opt/ros/humble/share/ament_cmake_ros/cmake)
[2.707s] -- Using all available rosidl_typesupport_c: rosidl_typesupport_fastrtps_c;rosidl_typesupport_introspection_c
[2.892s] -- Using all available rosidl_typesupport_cpp: rosidl_typesupport_fastrtps_cpp;rosidl_typesupport_introspection_cpp
[2.980s] -- Found PythonInterp: /usr/bin/python3 (found suitable version "3.10.12", minimum required is "3.6") 
[2.988s] -- Found python_cmake_module: 0.10.0 (/opt/ros/humble/share/python_cmake_module/cmake)
[3.251s] -- Found PythonLibs: /usr/lib/x86_64-linux-gnu/libpython3.10.so (found suitable version "3.10.12", minimum required is "3.5") 
[3.251s] -- Using PYTHON_EXECUTABLE: /usr/bin/python3
[3.251s] -- Using PYTHON_INCLUDE_DIRS: /usr/include/python3.10
[3.251s] -- Using PYTHON_LIBRARIES: /usr/lib/x86_64-linux-gnu/libpython3.10.so
[3.274s] -- Found PythonExtra: .so  
[3.416s] -- Found ament_lint_auto: 0.12.15 (/opt/ros/humble/share/ament_lint_auto/cmake)
[3.490s] -- Added test 'lint_cmake' to check CMake code style
[3.494s] -- Added test 'xmllint' to check XML markup files
[3.500s] -- Configuring done
[3.560s] -- Generating done
[3.573s] -- Build files have been written to: /home/zqc/ros2_ws/src/portfolio/ROS2/face_detection/build/face_detection_interface
[3.581s] Invoked command in '/home/zqc/ros2_ws/src/portfolio/ROS2/face_detection/build/face_detection_interface' returned '0': CMAKE_PREFIX_PATH=${CMAKE_PREFIX_PATH}:/home/zqc/ros2_ws/install/urdf_tutorial:/home/zqc/ros2_ws/install/launch_testing_examples:/home/zqc/ros2_ws/install/examples_rclpy_pointcloud_publisher:/home/zqc/ros2_ws/install/examples_rclpy_minimal_subscriber:/home/zqc/ros2_ws/install/examples_rclpy_minimal_service:/home/zqc/ros2_ws/install/examples_rclpy_minimal_publisher:/home/zqc/ros2_ws/install/examples_rclpy_minimal_client:/home/zqc/ros2_ws/install/examples_rclpy_minimal_action_server:/home/zqc/ros2_ws/install/examples_rclpy_minimal_action_client:/home/zqc/ros2_ws/install/examples_rclpy_guard_conditions:/home/zqc/ros2_ws/install/examples_rclpy_executors:/home/zqc/ros2_ws/install/examples_rclcpp_multithreaded_executor:/home/zqc/ros2_ws/install/examples_rclcpp_minimal_timer:/home/zqc/ros2_ws/install/examples_rclcpp_minimal_subscriber:/home/zqc/ros2_ws/install/examples_rclcpp_minimal_publisher:/home/zqc/ros2_ws/install/examples_rclcpp_cbg_executor:/home/zqc/ros2_ws/install/cpp_pubsub:/home/zqc/ros2_ws/install/cpp_parameters:/home/zqc/ros2_ws/src/install/launch_testing_examples:/home/zqc/ros2_ws/src/install/examples_rclpy_pointcloud_publisher:/home/zqc/ros2_ws/src/install/examples_rclpy_minimal_subscriber:/home/zqc/ros2_ws/src/install/examples_rclpy_minimal_service:/home/zqc/ros2_ws/src/install/examples_rclpy_minimal_publisher:/home/zqc/ros2_ws/src/install/examples_rclpy_minimal_client:/home/zqc/ros2_ws/src/install/examples_rclpy_minimal_action_server:/home/zqc/ros2_ws/src/install/examples_rclpy_minimal_action_client:/home/zqc/ros2_ws/src/install/examples_rclpy_guard_conditions:/home/zqc/ros2_ws/src/install/examples_rclpy_executors:/opt/ros/humble /usr/bin/cmake /home/zqc/ros2_ws/src/portfolio/ROS2/face_detection/src/face_detection_interface -DCMAKE_INSTALL_PREFIX=/home/zqc/ros2_ws/src/portfolio/ROS2/face_detection/install/face_detection_interface
[3.584s] Invoking command in '/home/zqc/ros2_ws/src/portfolio/ROS2/face_detection/build/face_detection_interface': CMAKE_PREFIX_PATH=${CMAKE_PREFIX_PATH}:/home/zqc/ros2_ws/install/urdf_tutorial:/home/zqc/ros2_ws/install/launch_testing_examples:/home/zqc/ros2_ws/install/examples_rclpy_pointcloud_publisher:/home/zqc/ros2_ws/install/examples_rclpy_minimal_subscriber:/home/zqc/ros2_ws/install/examples_rclpy_minimal_service:/home/zqc/ros2_ws/install/examples_rclpy_minimal_publisher:/home/zqc/ros2_ws/install/examples_rclpy_minimal_client:/home/zqc/ros2_ws/install/examples_rclpy_minimal_action_server:/home/zqc/ros2_ws/install/examples_rclpy_minimal_action_client:/home/zqc/ros2_ws/install/examples_rclpy_guard_conditions:/home/zqc/ros2_ws/install/examples_rclpy_executors:/home/zqc/ros2_ws/install/examples_rclcpp_multithreaded_executor:/home/zqc/ros2_ws/install/examples_rclcpp_minimal_timer:/home/zqc/ros2_ws/install/examples_rclcpp_minimal_subscriber:/home/zqc/ros2_ws/install/examples_rclcpp_minimal_publisher:/home/zqc/ros2_ws/install/examples_rclcpp_cbg_executor:/home/zqc/ros2_ws/install/cpp_pubsub:/home/zqc/ros2_ws/install/cpp_parameters:/home/zqc/ros2_ws/src/install/launch_testing_examples:/home/zqc/ros2_ws/src/install/examples_rclpy_pointcloud_publisher:/home/zqc/ros2_ws/src/install/examples_rclpy_minimal_subscriber:/home/zqc/ros2_ws/src/install/examples_rclpy_minimal_service:/home/zqc/ros2_ws/src/install/examples_rclpy_minimal_publisher:/home/zqc/ros2_ws/src/install/examples_rclpy_minimal_client:/home/zqc/ros2_ws/src/install/examples_rclpy_minimal_action_server:/home/zqc/ros2_ws/src/install/examples_rclpy_minimal_action_client:/home/zqc/ros2_ws/src/install/examples_rclpy_guard_conditions:/home/zqc/ros2_ws/src/install/examples_rclpy_executors:/opt/ros/humble /usr/bin/cmake --build /home/zqc/ros2_ws/src/portfolio/ROS2/face_detection/build/face_detection_interface -- -j16 -l16
[3.624s] [  3%] [34m[1mGenerating C code for ROS interfaces[0m
[3.635s] [  6%] [34m[1mGenerating C++ code for ROS interfaces[0m
[3.644s] [  6%] Built target ament_cmake_python_copy_face_detection_interface
[3.890s] [  6%] Built target face_detection_interface__cpp
[3.892s] [  9%] [32mBuilding C object CMakeFiles/face_detection_interface__rosidl_generator_c.dir/rosidl_generator_c/face_detection_interface/srv/detail/face_detector__functions.c.o[0m
[3.897s] running egg_info
[3.898s] creating face_detection_interface.egg-info
[3.900s] writing face_detection_interface.egg-info/PKG-INFO
[3.900s] writing dependency_links to face_detection_interface.egg-info/dependency_links.txt
[3.900s] writing top-level names to face_detection_interface.egg-info/top_level.txt
[3.900s] writing manifest file 'face_detection_interface.egg-info/SOURCES.txt'
[3.902s] [ 16%] [34m[1mGenerating C++ type support dispatch for ROS interfaces[0m
[3.902s] [ 16%] [34m[1mGenerating C++ introspection for ROS interfaces[0m
[3.903s] [ 19%] [34m[1mGenerating C++ type support for eProsima Fast-RTPS[0m
[3.903s] reading manifest file 'face_detection_interface.egg-info/SOURCES.txt'
[3.904s] writing manifest file 'face_detection_interface.egg-info/SOURCES.txt'
[3.935s] [ 19%] Built target ament_cmake_python_build_face_detection_interface_egg
[3.985s] [ 22%] [32m[1mLinking C shared library libface_detection_interface__rosidl_generator_c.so[0m
[4.076s] [ 22%] Built target face_detection_interface__rosidl_generator_c
[4.088s] [ 32%] [34m[1mGenerating C type support for eProsima Fast-RTPS[0m
[4.088s] [ 32%] [34m[1mGenerating C type support dispatch for ROS interfaces[0m
[4.088s] [ 32%] [34m[1mGenerating C introspection for ROS interfaces[0m
[4.154s] [ 35%] [32mBuilding CXX object CMakeFiles/face_detection_interface__rosidl_typesupport_cpp.dir/rosidl_typesupport_cpp/face_detection_interface/srv/face_detector__type_support.cpp.o[0m
[4.157s] [ 38%] [32mBuilding CXX object CMakeFiles/face_detection_interface__rosidl_typesupport_introspection_cpp.dir/rosidl_typesupport_introspection_cpp/face_detection_interface/srv/detail/face_detector__type_support.cpp.o[0m
[4.200s] [ 41%] [32mBuilding CXX object CMakeFiles/face_detection_interface__rosidl_typesupport_fastrtps_cpp.dir/rosidl_typesupport_fastrtps_cpp/face_detection_interface/srv/detail/dds_fastrtps/face_detector__type_support.cpp.o[0m
[4.341s] [ 45%] [32mBuilding CXX object CMakeFiles/face_detection_interface__rosidl_typesupport_c.dir/rosidl_typesupport_c/face_detection_interface/srv/face_detector__type_support.cpp.o[0m
[4.389s] [ 48%] [32m[1mLinking CXX shared library libface_detection_interface__rosidl_typesupport_c.so[0m
[4.410s] [ 51%] [32mBuilding CXX object CMakeFiles/face_detection_interface__rosidl_typesupport_fastrtps_c.dir/rosidl_typesupport_fastrtps_c/face_detection_interface/srv/detail/face_detector__type_support_c.cpp.o[0m
[4.410s] [ 54%] [32mBuilding C object CMakeFiles/face_detection_interface__rosidl_typesupport_introspection_c.dir/rosidl_typesupport_introspection_c/face_detection_interface/srv/detail/face_detector__type_support.c.o[0m
[4.463s] [ 58%] [32m[1mLinking C shared library libface_detection_interface__rosidl_typesupport_introspection_c.so[0m
[4.477s] [ 61%] [32m[1mLinking CXX shared library libface_detection_interface__rosidl_typesupport_cpp.so[0m
[4.492s] [ 61%] Built target face_detection_interface__rosidl_typesupport_c
[4.557s] [ 61%] Built target face_detection_interface__rosidl_typesupport_introspection_c
[4.579s] [ 61%] Built target face_detection_interface__rosidl_typesupport_cpp
[4.642s] [ 64%] [32m[1mLinking CXX shared library libface_detection_interface__rosidl_typesupport_introspection_cpp.so[0m
[4.691s] [ 67%] [32m[1mLinking CXX shared library libface_detection_interface__rosidl_typesupport_fastrtps_cpp.so[0m
[4.731s] [ 70%] [32m[1mLinking CXX shared library libface_detection_interface__rosidl_typesupport_fastrtps_c.so[0m
[4.771s] [ 70%] Built target face_detection_interface__rosidl_typesupport_introspection_cpp
[4.815s] [ 70%] Built target face_detection_interface__rosidl_typesupport_fastrtps_cpp
[4.851s] [ 70%] Built target face_detection_interface__rosidl_typesupport_fastrtps_c
[4.873s] [ 70%] Built target face_detection_interface
[4.896s] [ 74%] [34m[1mGenerating Python code for ROS interfaces[0m
[5.210s] [ 74%] Built target face_detection_interface__py
[5.232s] [ 77%] [32mBuilding C object CMakeFiles/face_detection_interface__rosidl_generator_py.dir/rosidl_generator_py/face_detection_interface/srv/_face_detector_s.c.o[0m
[5.399s] [ 80%] [32m[1mLinking C shared library rosidl_generator_py/face_detection_interface/libface_detection_interface__rosidl_generator_py.so[0m
[5.491s] [ 80%] Built target face_detection_interface__rosidl_generator_py
[5.513s] [ 90%] [32mBuilding C object CMakeFiles/face_detection_interface__rosidl_typesupport_fastrtps_c__pyext.dir/rosidl_generator_py/face_detection_interface/_face_detection_interface_s.ep.rosidl_typesupport_fastrtps_c.c.o[0m
[5.513s] [ 90%] [32mBuilding C object CMakeFiles/face_detection_interface__rosidl_typesupport_c__pyext.dir/rosidl_generator_py/face_detection_interface/_face_detection_interface_s.ep.rosidl_typesupport_c.c.o[0m
[5.513s] [ 90%] [32mBuilding C object CMakeFiles/face_detection_interface__rosidl_typesupport_introspection_c__pyext.dir/rosidl_generator_py/face_detection_interface/_face_detection_interface_s.ep.rosidl_typesupport_introspection_c.c.o[0m
[5.609s] [ 96%] [32m[1mLinking C shared library rosidl_generator_py/face_detection_interface/face_detection_interface_s__rosidl_typesupport_c.cpython-310-x86_64-linux-gnu.so[0m
[5.609s] [ 96%] [32m[1mLinking C shared library rosidl_generator_py/face_detection_interface/face_detection_interface_s__rosidl_typesupport_introspection_c.cpython-310-x86_64-linux-gnu.so[0m
[5.612s] [100%] [32m[1mLinking C shared library rosidl_generator_py/face_detection_interface/face_detection_interface_s__rosidl_typesupport_fastrtps_c.cpython-310-x86_64-linux-gnu.so[0m
[5.684s] [100%] Built target face_detection_interface__rosidl_typesupport_c__pyext
[5.685s] [100%] Built target face_detection_interface__rosidl_typesupport_introspection_c__pyext
[5.701s] [100%] Built target face_detection_interface__rosidl_typesupport_fastrtps_c__pyext
[5.713s] Invoked command in '/home/zqc/ros2_ws/src/portfolio/ROS2/face_detection/build/face_detection_interface' returned '0': CMAKE_PREFIX_PATH=${CMAKE_PREFIX_PATH}:/home/zqc/ros2_ws/install/urdf_tutorial:/home/zqc/ros2_ws/install/launch_testing_examples:/home/zqc/ros2_ws/install/examples_rclpy_pointcloud_publisher:/home/zqc/ros2_ws/install/examples_rclpy_minimal_subscriber:/home/zqc/ros2_ws/install/examples_rclpy_minimal_service:/home/zqc/ros2_ws/install/examples_rclpy_minimal_publisher:/home/zqc/ros2_ws/install/examples_rclpy_minimal_client:/home/zqc/ros2_ws/install/examples_rclpy_minimal_action_server:/home/zqc/ros2_ws/install/examples_rclpy_minimal_action_client:/home/zqc/ros2_ws/install/examples_rclpy_guard_conditions:/home/zqc/ros2_ws/install/examples_rclpy_executors:/home/zqc/ros2_ws/install/examples_rclcpp_multithreaded_executor:/home/zqc/ros2_ws/install/examples_rclcpp_minimal_timer:/home/zqc/ros2_ws/install/examples_rclcpp_minimal_subscriber:/home/zqc/ros2_ws/install/examples_rclcpp_minimal_publisher:/home/zqc/ros2_ws/install/examples_rclcpp_cbg_executor:/home/zqc/ros2_ws/install/cpp_pubsub:/home/zqc/ros2_ws/install/cpp_parameters:/home/zqc/ros2_ws/src/install/launch_testing_examples:/home/zqc/ros2_ws/src/install/examples_rclpy_pointcloud_publisher:/home/zqc/ros2_ws/src/install/examples_rclpy_minimal_subscriber:/home/zqc/ros2_ws/src/install/examples_rclpy_minimal_service:/home/zqc/ros2_ws/src/install/examples_rclpy_minimal_publisher:/home/zqc/ros2_ws/src/install/examples_rclpy_minimal_client:/home/zqc/ros2_ws/src/install/examples_rclpy_minimal_action_server:/home/zqc/ros2_ws/src/install/examples_rclpy_minimal_action_client:/home/zqc/ros2_ws/src/install/examples_rclpy_guard_conditions:/home/zqc/ros2_ws/src/install/examples_rclpy_executors:/opt/ros/humble /usr/bin/cmake --build /home/zqc/ros2_ws/src/portfolio/ROS2/face_detection/build/face_detection_interface -- -j16 -l16
[5.724s] Invoking command in '/home/zqc/ros2_ws/src/portfolio/ROS2/face_detection/build/face_detection_interface': CMAKE_PREFIX_PATH=${CMAKE_PREFIX_PATH}:/home/zqc/ros2_ws/install/urdf_tutorial:/home/zqc/ros2_ws/install/launch_testing_examples:/home/zqc/ros2_ws/install/examples_rclpy_pointcloud_publisher:/home/zqc/ros2_ws/install/examples_rclpy_minimal_subscriber:/home/zqc/ros2_ws/install/examples_rclpy_minimal_service:/home/zqc/ros2_ws/install/examples_rclpy_minimal_publisher:/home/zqc/ros2_ws/install/examples_rclpy_minimal_client:/home/zqc/ros2_ws/install/examples_rclpy_minimal_action_server:/home/zqc/ros2_ws/install/examples_rclpy_minimal_action_client:/home/zqc/ros2_ws/install/examples_rclpy_guard_conditions:/home/zqc/ros2_ws/install/examples_rclpy_executors:/home/zqc/ros2_ws/install/examples_rclcpp_multithreaded_executor:/home/zqc/ros2_ws/install/examples_rclcpp_minimal_timer:/home/zqc/ros2_ws/install/examples_rclcpp_minimal_subscriber:/home/zqc/ros2_ws/install/examples_rclcpp_minimal_publisher:/home/zqc/ros2_ws/install/examples_rclcpp_cbg_executor:/home/zqc/ros2_ws/install/cpp_pubsub:/home/zqc/ros2_ws/install/cpp_parameters:/home/zqc/ros2_ws/src/install/launch_testing_examples:/home/zqc/ros2_ws/src/install/examples_rclpy_pointcloud_publisher:/home/zqc/ros2_ws/src/install/examples_rclpy_minimal_subscriber:/home/zqc/ros2_ws/src/install/examples_rclpy_minimal_service:/home/zqc/ros2_ws/src/install/examples_rclpy_minimal_publisher:/home/zqc/ros2_ws/src/install/examples_rclpy_minimal_client:/home/zqc/ros2_ws/src/install/examples_rclpy_minimal_action_server:/home/zqc/ros2_ws/src/install/examples_rclpy_minimal_action_client:/home/zqc/ros2_ws/src/install/examples_rclpy_guard_conditions:/home/zqc/ros2_ws/src/install/examples_rclpy_executors:/opt/ros/humble /usr/bin/cmake --install /home/zqc/ros2_ws/src/portfolio/ROS2/face_detection/build/face_detection_interface
[5.732s] -- Install configuration: ""
[5.733s] -- Installing: /home/zqc/ros2_ws/src/portfolio/ROS2/face_detection/install/face_detection_interface/share/ament_index/resource_index/rosidl_interfaces/face_detection_interface
[5.733s] -- Installing: /home/zqc/ros2_ws/src/portfolio/ROS2/face_detection/install/face_detection_interface/include/face_detection_interface/face_detection_interface
[5.734s] -- Installing: /home/zqc/ros2_ws/src/portfolio/ROS2/face_detection/install/face_detection_interface/include/face_detection_interface/face_detection_interface/srv
[5.734s] -- Installing: /home/zqc/ros2_ws/src/portfolio/ROS2/face_detection/install/face_detection_interface/include/face_detection_interface/face_detection_interface/srv/detail
[5.734s] -- Installing: /home/zqc/ros2_ws/src/portfolio/ROS2/face_detection/install/face_detection_interface/include/face_detection_interface/face_detection_interface/srv/detail/face_detector__functions.c
[5.734s] -- Installing: /home/zqc/ros2_ws/src/portfolio/ROS2/face_detection/install/face_detection_interface/include/face_detection_interface/face_detection_interface/srv/detail/face_detector__functions.h
[5.735s] -- Installing: /home/zqc/ros2_ws/src/portfolio/ROS2/face_detection/install/face_detection_interface/include/face_detection_interface/face_detection_interface/srv/detail/face_detector__type_support.h
[5.735s] -- Installing: /home/zqc/ros2_ws/src/portfolio/ROS2/face_detection/install/face_detection_interface/include/face_detection_interface/face_detection_interface/srv/detail/face_detector__struct.h
[5.735s] -- Installing: /home/zqc/ros2_ws/src/portfolio/ROS2/face_detection/install/face_detection_interface/include/face_detection_interface/face_detection_interface/srv/face_detector.h
[5.735s] -- Installing: /home/zqc/ros2_ws/src/portfolio/ROS2/face_detection/install/face_detection_interface/include/face_detection_interface/face_detection_interface/msg
[5.735s] -- Installing: /home/zqc/ros2_ws/src/portfolio/ROS2/face_detection/install/face_detection_interface/include/face_detection_interface/face_detection_interface/msg/rosidl_generator_c__visibility_control.h
[5.736s] -- Installing: /home/zqc/ros2_ws/src/portfolio/ROS2/face_detection/install/face_detection_interface/share/face_detection_interface/environment/library_path.sh
[5.736s] -- Installing: /home/zqc/ros2_ws/src/portfolio/ROS2/face_detection/install/face_detection_interface/share/face_detection_interface/environment/library_path.dsv
[5.737s] -- Installing: /home/zqc/ros2_ws/src/portfolio/ROS2/face_detection/install/face_detection_interface/lib/libface_detection_interface__rosidl_generator_c.so
[5.737s] -- Set runtime path of "/home/zqc/ros2_ws/src/portfolio/ROS2/face_detection/install/face_detection_interface/lib/libface_detection_interface__rosidl_generator_c.so" to ""
[5.737s] -- Up-to-date: /home/zqc/ros2_ws/src/portfolio/ROS2/face_detection/install/face_detection_interface/include/face_detection_interface/face_detection_interface
[5.737s] -- Up-to-date: /home/zqc/ros2_ws/src/portfolio/ROS2/face_detection/install/face_detection_interface/include/face_detection_interface/face_detection_interface/srv
[5.737s] -- Up-to-date: /home/zqc/ros2_ws/src/portfolio/ROS2/face_detection/install/face_detection_interface/include/face_detection_interface/face_detection_interface/srv/detail
[5.737s] -- Installing: /home/zqc/ros2_ws/src/portfolio/ROS2/face_detection/install/face_detection_interface/include/face_detection_interface/face_detection_interface/srv/detail/face_detector__rosidl_typesupport_fastrtps_c.h
[5.737s] -- Up-to-date: /home/zqc/ros2_ws/src/portfolio/ROS2/face_detection/install/face_detection_interface/include/face_detection_interface/face_detection_interface/msg
[5.738s] -- Installing: /home/zqc/ros2_ws/src/portfolio/ROS2/face_detection/install/face_detection_interface/include/face_detection_interface/face_detection_interface/msg/rosidl_typesupport_fastrtps_c__visibility_control.h
[5.738s] -- Installing: /home/zqc/ros2_ws/src/portfolio/ROS2/face_detection/install/face_detection_interface/lib/libface_detection_interface__rosidl_typesupport_fastrtps_c.so
[5.738s] -- Set runtime path of "/home/zqc/ros2_ws/src/portfolio/ROS2/face_detection/install/face_detection_interface/lib/libface_detection_interface__rosidl_typesupport_fastrtps_c.so" to ""
[5.738s] -- Up-to-date: /home/zqc/ros2_ws/src/portfolio/ROS2/face_detection/install/face_detection_interface/include/face_detection_interface/face_detection_interface
[5.738s] -- Up-to-date: /home/zqc/ros2_ws/src/portfolio/ROS2/face_detection/install/face_detection_interface/include/face_detection_interface/face_detection_interface/srv
[5.738s] -- Up-to-date: /home/zqc/ros2_ws/src/portfolio/ROS2/face_detection/install/face_detection_interface/include/face_detection_interface/face_detection_interface/srv/detail
[5.738s] -- Installing: /home/zqc/ros2_ws/src/portfolio/ROS2/face_detection/install/face_detection_interface/include/face_detection_interface/face_detection_interface/srv/detail/face_detector__builder.hpp
[5.739s] -- Installing: /home/zqc/ros2_ws/src/portfolio/ROS2/face_detection/install/face_detection_interface/include/face_detection_interface/face_detection_interface/srv/detail/face_detector__type_support.hpp
[5.739s] -- Installing: /home/zqc/ros2_ws/src/portfolio/ROS2/face_detection/install/face_detection_interface/include/face_detection_interface/face_detection_interface/srv/detail/face_detector__struct.hpp
[5.739s] -- Installing: /home/zqc/ros2_ws/src/portfolio/ROS2/face_detection/install/face_detection_interface/include/face_detection_interface/face_detection_interface/srv/detail/face_detector__traits.hpp
[5.739s] -- Installing: /home/zqc/ros2_ws/src/portfolio/ROS2/face_detection/install/face_detection_interface/include/face_detection_interface/face_detection_interface/srv/face_detector.hpp
[5.739s] -- Up-to-date: /home/zqc/ros2_ws/src/portfolio/ROS2/face_detection/install/face_detection_interface/include/face_detection_interface/face_detection_interface/msg
[5.739s] -- Installing: /home/zqc/ros2_ws/src/portfolio/ROS2/face_detection/install/face_detection_interface/include/face_detection_interface/face_detection_interface/msg/rosidl_generator_cpp__visibility_control.hpp
[5.739s] -- Up-to-date: /home/zqc/ros2_ws/src/portfolio/ROS2/face_detection/install/face_detection_interface/include/face_detection_interface/face_detection_interface
[5.739s] -- Up-to-date: /home/zqc/ros2_ws/src/portfolio/ROS2/face_detection/install/face_detection_interface/include/face_detection_interface/face_detection_interface/srv
[5.739s] -- Up-to-date: /home/zqc/ros2_ws/src/portfolio/ROS2/face_detection/install/face_detection_interface/include/face_detection_interface/face_detection_interface/srv/detail
[5.739s] -- Installing: /home/zqc/ros2_ws/src/portfolio/ROS2/face_detection/install/face_detection_interface/include/face_detection_interface/face_detection_interface/srv/detail/dds_fastrtps
[5.740s] -- Installing: /home/zqc/ros2_ws/src/portfolio/ROS2/face_detection/install/face_detection_interface/include/face_detection_interface/face_detection_interface/srv/detail/face_detector__rosidl_typesupport_fastrtps_cpp.hpp
[5.740s] -- Up-to-date: /home/zqc/ros2_ws/src/portfolio/ROS2/face_detection/install/face_detection_interface/include/face_detection_interface/face_detection_interface/msg
[5.740s] -- Installing: /home/zqc/ros2_ws/src/portfolio/ROS2/face_detection/install/face_detection_interface/include/face_detection_interface/face_detection_interface/msg/rosidl_typesupport_fastrtps_cpp__visibility_control.h
[5.740s] -- Installing: /home/zqc/ros2_ws/src/portfolio/ROS2/face_detection/install/face_detection_interface/lib/libface_detection_interface__rosidl_typesupport_fastrtps_cpp.so
[5.740s] -- Set runtime path of "/home/zqc/ros2_ws/src/portfolio/ROS2/face_detection/install/face_detection_interface/lib/libface_detection_interface__rosidl_typesupport_fastrtps_cpp.so" to ""
[5.740s] -- Up-to-date: /home/zqc/ros2_ws/src/portfolio/ROS2/face_detection/install/face_detection_interface/include/face_detection_interface/face_detection_interface
[5.741s] -- Up-to-date: /home/zqc/ros2_ws/src/portfolio/ROS2/face_detection/install/face_detection_interface/include/face_detection_interface/face_detection_interface/srv
[5.741s] -- Up-to-date: /home/zqc/ros2_ws/src/portfolio/ROS2/face_detection/install/face_detection_interface/include/face_detection_interface/face_detection_interface/srv/detail
[5.741s] -- Installing: /home/zqc/ros2_ws/src/portfolio/ROS2/face_detection/install/face_detection_interface/include/face_detection_interface/face_detection_interface/srv/detail/face_detector__type_support.c
[5.741s] -- Installing: /home/zqc/ros2_ws/src/portfolio/ROS2/face_detection/install/face_detection_interface/include/face_detection_interface/face_detection_interface/srv/detail/face_detector__rosidl_typesupport_introspection_c.h
[5.741s] -- Up-to-date: /home/zqc/ros2_ws/src/portfolio/ROS2/face_detection/install/face_detection_interface/include/face_detection_interface/face_detection_interface/msg
[5.741s] -- Installing: /home/zqc/ros2_ws/src/portfolio/ROS2/face_detection/install/face_detection_interface/include/face_detection_interface/face_detection_interface/msg/rosidl_typesupport_introspection_c__visibility_control.h
[5.741s] -- Installing: /home/zqc/ros2_ws/src/portfolio/ROS2/face_detection/install/face_detection_interface/lib/libface_detection_interface__rosidl_typesupport_introspection_c.so
[5.741s] -- Set runtime path of "/home/zqc/ros2_ws/src/portfolio/ROS2/face_detection/install/face_detection_interface/lib/libface_detection_interface__rosidl_typesupport_introspection_c.so" to ""
[5.742s] -- Installing: /home/zqc/ros2_ws/src/portfolio/ROS2/face_detection/install/face_detection_interface/lib/libface_detection_interface__rosidl_typesupport_c.so
[5.742s] -- Set runtime path of "/home/zqc/ros2_ws/src/portfolio/ROS2/face_detection/install/face_detection_interface/lib/libface_detection_interface__rosidl_typesupport_c.so" to ""
[5.742s] -- Up-to-date: /home/zqc/ros2_ws/src/portfolio/ROS2/face_detection/install/face_detection_interface/include/face_detection_interface/face_detection_interface
[5.742s] -- Up-to-date: /home/zqc/ros2_ws/src/portfolio/ROS2/face_detection/install/face_detection_interface/include/face_detection_interface/face_detection_interface/srv
[5.742s] -- Up-to-date: /home/zqc/ros2_ws/src/portfolio/ROS2/face_detection/install/face_detection_interface/include/face_detection_interface/face_detection_interface/srv/detail
[5.742s] -- Installing: /home/zqc/ros2_ws/src/portfolio/ROS2/face_detection/install/face_detection_interface/include/face_detection_interface/face_detection_interface/srv/detail/face_detector__rosidl_typesupport_introspection_cpp.hpp
[5.743s] -- Installing: /home/zqc/ros2_ws/src/portfolio/ROS2/face_detection/install/face_detection_interface/include/face_detection_interface/face_detection_interface/srv/detail/face_detector__type_support.cpp
[5.743s] -- Installing: /home/zqc/ros2_ws/src/portfolio/ROS2/face_detection/install/face_detection_interface/lib/libface_detection_interface__rosidl_typesupport_introspection_cpp.so
[5.743s] -- Set runtime path of "/home/zqc/ros2_ws/src/portfolio/ROS2/face_detection/install/face_detection_interface/lib/libface_detection_interface__rosidl_typesupport_introspection_cpp.so" to ""
[5.743s] -- Installing: /home/zqc/ros2_ws/src/portfolio/ROS2/face_detection/install/face_detection_interface/lib/libface_detection_interface__rosidl_typesupport_cpp.so
[5.744s] -- Set runtime path of "/home/zqc/ros2_ws/src/portfolio/ROS2/face_detection/install/face_detection_interface/lib/libface_detection_interface__rosidl_typesupport_cpp.so" to ""
[5.744s] -- Installing: /home/zqc/ros2_ws/src/portfolio/ROS2/face_detection/install/face_detection_interface/share/face_detection_interface/environment/pythonpath.sh
[5.744s] -- Installing: /home/zqc/ros2_ws/src/portfolio/ROS2/face_detection/install/face_detection_interface/share/face_detection_interface/environment/pythonpath.dsv
[5.744s] -- Installing: /home/zqc/ros2_ws/src/portfolio/ROS2/face_detection/install/face_detection_interface/local/lib/python3.10/dist-packages/face_detection_interface-0.0.0-py3.10.egg-info
[5.745s] -- Installing: /home/zqc/ros2_ws/src/portfolio/ROS2/face_detection/install/face_detection_interface/local/lib/python3.10/dist-packages/face_detection_interface-0.0.0-py3.10.egg-info/dependency_links.txt
[5.746s] -- Installing: /home/zqc/ros2_ws/src/portfolio/ROS2/face_detection/install/face_detection_interface/local/lib/python3.10/dist-packages/face_detection_interface-0.0.0-py3.10.egg-info/PKG-INFO
[5.746s] -- Installing: /home/zqc/ros2_ws/src/portfolio/ROS2/face_detection/install/face_detection_interface/local/lib/python3.10/dist-packages/face_detection_interface-0.0.0-py3.10.egg-info/SOURCES.txt
[5.746s] -- Installing: /home/zqc/ros2_ws/src/portfolio/ROS2/face_detection/install/face_detection_interface/local/lib/python3.10/dist-packages/face_detection_interface-0.0.0-py3.10.egg-info/top_level.txt
[5.746s] -- Installing: /home/zqc/ros2_ws/src/portfolio/ROS2/face_detection/install/face_detection_interface/local/lib/python3.10/dist-packages/face_detection_interface
[5.746s] -- Installing: /home/zqc/ros2_ws/src/portfolio/ROS2/face_detection/install/face_detection_interface/local/lib/python3.10/dist-packages/face_detection_interface/face_detection_interface_s__rosidl_typesupport_introspection_c.cpython-310-x86_64-linux-gnu.so
[5.747s] -- Installing: /home/zqc/ros2_ws/src/portfolio/ROS2/face_detection/install/face_detection_interface/local/lib/python3.10/dist-packages/face_detection_interface/_face_detection_interface_s.ep.rosidl_typesupport_c.c
[5.747s] -- Installing: /home/zqc/ros2_ws/src/portfolio/ROS2/face_detection/install/face_detection_interface/local/lib/python3.10/dist-packages/face_detection_interface/_face_detection_interface_s.ep.rosidl_typesupport_introspection_c.c
[5.747s] -- Installing: /home/zqc/ros2_ws/src/portfolio/ROS2/face_detection/install/face_detection_interface/local/lib/python3.10/dist-packages/face_detection_interface/_face_detection_interface_s.ep.rosidl_typesupport_fastrtps_c.c
[5.747s] -- Installing: /home/zqc/ros2_ws/src/portfolio/ROS2/face_detection/install/face_detection_interface/local/lib/python3.10/dist-packages/face_detection_interface/__init__.py
[5.747s] -- Installing: /home/zqc/ros2_ws/src/portfolio/ROS2/face_detection/install/face_detection_interface/local/lib/python3.10/dist-packages/face_detection_interface/srv
[5.747s] -- Installing: /home/zqc/ros2_ws/src/portfolio/ROS2/face_detection/install/face_detection_interface/local/lib/python3.10/dist-packages/face_detection_interface/srv/_face_detector.py
[5.747s] -- Installing: /home/zqc/ros2_ws/src/portfolio/ROS2/face_detection/install/face_detection_interface/local/lib/python3.10/dist-packages/face_detection_interface/srv/__init__.py
[5.748s] -- Installing: /home/zqc/ros2_ws/src/portfolio/ROS2/face_detection/install/face_detection_interface/local/lib/python3.10/dist-packages/face_detection_interface/srv/_face_detector_s.c
[5.748s] -- Installing: /home/zqc/ros2_ws/src/portfolio/ROS2/face_detection/install/face_detection_interface/local/lib/python3.10/dist-packages/face_detection_interface/face_detection_interface_s__rosidl_typesupport_c.cpython-310-x86_64-linux-gnu.so
[5.748s] -- Installing: /home/zqc/ros2_ws/src/portfolio/ROS2/face_detection/install/face_detection_interface/local/lib/python3.10/dist-packages/face_detection_interface/libface_detection_interface__rosidl_generator_py.so
[5.748s] -- Installing: /home/zqc/ros2_ws/src/portfolio/ROS2/face_detection/install/face_detection_interface/local/lib/python3.10/dist-packages/face_detection_interface/face_detection_interface_s__rosidl_typesupport_fastrtps_c.cpython-310-x86_64-linux-gnu.so
[5.789s] Listing '/home/zqc/ros2_ws/src/portfolio/ROS2/face_detection/install/face_detection_interface/local/lib/python3.10/dist-packages/face_detection_interface'...
[5.789s] Compiling '/home/zqc/ros2_ws/src/portfolio/ROS2/face_detection/install/face_detection_interface/local/lib/python3.10/dist-packages/face_detection_interface/__init__.py'...
[5.789s] Listing '/home/zqc/ros2_ws/src/portfolio/ROS2/face_detection/install/face_detection_interface/local/lib/python3.10/dist-packages/face_detection_interface/srv'...
[5.789s] Compiling '/home/zqc/ros2_ws/src/portfolio/ROS2/face_detection/install/face_detection_interface/local/lib/python3.10/dist-packages/face_detection_interface/srv/__init__.py'...
[5.789s] Compiling '/home/zqc/ros2_ws/src/portfolio/ROS2/face_detection/install/face_detection_interface/local/lib/python3.10/dist-packages/face_detection_interface/srv/_face_detector.py'...
[5.793s] -- Installing: /home/zqc/ros2_ws/src/portfolio/ROS2/face_detection/install/face_detection_interface/local/lib/python3.10/dist-packages/face_detection_interface/face_detection_interface_s__rosidl_typesupport_fastrtps_c.cpython-310-x86_64-linux-gnu.so
[5.793s] -- Set runtime path of "/home/zqc/ros2_ws/src/portfolio/ROS2/face_detection/install/face_detection_interface/local/lib/python3.10/dist-packages/face_detection_interface/face_detection_interface_s__rosidl_typesupport_fastrtps_c.cpython-310-x86_64-linux-gnu.so" to ""
[5.793s] -- Installing: /home/zqc/ros2_ws/src/portfolio/ROS2/face_detection/install/face_detection_interface/local/lib/python3.10/dist-packages/face_detection_interface/face_detection_interface_s__rosidl_typesupport_introspection_c.cpython-310-x86_64-linux-gnu.so
[5.794s] -- Set runtime path of "/home/zqc/ros2_ws/src/portfolio/ROS2/face_detection/install/face_detection_interface/local/lib/python3.10/dist-packages/face_detection_interface/face_detection_interface_s__rosidl_typesupport_introspection_c.cpython-310-x86_64-linux-gnu.so" to ""
[5.794s] -- Installing: /home/zqc/ros2_ws/src/portfolio/ROS2/face_detection/install/face_detection_interface/local/lib/python3.10/dist-packages/face_detection_interface/face_detection_interface_s__rosidl_typesupport_c.cpython-310-x86_64-linux-gnu.so
[5.794s] -- Set runtime path of "/home/zqc/ros2_ws/src/portfolio/ROS2/face_detection/install/face_detection_interface/local/lib/python3.10/dist-packages/face_detection_interface/face_detection_interface_s__rosidl_typesupport_c.cpython-310-x86_64-linux-gnu.so" to ""
[5.794s] -- Installing: /home/zqc/ros2_ws/src/portfolio/ROS2/face_detection/install/face_detection_interface/lib/libface_detection_interface__rosidl_generator_py.so
[5.795s] -- Set runtime path of "/home/zqc/ros2_ws/src/portfolio/ROS2/face_detection/install/face_detection_interface/lib/libface_detection_interface__rosidl_generator_py.so" to ""
[5.795s] -- Installing: /home/zqc/ros2_ws/src/portfolio/ROS2/face_detection/install/face_detection_interface/share/face_detection_interface/srv/FaceDetector.idl
[5.795s] -- Installing: /home/zqc/ros2_ws/src/portfolio/ROS2/face_detection/install/face_detection_interface/share/face_detection_interface/srv/FaceDetector.srv
[5.796s] -- Installing: /home/zqc/ros2_ws/src/portfolio/ROS2/face_detection/install/face_detection_interface/share/face_detection_interface/srv/FaceDetector_Request.msg
[5.796s] -- Installing: /home/zqc/ros2_ws/src/portfolio/ROS2/face_detection/install/face_detection_interface/share/face_detection_interface/srv/FaceDetector_Response.msg
[5.796s] -- Installing: /home/zqc/ros2_ws/src/portfolio/ROS2/face_detection/install/face_detection_interface/share/ament_index/resource_index/package_run_dependencies/face_detection_interface
[5.797s] -- Installing: /home/zqc/ros2_ws/src/portfolio/ROS2/face_detection/install/face_detection_interface/share/ament_index/resource_index/parent_prefix_path/face_detection_interface
[5.797s] -- Installing: /home/zqc/ros2_ws/src/portfolio/ROS2/face_detection/install/face_detection_interface/share/face_detection_interface/environment/ament_prefix_path.sh
[5.797s] -- Installing: /home/zqc/ros2_ws/src/portfolio/ROS2/face_detection/install/face_detection_interface/share/face_detection_interface/environment/ament_prefix_path.dsv
[5.797s] -- Installing: /home/zqc/ros2_ws/src/portfolio/ROS2/face_detection/install/face_detection_interface/share/face_detection_interface/environment/path.sh
[5.798s] -- Installing: /home/zqc/ros2_ws/src/portfolio/ROS2/face_detection/install/face_detection_interface/share/face_detection_interface/environment/path.dsv
[5.798s] -- Installing: /home/zqc/ros2_ws/src/portfolio/ROS2/face_detection/install/face_detection_interface/share/face_detection_interface/local_setup.bash
[5.798s] -- Installing: /home/zqc/ros2_ws/src/portfolio/ROS2/face_detection/install/face_detection_interface/share/face_detection_interface/local_setup.sh
[5.798s] -- Installing: /home/zqc/ros2_ws/src/portfolio/ROS2/face_detection/install/face_detection_interface/share/face_detection_interface/local_setup.zsh
[5.798s] -- Installing: /home/zqc/ros2_ws/src/portfolio/ROS2/face_detection/install/face_detection_interface/share/face_detection_interface/local_setup.dsv
[5.798s] -- Installing: /home/zqc/ros2_ws/src/portfolio/ROS2/face_detection/install/face_detection_interface/share/face_detection_interface/package.dsv
[5.799s] -- Installing: /home/zqc/ros2_ws/src/portfolio/ROS2/face_detection/install/face_detection_interface/share/ament_index/resource_index/packages/face_detection_interface
[5.799s] -- Installing: /home/zqc/ros2_ws/src/portfolio/ROS2/face_detection/install/face_detection_interface/share/face_detection_interface/cmake/export_face_detection_interface__rosidl_generator_cExport.cmake
[5.799s] -- Installing: /home/zqc/ros2_ws/src/portfolio/ROS2/face_detection/install/face_detection_interface/share/face_detection_interface/cmake/export_face_detection_interface__rosidl_generator_cExport-noconfig.cmake
[5.799s] -- Installing: /home/zqc/ros2_ws/src/portfolio/ROS2/face_detection/install/face_detection_interface/share/face_detection_interface/cmake/export_face_detection_interface__rosidl_typesupport_fastrtps_cExport.cmake
[5.799s] -- Installing: /home/zqc/ros2_ws/src/portfolio/ROS2/face_detection/install/face_detection_interface/share/face_detection_interface/cmake/export_face_detection_interface__rosidl_typesupport_fastrtps_cExport-noconfig.cmake
[5.800s] -- Installing: /home/zqc/ros2_ws/src/portfolio/ROS2/face_detection/install/face_detection_interface/share/face_detection_interface/cmake/export_face_detection_interface__rosidl_generator_cppExport.cmake
[5.800s] -- Installing: /home/zqc/ros2_ws/src/portfolio/ROS2/face_detection/install/face_detection_interface/share/face_detection_interface/cmake/export_face_detection_interface__rosidl_typesupport_fastrtps_cppExport.cmake
[5.800s] -- Installing: /home/zqc/ros2_ws/src/portfolio/ROS2/face_detection/install/face_detection_interface/share/face_detection_interface/cmake/export_face_detection_interface__rosidl_typesupport_fastrtps_cppExport-noconfig.cmake
[5.800s] -- Installing: /home/zqc/ros2_ws/src/portfolio/ROS2/face_detection/install/face_detection_interface/share/face_detection_interface/cmake/face_detection_interface__rosidl_typesupport_introspection_cExport.cmake
[5.800s] -- Installing: /home/zqc/ros2_ws/src/portfolio/ROS2/face_detection/install/face_detection_interface/share/face_detection_interface/cmake/face_detection_interface__rosidl_typesupport_introspection_cExport-noconfig.cmake
[5.801s] -- Installing: /home/zqc/ros2_ws/src/portfolio/ROS2/face_detection/install/face_detection_interface/share/face_detection_interface/cmake/face_detection_interface__rosidl_typesupport_cExport.cmake
[5.801s] -- Installing: /home/zqc/ros2_ws/src/portfolio/ROS2/face_detection/install/face_detection_interface/share/face_detection_interface/cmake/face_detection_interface__rosidl_typesupport_cExport-noconfig.cmake
[5.801s] -- Installing: /home/zqc/ros2_ws/src/portfolio/ROS2/face_detection/install/face_detection_interface/share/face_detection_interface/cmake/face_detection_interface__rosidl_typesupport_introspection_cppExport.cmake
[5.801s] -- Installing: /home/zqc/ros2_ws/src/portfolio/ROS2/face_detection/install/face_detection_interface/share/face_detection_interface/cmake/face_detection_interface__rosidl_typesupport_introspection_cppExport-noconfig.cmake
[5.801s] -- Installing: /home/zqc/ros2_ws/src/portfolio/ROS2/face_detection/install/face_detection_interface/share/face_detection_interface/cmake/face_detection_interface__rosidl_typesupport_cppExport.cmake
[5.801s] -- Installing: /home/zqc/ros2_ws/src/portfolio/ROS2/face_detection/install/face_detection_interface/share/face_detection_interface/cmake/face_detection_interface__rosidl_typesupport_cppExport-noconfig.cmake
[5.802s] -- Installing: /home/zqc/ros2_ws/src/portfolio/ROS2/face_detection/install/face_detection_interface/share/face_detection_interface/cmake/export_face_detection_interface__rosidl_generator_pyExport.cmake
[5.802s] -- Installing: /home/zqc/ros2_ws/src/portfolio/ROS2/face_detection/install/face_detection_interface/share/face_detection_interface/cmake/export_face_detection_interface__rosidl_generator_pyExport-noconfig.cmake
[5.802s] -- Installing: /home/zqc/ros2_ws/src/portfolio/ROS2/face_detection/install/face_detection_interface/share/face_detection_interface/cmake/rosidl_cmake-extras.cmake
[5.802s] -- Installing: /home/zqc/ros2_ws/src/portfolio/ROS2/face_detection/install/face_detection_interface/share/face_detection_interface/cmake/ament_cmake_export_dependencies-extras.cmake
[5.802s] -- Installing: /home/zqc/ros2_ws/src/portfolio/ROS2/face_detection/install/face_detection_interface/share/face_detection_interface/cmake/ament_cmake_export_include_directories-extras.cmake
[5.803s] -- Installing: /home/zqc/ros2_ws/src/portfolio/ROS2/face_detection/install/face_detection_interface/share/face_detection_interface/cmake/ament_cmake_export_libraries-extras.cmake
[5.803s] -- Installing: /home/zqc/ros2_ws/src/portfolio/ROS2/face_detection/install/face_detection_interface/share/face_detection_interface/cmake/ament_cmake_export_targets-extras.cmake
[5.803s] -- Installing: /home/zqc/ros2_ws/src/portfolio/ROS2/face_detection/install/face_detection_interface/share/face_detection_interface/cmake/rosidl_cmake_export_typesupport_targets-extras.cmake
[5.803s] -- Installing: /home/zqc/ros2_ws/src/portfolio/ROS2/face_detection/install/face_detection_interface/share/face_detection_interface/cmake/rosidl_cmake_export_typesupport_libraries-extras.cmake
[5.803s] -- Installing: /home/zqc/ros2_ws/src/portfolio/ROS2/face_detection/install/face_detection_interface/share/face_detection_interface/cmake/face_detection_interfaceConfig.cmake
[5.803s] -- Installing: /home/zqc/ros2_ws/src/portfolio/ROS2/face_detection/install/face_detection_interface/share/face_detection_interface/cmake/face_detection_interfaceConfig-version.cmake
[5.803s] -- Installing: /home/zqc/ros2_ws/src/portfolio/ROS2/face_detection/install/face_detection_interface/share/face_detection_interface/package.xml
[5.806s] Invoked command in '/home/zqc/ros2_ws/src/portfolio/ROS2/face_detection/build/face_detection_interface' returned '0': CMAKE_PREFIX_PATH=${CMAKE_PREFIX_PATH}:/home/zqc/ros2_ws/install/urdf_tutorial:/home/zqc/ros2_ws/install/launch_testing_examples:/home/zqc/ros2_ws/install/examples_rclpy_pointcloud_publisher:/home/zqc/ros2_ws/install/examples_rclpy_minimal_subscriber:/home/zqc/ros2_ws/install/examples_rclpy_minimal_service:/home/zqc/ros2_ws/install/examples_rclpy_minimal_publisher:/home/zqc/ros2_ws/install/examples_rclpy_minimal_client:/home/zqc/ros2_ws/install/examples_rclpy_minimal_action_server:/home/zqc/ros2_ws/install/examples_rclpy_minimal_action_client:/home/zqc/ros2_ws/install/examples_rclpy_guard_conditions:/home/zqc/ros2_ws/install/examples_rclpy_executors:/home/zqc/ros2_ws/install/examples_rclcpp_multithreaded_executor:/home/zqc/ros2_ws/install/examples_rclcpp_minimal_timer:/home/zqc/ros2_ws/install/examples_rclcpp_minimal_subscriber:/home/zqc/ros2_ws/install/examples_rclcpp_minimal_publisher:/home/zqc/ros2_ws/install/examples_rclcpp_cbg_executor:/home/zqc/ros2_ws/install/cpp_pubsub:/home/zqc/ros2_ws/install/cpp_parameters:/home/zqc/ros2_ws/src/install/launch_testing_examples:/home/zqc/ros2_ws/src/install/examples_rclpy_pointcloud_publisher:/home/zqc/ros2_ws/src/install/examples_rclpy_minimal_subscriber:/home/zqc/ros2_ws/src/install/examples_rclpy_minimal_service:/home/zqc/ros2_ws/src/install/examples_rclpy_minimal_publisher:/home/zqc/ros2_ws/src/install/examples_rclpy_minimal_client:/home/zqc/ros2_ws/src/install/examples_rclpy_minimal_action_server:/home/zqc/ros2_ws/src/install/examples_rclpy_minimal_action_client:/home/zqc/ros2_ws/src/install/examples_rclpy_guard_conditions:/home/zqc/ros2_ws/src/install/examples_rclpy_executors:/opt/ros/humble /usr/bin/cmake --install /home/zqc/ros2_ws/src/portfolio/ROS2/face_detection/build/face_detection_interface
