[0.270s] DEBUG:colcon:Command line arguments: ['/usr/bin/colcon', 'build']
[0.270s] DEBUG:colcon:Parsed command line arguments: Namespace(log_base=None, log_level=None, verb_name='build', build_base='build', install_base='install', merge_install=False, symlink_install=False, test_result_base=None, continue_on_error=False, executor='parallel', parallel_workers=16, event_handlers=None, ignore_user_meta=False, metas=['./colcon.meta'], base_paths=['.'], packages_ignore=None, packages_ignore_regex=None, paths=None, packages_up_to=None, packages_up_to_regex=None, packages_above=None, packages_above_and_dependencies=None, packages_above_depth=None, packages_select_by_dep=None, packages_skip_by_dep=None, packages_skip_up_to=None, packages_select_build_failed=False, packages_skip_build_finished=False, packages_select_test_failures=False, packages_skip_test_passed=False, packages_select=None, packages_skip=None, packages_select_regex=None, packages_skip_regex=None, packages_start=None, packages_end=None, allow_overriding=[], cmake_args=None, cmake_target=None, cmake_target_skip_unavailable=False, cmake_clean_cache=False, cmake_clean_first=False, cmake_force_configure=False, ament_cmake_args=None, catkin_cmake_args=None, catkin_skip_building_tests=False, verb_parser=<colcon_defaults.argument_parser.defaults.DefaultArgumentsDecorator object at 0x746aa76bf880>, verb_extension=<colcon_core.verb.build.BuildVerb object at 0x746aa7884d00>, main=<bound method BuildVerb.main of <colcon_core.verb.build.BuildVerb object at 0x746aa7884d00>>)
[0.600s] Level 1:colcon.colcon_core.package_discovery:discover_packages(colcon_meta) check parameters
[0.601s] Level 1:colcon.colcon_core.package_discovery:discover_packages(recursive) check parameters
[0.601s] Level 1:colcon.colcon_core.package_discovery:discover_packages(ignore) check parameters
[0.601s] Level 1:colcon.colcon_core.package_discovery:discover_packages(path) check parameters
[0.601s] Level 1:colcon.colcon_core.package_discovery:discover_packages(colcon_meta) discover
[0.601s] Level 1:colcon.colcon_core.package_discovery:discover_packages(recursive) discover
[0.601s] INFO:colcon.colcon_core.package_discovery:Crawling recursively for packages in '/home/zqc/ros2_ws/src/portfolio/ROS2/face_detection'
[0.601s] Level 1:colcon.colcon_core.package_identification:_identify(.) by extensions ['ignore', 'ignore_ament_install']
[0.601s] Level 1:colcon.colcon_core.package_identification:_identify(.) by extension 'ignore'
[0.601s] Level 1:colcon.colcon_core.package_identification:_identify(.) by extension 'ignore_ament_install'
[0.601s] Level 1:colcon.colcon_core.package_identification:_identify(.) by extensions ['colcon_pkg']
[0.601s] Level 1:colcon.colcon_core.package_identification:_identify(.) by extension 'colcon_pkg'
[0.601s] Level 1:colcon.colcon_core.package_identification:_identify(.) by extensions ['colcon_meta']
[0.601s] Level 1:colcon.colcon_core.package_identification:_identify(.) by extension 'colcon_meta'
[0.601s] Level 1:colcon.colcon_core.package_identification:_identify(.) by extensions ['ros']
[0.601s] Level 1:colcon.colcon_core.package_identification:_identify(.) by extension 'ros'
[0.616s] Level 1:colcon.colcon_core.package_identification:_identify(.) by extensions ['cmake', 'python']
[0.616s] Level 1:colcon.colcon_core.package_identification:_identify(.) by extension 'cmake'
[0.616s] Level 1:colcon.colcon_core.package_identification:_identify(.) by extension 'python'
[0.616s] Level 1:colcon.colcon_core.package_identification:_identify(.) by extensions ['python_setup_py']
[0.616s] Level 1:colcon.colcon_core.package_identification:_identify(.) by extension 'python_setup_py'
[0.617s] Level 1:colcon.colcon_core.package_identification:_identify(build) by extensions ['ignore', 'ignore_ament_install']
[0.617s] Level 1:colcon.colcon_core.package_identification:_identify(build) by extension 'ignore'
[0.617s] Level 1:colcon.colcon_core.package_identification:_identify(build) ignored
[0.617s] Level 1:colcon.colcon_core.package_identification:_identify(install) by extensions ['ignore', 'ignore_ament_install']
[0.617s] Level 1:colcon.colcon_core.package_identification:_identify(install) by extension 'ignore'
[0.617s] Level 1:colcon.colcon_core.package_identification:_identify(install) ignored
[0.617s] Level 1:colcon.colcon_core.package_identification:_identify(log) by extensions ['ignore', 'ignore_ament_install']
[0.617s] Level 1:colcon.colcon_core.package_identification:_identify(log) by extension 'ignore'
[0.617s] Level 1:colcon.colcon_core.package_identification:_identify(log) ignored
[0.617s] Level 1:colcon.colcon_core.package_identification:_identify(src) by extensions ['ignore', 'ignore_ament_install']
[0.617s] Level 1:colcon.colcon_core.package_identification:_identify(src) by extension 'ignore'
[0.618s] Level 1:colcon.colcon_core.package_identification:_identify(src) by extension 'ignore_ament_install'
[0.618s] Level 1:colcon.colcon_core.package_identification:_identify(src) by extensions ['colcon_pkg']
[0.618s] Level 1:colcon.colcon_core.package_identification:_identify(src) by extension 'colcon_pkg'
[0.618s] Level 1:colcon.colcon_core.package_identification:_identify(src) by extensions ['colcon_meta']
[0.618s] Level 1:colcon.colcon_core.package_identification:_identify(src) by extension 'colcon_meta'
[0.618s] Level 1:colcon.colcon_core.package_identification:_identify(src) by extensions ['ros']
[0.618s] Level 1:colcon.colcon_core.package_identification:_identify(src) by extension 'ros'
[0.618s] Level 1:colcon.colcon_core.package_identification:_identify(src) by extensions ['cmake', 'python']
[0.618s] Level 1:colcon.colcon_core.package_identification:_identify(src) by extension 'cmake'
[0.618s] Level 1:colcon.colcon_core.package_identification:_identify(src) by extension 'python'
[0.618s] Level 1:colcon.colcon_core.package_identification:_identify(src) by extensions ['python_setup_py']
[0.618s] Level 1:colcon.colcon_core.package_identification:_identify(src) by extension 'python_setup_py'
[0.618s] Level 1:colcon.colcon_core.package_identification:_identify(src/face_detection_interface) by extensions ['ignore', 'ignore_ament_install']
[0.618s] Level 1:colcon.colcon_core.package_identification:_identify(src/face_detection_interface) by extension 'ignore'
[0.618s] Level 1:colcon.colcon_core.package_identification:_identify(src/face_detection_interface) by extension 'ignore_ament_install'
[0.619s] Level 1:colcon.colcon_core.package_identification:_identify(src/face_detection_interface) by extensions ['colcon_pkg']
[0.619s] Level 1:colcon.colcon_core.package_identification:_identify(src/face_detection_interface) by extension 'colcon_pkg'
[0.619s] Level 1:colcon.colcon_core.package_identification:_identify(src/face_detection_interface) by extensions ['colcon_meta']
[0.619s] Level 1:colcon.colcon_core.package_identification:_identify(src/face_detection_interface) by extension 'colcon_meta'
[0.619s] Level 1:colcon.colcon_core.package_identification:_identify(src/face_detection_interface) by extensions ['ros']
[0.619s] Level 1:colcon.colcon_core.package_identification:_identify(src/face_detection_interface) by extension 'ros'
[0.622s] DEBUG:colcon.colcon_core.package_identification:Package 'src/face_detection_interface' with type 'ros.ament_cmake' and name 'face_detection_interface'
[0.622s] Level 1:colcon.colcon_core.package_identification:_identify(src/python_service) by extensions ['ignore', 'ignore_ament_install']
[0.622s] Level 1:colcon.colcon_core.package_identification:_identify(src/python_service) by extension 'ignore'
[0.622s] Level 1:colcon.colcon_core.package_identification:_identify(src/python_service) by extension 'ignore_ament_install'
[0.622s] Level 1:colcon.colcon_core.package_identification:_identify(src/python_service) by extensions ['colcon_pkg']
[0.622s] Level 1:colcon.colcon_core.package_identification:_identify(src/python_service) by extension 'colcon_pkg'
[0.622s] Level 1:colcon.colcon_core.package_identification:_identify(src/python_service) by extensions ['colcon_meta']
[0.622s] Level 1:colcon.colcon_core.package_identification:_identify(src/python_service) by extension 'colcon_meta'
[0.622s] Level 1:colcon.colcon_core.package_identification:_identify(src/python_service) by extensions ['ros']
[0.622s] Level 1:colcon.colcon_core.package_identification:_identify(src/python_service) by extension 'ros'
[0.623s] DEBUG:colcon.colcon_core.package_identification:Package 'src/python_service' with type 'ros.ament_python' and name 'python_service'
[0.623s] Level 1:colcon.colcon_core.package_discovery:discover_packages(recursive) using defaults
[0.623s] Level 1:colcon.colcon_core.package_discovery:discover_packages(ignore) discover
[0.623s] Level 1:colcon.colcon_core.package_discovery:discover_packages(ignore) using defaults
[0.623s] Level 1:colcon.colcon_core.package_discovery:discover_packages(path) discover
[0.624s] Level 1:colcon.colcon_core.package_discovery:discover_packages(path) using defaults
[0.663s] Level 1:colcon.colcon_core.package_discovery:discover_packages(prefix_path) check parameters
[0.663s] Level 1:colcon.colcon_core.package_discovery:discover_packages(prefix_path) discover
[0.683s] DEBUG:colcon.colcon_installed_package_information.package_discovery:Found 2 installed packages in /home/zqc/ros2_ws/src/portfolio/ROS2/face_detection/install
[0.684s] DEBUG:colcon.colcon_installed_package_information.package_discovery:Found 29 installed packages in /home/zqc/ros2_ws/install
[0.685s] DEBUG:colcon.colcon_installed_package_information.package_discovery:Found 29 installed packages in /home/zqc/ros2_ws/src/install
[0.688s] DEBUG:colcon.colcon_installed_package_information.package_discovery:Found 282 installed packages in /opt/ros/humble
[0.690s] Level 1:colcon.colcon_core.package_discovery:discover_packages(prefix_path) using defaults
[0.785s] Level 5:colcon.colcon_core.verb:set package 'face_detection_interface' build argument 'cmake_args' from command line to 'None'
[0.785s] Level 5:colcon.colcon_core.verb:set package 'face_detection_interface' build argument 'cmake_target' from command line to 'None'
[0.785s] Level 5:colcon.colcon_core.verb:set package 'face_detection_interface' build argument 'cmake_target_skip_unavailable' from command line to 'False'
[0.785s] Level 5:colcon.colcon_core.verb:set package 'face_detection_interface' build argument 'cmake_clean_cache' from command line to 'False'
[0.785s] Level 5:colcon.colcon_core.verb:set package 'face_detection_interface' build argument 'cmake_clean_first' from command line to 'False'
[0.785s] Level 5:colcon.colcon_core.verb:set package 'face_detection_interface' build argument 'cmake_force_configure' from command line to 'False'
[0.785s] Level 5:colcon.colcon_core.verb:set package 'face_detection_interface' build argument 'ament_cmake_args' from command line to 'None'
[0.785s] Level 5:colcon.colcon_core.verb:set package 'face_detection_interface' build argument 'catkin_cmake_args' from command line to 'None'
[0.785s] Level 5:colcon.colcon_core.verb:set package 'face_detection_interface' build argument 'catkin_skip_building_tests' from command line to 'False'
[0.785s] DEBUG:colcon.colcon_core.verb:Building package 'face_detection_interface' with the following arguments: {'ament_cmake_args': None, 'build_base': '/home/zqc/ros2_ws/src/portfolio/ROS2/face_detection/build/face_detection_interface', 'catkin_cmake_args': None, 'catkin_skip_building_tests': False, 'cmake_args': None, 'cmake_clean_cache': False, 'cmake_clean_first': False, 'cmake_force_configure': False, 'cmake_target': None, 'cmake_target_skip_unavailable': False, 'install_base': '/home/zqc/ros2_ws/src/portfolio/ROS2/face_detection/install/face_detection_interface', 'merge_install': False, 'path': '/home/zqc/ros2_ws/src/portfolio/ROS2/face_detection/src/face_detection_interface', 'symlink_install': False, 'test_result_base': None}
[0.785s] Level 5:colcon.colcon_core.verb:set package 'python_service' build argument 'cmake_args' from command line to 'None'
[0.785s] Level 5:colcon.colcon_core.verb:set package 'python_service' build argument 'cmake_target' from command line to 'None'
[0.785s] Level 5:colcon.colcon_core.verb:set package 'python_service' build argument 'cmake_target_skip_unavailable' from command line to 'False'
[0.785s] Level 5:colcon.colcon_core.verb:set package 'python_service' build argument 'cmake_clean_cache' from command line to 'False'
[0.785s] Level 5:colcon.colcon_core.verb:set package 'python_service' build argument 'cmake_clean_first' from command line to 'False'
[0.785s] Level 5:colcon.colcon_core.verb:set package 'python_service' build argument 'cmake_force_configure' from command line to 'False'
[0.785s] Level 5:colcon.colcon_core.verb:set package 'python_service' build argument 'ament_cmake_args' from command line to 'None'
[0.785s] Level 5:colcon.colcon_core.verb:set package 'python_service' build argument 'catkin_cmake_args' from command line to 'None'
[0.785s] Level 5:colcon.colcon_core.verb:set package 'python_service' build argument 'catkin_skip_building_tests' from command line to 'False'
[0.785s] DEBUG:colcon.colcon_core.verb:Building package 'python_service' with the following arguments: {'ament_cmake_args': None, 'build_base': '/home/zqc/ros2_ws/src/portfolio/ROS2/face_detection/build/python_service', 'catkin_cmake_args': None, 'catkin_skip_building_tests': False, 'cmake_args': None, 'cmake_clean_cache': False, 'cmake_clean_first': False, 'cmake_force_configure': False, 'cmake_target': None, 'cmake_target_skip_unavailable': False, 'install_base': '/home/zqc/ros2_ws/src/portfolio/ROS2/face_detection/install/python_service', 'merge_install': False, 'path': '/home/zqc/ros2_ws/src/portfolio/ROS2/face_detection/src/python_service', 'symlink_install': False, 'test_result_base': None}
[0.786s] INFO:colcon.colcon_core.executor:Executing jobs using 'parallel' executor
[0.786s] DEBUG:colcon.colcon_parallel_executor.executor.parallel:run_until_complete
[0.787s] INFO:colcon.colcon_ros.task.ament_cmake.build:Building ROS package in '/home/zqc/ros2_ws/src/portfolio/ROS2/face_detection/src/face_detection_interface' with build type 'ament_cmake'
[0.787s] INFO:colcon.colcon_cmake.task.cmake.build:Building CMake package in '/home/zqc/ros2_ws/src/portfolio/ROS2/face_detection/src/face_detection_interface'
[0.793s] INFO:colcon.colcon_core.plugin_system:Skipping extension 'colcon_core.shell.bat': Not used on non-Windows systems
[0.793s] INFO:colcon.colcon_core.shell:Skip shell extension 'powershell' for command environment: Not usable outside of PowerShell
[0.793s] DEBUG:colcon.colcon_core.shell:Skip shell extension 'dsv' for command environment
[0.808s] DEBUG:colcon.colcon_core.event_handler.log_command:Invoking command in '/home/zqc/ros2_ws/src/portfolio/ROS2/face_detection/build/face_detection_interface': CMAKE_PREFIX_PATH=${CMAKE_PREFIX_PATH}:/home/zqc/ros2_ws/install/urdf_tutorial:/home/zqc/ros2_ws/install/launch_testing_examples:/home/zqc/ros2_ws/install/examples_rclpy_pointcloud_publisher:/home/zqc/ros2_ws/install/examples_rclpy_minimal_subscriber:/home/zqc/ros2_ws/install/examples_rclpy_minimal_service:/home/zqc/ros2_ws/install/examples_rclpy_minimal_publisher:/home/zqc/ros2_ws/install/examples_rclpy_minimal_client:/home/zqc/ros2_ws/install/examples_rclpy_minimal_action_server:/home/zqc/ros2_ws/install/examples_rclpy_minimal_action_client:/home/zqc/ros2_ws/install/examples_rclpy_guard_conditions:/home/zqc/ros2_ws/install/examples_rclpy_executors:/home/zqc/ros2_ws/install/examples_rclcpp_multithreaded_executor:/home/zqc/ros2_ws/install/examples_rclcpp_minimal_timer:/home/zqc/ros2_ws/install/examples_rclcpp_minimal_subscriber:/home/zqc/ros2_ws/install/examples_rclcpp_minimal_publisher:/home/zqc/ros2_ws/install/examples_rclcpp_cbg_executor:/home/zqc/ros2_ws/install/cpp_pubsub:/home/zqc/ros2_ws/install/cpp_parameters:/home/zqc/ros2_ws/src/install/launch_testing_examples:/home/zqc/ros2_ws/src/install/examples_rclpy_pointcloud_publisher:/home/zqc/ros2_ws/src/install/examples_rclpy_minimal_subscriber:/home/zqc/ros2_ws/src/install/examples_rclpy_minimal_service:/home/zqc/ros2_ws/src/install/examples_rclpy_minimal_publisher:/home/zqc/ros2_ws/src/install/examples_rclpy_minimal_client:/home/zqc/ros2_ws/src/install/examples_rclpy_minimal_action_server:/home/zqc/ros2_ws/src/install/examples_rclpy_minimal_action_client:/home/zqc/ros2_ws/src/install/examples_rclpy_guard_conditions:/home/zqc/ros2_ws/src/install/examples_rclpy_executors:/opt/ros/humble /usr/bin/cmake --build /home/zqc/ros2_ws/src/portfolio/ROS2/face_detection/build/face_detection_interface -- -j16 -l16
[1.201s] DEBUG:colcon.colcon_core.event_handler.log_command:Invoked command in '/home/zqc/ros2_ws/src/portfolio/ROS2/face_detection/build/face_detection_interface' returned '0': CMAKE_PREFIX_PATH=${CMAKE_PREFIX_PATH}:/home/zqc/ros2_ws/install/urdf_tutorial:/home/zqc/ros2_ws/install/launch_testing_examples:/home/zqc/ros2_ws/install/examples_rclpy_pointcloud_publisher:/home/zqc/ros2_ws/install/examples_rclpy_minimal_subscriber:/home/zqc/ros2_ws/install/examples_rclpy_minimal_service:/home/zqc/ros2_ws/install/examples_rclpy_minimal_publisher:/home/zqc/ros2_ws/install/examples_rclpy_minimal_client:/home/zqc/ros2_ws/install/examples_rclpy_minimal_action_server:/home/zqc/ros2_ws/install/examples_rclpy_minimal_action_client:/home/zqc/ros2_ws/install/examples_rclpy_guard_conditions:/home/zqc/ros2_ws/install/examples_rclpy_executors:/home/zqc/ros2_ws/install/examples_rclcpp_multithreaded_executor:/home/zqc/ros2_ws/install/examples_rclcpp_minimal_timer:/home/zqc/ros2_ws/install/examples_rclcpp_minimal_subscriber:/home/zqc/ros2_ws/install/examples_rclcpp_minimal_publisher:/home/zqc/ros2_ws/install/examples_rclcpp_cbg_executor:/home/zqc/ros2_ws/install/cpp_pubsub:/home/zqc/ros2_ws/install/cpp_parameters:/home/zqc/ros2_ws/src/install/launch_testing_examples:/home/zqc/ros2_ws/src/install/examples_rclpy_pointcloud_publisher:/home/zqc/ros2_ws/src/install/examples_rclpy_minimal_subscriber:/home/zqc/ros2_ws/src/install/examples_rclpy_minimal_service:/home/zqc/ros2_ws/src/install/examples_rclpy_minimal_publisher:/home/zqc/ros2_ws/src/install/examples_rclpy_minimal_client:/home/zqc/ros2_ws/src/install/examples_rclpy_minimal_action_server:/home/zqc/ros2_ws/src/install/examples_rclpy_minimal_action_client:/home/zqc/ros2_ws/src/install/examples_rclpy_guard_conditions:/home/zqc/ros2_ws/src/install/examples_rclpy_executors:/opt/ros/humble /usr/bin/cmake --build /home/zqc/ros2_ws/src/portfolio/ROS2/face_detection/build/face_detection_interface -- -j16 -l16
[1.212s] DEBUG:colcon.colcon_core.event_handler.log_command:Invoking command in '/home/zqc/ros2_ws/src/portfolio/ROS2/face_detection/build/face_detection_interface': CMAKE_PREFIX_PATH=${CMAKE_PREFIX_PATH}:/home/zqc/ros2_ws/install/urdf_tutorial:/home/zqc/ros2_ws/install/launch_testing_examples:/home/zqc/ros2_ws/install/examples_rclpy_pointcloud_publisher:/home/zqc/ros2_ws/install/examples_rclpy_minimal_subscriber:/home/zqc/ros2_ws/install/examples_rclpy_minimal_service:/home/zqc/ros2_ws/install/examples_rclpy_minimal_publisher:/home/zqc/ros2_ws/install/examples_rclpy_minimal_client:/home/zqc/ros2_ws/install/examples_rclpy_minimal_action_server:/home/zqc/ros2_ws/install/examples_rclpy_minimal_action_client:/home/zqc/ros2_ws/install/examples_rclpy_guard_conditions:/home/zqc/ros2_ws/install/examples_rclpy_executors:/home/zqc/ros2_ws/install/examples_rclcpp_multithreaded_executor:/home/zqc/ros2_ws/install/examples_rclcpp_minimal_timer:/home/zqc/ros2_ws/install/examples_rclcpp_minimal_subscriber:/home/zqc/ros2_ws/install/examples_rclcpp_minimal_publisher:/home/zqc/ros2_ws/install/examples_rclcpp_cbg_executor:/home/zqc/ros2_ws/install/cpp_pubsub:/home/zqc/ros2_ws/install/cpp_parameters:/home/zqc/ros2_ws/src/install/launch_testing_examples:/home/zqc/ros2_ws/src/install/examples_rclpy_pointcloud_publisher:/home/zqc/ros2_ws/src/install/examples_rclpy_minimal_subscriber:/home/zqc/ros2_ws/src/install/examples_rclpy_minimal_service:/home/zqc/ros2_ws/src/install/examples_rclpy_minimal_publisher:/home/zqc/ros2_ws/src/install/examples_rclpy_minimal_client:/home/zqc/ros2_ws/src/install/examples_rclpy_minimal_action_server:/home/zqc/ros2_ws/src/install/examples_rclpy_minimal_action_client:/home/zqc/ros2_ws/src/install/examples_rclpy_guard_conditions:/home/zqc/ros2_ws/src/install/examples_rclpy_executors:/opt/ros/humble /usr/bin/cmake --install /home/zqc/ros2_ws/src/portfolio/ROS2/face_detection/build/face_detection_interface
[1.294s] Level 1:colcon.colcon_core.environment:create_environment_scripts_only(face_detection_interface)
[1.295s] DEBUG:colcon.colcon_core.event_handler.log_command:Invoked command in '/home/zqc/ros2_ws/src/portfolio/ROS2/face_detection/build/face_detection_interface' returned '0': CMAKE_PREFIX_PATH=${CMAKE_PREFIX_PATH}:/home/zqc/ros2_ws/install/urdf_tutorial:/home/zqc/ros2_ws/install/launch_testing_examples:/home/zqc/ros2_ws/install/examples_rclpy_pointcloud_publisher:/home/zqc/ros2_ws/install/examples_rclpy_minimal_subscriber:/home/zqc/ros2_ws/install/examples_rclpy_minimal_service:/home/zqc/ros2_ws/install/examples_rclpy_minimal_publisher:/home/zqc/ros2_ws/install/examples_rclpy_minimal_client:/home/zqc/ros2_ws/install/examples_rclpy_minimal_action_server:/home/zqc/ros2_ws/install/examples_rclpy_minimal_action_client:/home/zqc/ros2_ws/install/examples_rclpy_guard_conditions:/home/zqc/ros2_ws/install/examples_rclpy_executors:/home/zqc/ros2_ws/install/examples_rclcpp_multithreaded_executor:/home/zqc/ros2_ws/install/examples_rclcpp_minimal_timer:/home/zqc/ros2_ws/install/examples_rclcpp_minimal_subscriber:/home/zqc/ros2_ws/install/examples_rclcpp_minimal_publisher:/home/zqc/ros2_ws/install/examples_rclcpp_cbg_executor:/home/zqc/ros2_ws/install/cpp_pubsub:/home/zqc/ros2_ws/install/cpp_parameters:/home/zqc/ros2_ws/src/install/launch_testing_examples:/home/zqc/ros2_ws/src/install/examples_rclpy_pointcloud_publisher:/home/zqc/ros2_ws/src/install/examples_rclpy_minimal_subscriber:/home/zqc/ros2_ws/src/install/examples_rclpy_minimal_service:/home/zqc/ros2_ws/src/install/examples_rclpy_minimal_publisher:/home/zqc/ros2_ws/src/install/examples_rclpy_minimal_client:/home/zqc/ros2_ws/src/install/examples_rclpy_minimal_action_server:/home/zqc/ros2_ws/src/install/examples_rclpy_minimal_action_client:/home/zqc/ros2_ws/src/install/examples_rclpy_guard_conditions:/home/zqc/ros2_ws/src/install/examples_rclpy_executors:/opt/ros/humble /usr/bin/cmake --install /home/zqc/ros2_ws/src/portfolio/ROS2/face_detection/build/face_detection_interface
[1.302s] Level 1:colcon.colcon_core.environment:checking '/home/zqc/ros2_ws/src/portfolio/ROS2/face_detection/install/face_detection_interface' for CMake module files
[1.302s] Level 1:colcon.colcon_core.environment:checking '/home/zqc/ros2_ws/src/portfolio/ROS2/face_detection/install/face_detection_interface' for CMake config files
[1.304s] Level 1:colcon.colcon_core.shell:create_environment_hook('face_detection_interface', 'cmake_prefix_path')
[1.304s] INFO:colcon.colcon_core.shell:Creating environment hook '/home/zqc/ros2_ws/src/portfolio/ROS2/face_detection/install/face_detection_interface/share/face_detection_interface/hook/cmake_prefix_path.ps1'
[1.305s] INFO:colcon.colcon_core.shell:Creating environment descriptor '/home/zqc/ros2_ws/src/portfolio/ROS2/face_detection/install/face_detection_interface/share/face_detection_interface/hook/cmake_prefix_path.dsv'
[1.306s] INFO:colcon.colcon_core.shell:Creating environment hook '/home/zqc/ros2_ws/src/portfolio/ROS2/face_detection/install/face_detection_interface/share/face_detection_interface/hook/cmake_prefix_path.sh'
[1.307s] Level 1:colcon.colcon_core.environment:checking '/home/zqc/ros2_ws/src/portfolio/ROS2/face_detection/install/face_detection_interface/lib'
[1.307s] Level 1:colcon.colcon_core.shell:create_environment_hook('face_detection_interface', 'ld_library_path_lib')
[1.307s] INFO:colcon.colcon_core.shell:Creating environment hook '/home/zqc/ros2_ws/src/portfolio/ROS2/face_detection/install/face_detection_interface/share/face_detection_interface/hook/ld_library_path_lib.ps1'
[1.308s] INFO:colcon.colcon_core.shell:Creating environment descriptor '/home/zqc/ros2_ws/src/portfolio/ROS2/face_detection/install/face_detection_interface/share/face_detection_interface/hook/ld_library_path_lib.dsv'
[1.308s] INFO:colcon.colcon_core.shell:Creating environment hook '/home/zqc/ros2_ws/src/portfolio/ROS2/face_detection/install/face_detection_interface/share/face_detection_interface/hook/ld_library_path_lib.sh'
[1.308s] Level 1:colcon.colcon_core.environment:checking '/home/zqc/ros2_ws/src/portfolio/ROS2/face_detection/install/face_detection_interface/bin'
[1.308s] Level 1:colcon.colcon_core.environment:checking '/home/zqc/ros2_ws/src/portfolio/ROS2/face_detection/install/face_detection_interface/lib/pkgconfig/face_detection_interface.pc'
[1.308s] Level 1:colcon.colcon_core.environment:checking '/home/zqc/ros2_ws/src/portfolio/ROS2/face_detection/install/face_detection_interface/lib/python3.10/site-packages'
[1.309s] Level 1:colcon.colcon_core.environment:checking '/home/zqc/ros2_ws/src/portfolio/ROS2/face_detection/install/face_detection_interface/bin'
[1.309s] INFO:colcon.colcon_core.shell:Creating package script '/home/zqc/ros2_ws/src/portfolio/ROS2/face_detection/install/face_detection_interface/share/face_detection_interface/package.ps1'
[1.310s] INFO:colcon.colcon_core.shell:Creating package descriptor '/home/zqc/ros2_ws/src/portfolio/ROS2/face_detection/install/face_detection_interface/share/face_detection_interface/package.dsv'
[1.311s] INFO:colcon.colcon_core.shell:Creating package script '/home/zqc/ros2_ws/src/portfolio/ROS2/face_detection/install/face_detection_interface/share/face_detection_interface/package.sh'
[1.311s] INFO:colcon.colcon_core.shell:Creating package script '/home/zqc/ros2_ws/src/portfolio/ROS2/face_detection/install/face_detection_interface/share/face_detection_interface/package.bash'
[1.312s] INFO:colcon.colcon_core.shell:Creating package script '/home/zqc/ros2_ws/src/portfolio/ROS2/face_detection/install/face_detection_interface/share/face_detection_interface/package.zsh'
[1.313s] Level 1:colcon.colcon_core.environment:create_file_with_runtime_dependencies(/home/zqc/ros2_ws/src/portfolio/ROS2/face_detection/install/face_detection_interface/share/colcon-core/packages/face_detection_interface)
[1.314s] Level 1:colcon.colcon_core.environment:create_environment_scripts_only(face_detection_interface)
[1.314s] Level 1:colcon.colcon_core.environment:checking '/home/zqc/ros2_ws/src/portfolio/ROS2/face_detection/install/face_detection_interface' for CMake module files
[1.314s] Level 1:colcon.colcon_core.environment:checking '/home/zqc/ros2_ws/src/portfolio/ROS2/face_detection/install/face_detection_interface' for CMake config files
[1.315s] Level 1:colcon.colcon_core.shell:create_environment_hook('face_detection_interface', 'cmake_prefix_path')
[1.315s] INFO:colcon.colcon_core.shell:Creating environment hook '/home/zqc/ros2_ws/src/portfolio/ROS2/face_detection/install/face_detection_interface/share/face_detection_interface/hook/cmake_prefix_path.ps1'
[1.315s] INFO:colcon.colcon_core.shell:Creating environment descriptor '/home/zqc/ros2_ws/src/portfolio/ROS2/face_detection/install/face_detection_interface/share/face_detection_interface/hook/cmake_prefix_path.dsv'
[1.316s] INFO:colcon.colcon_core.shell:Creating environment hook '/home/zqc/ros2_ws/src/portfolio/ROS2/face_detection/install/face_detection_interface/share/face_detection_interface/hook/cmake_prefix_path.sh'
[1.316s] Level 1:colcon.colcon_core.environment:checking '/home/zqc/ros2_ws/src/portfolio/ROS2/face_detection/install/face_detection_interface/lib'
[1.316s] Level 1:colcon.colcon_core.shell:create_environment_hook('face_detection_interface', 'ld_library_path_lib')
[1.316s] INFO:colcon.colcon_core.shell:Creating environment hook '/home/zqc/ros2_ws/src/portfolio/ROS2/face_detection/install/face_detection_interface/share/face_detection_interface/hook/ld_library_path_lib.ps1'
[1.317s] INFO:colcon.colcon_core.shell:Creating environment descriptor '/home/zqc/ros2_ws/src/portfolio/ROS2/face_detection/install/face_detection_interface/share/face_detection_interface/hook/ld_library_path_lib.dsv'
[1.317s] INFO:colcon.colcon_core.shell:Creating environment hook '/home/zqc/ros2_ws/src/portfolio/ROS2/face_detection/install/face_detection_interface/share/face_detection_interface/hook/ld_library_path_lib.sh'
[1.317s] Level 1:colcon.colcon_core.environment:checking '/home/zqc/ros2_ws/src/portfolio/ROS2/face_detection/install/face_detection_interface/bin'
[1.317s] Level 1:colcon.colcon_core.environment:checking '/home/zqc/ros2_ws/src/portfolio/ROS2/face_detection/install/face_detection_interface/lib/pkgconfig/face_detection_interface.pc'
[1.318s] Level 1:colcon.colcon_core.environment:checking '/home/zqc/ros2_ws/src/portfolio/ROS2/face_detection/install/face_detection_interface/lib/python3.10/site-packages'
[1.318s] Level 1:colcon.colcon_core.environment:checking '/home/zqc/ros2_ws/src/portfolio/ROS2/face_detection/install/face_detection_interface/bin'
[1.318s] INFO:colcon.colcon_core.shell:Creating package script '/home/zqc/ros2_ws/src/portfolio/ROS2/face_detection/install/face_detection_interface/share/face_detection_interface/package.ps1'
[1.319s] INFO:colcon.colcon_core.shell:Creating package descriptor '/home/zqc/ros2_ws/src/portfolio/ROS2/face_detection/install/face_detection_interface/share/face_detection_interface/package.dsv'
[1.319s] INFO:colcon.colcon_core.shell:Creating package script '/home/zqc/ros2_ws/src/portfolio/ROS2/face_detection/install/face_detection_interface/share/face_detection_interface/package.sh'
[1.319s] INFO:colcon.colcon_core.shell:Creating package script '/home/zqc/ros2_ws/src/portfolio/ROS2/face_detection/install/face_detection_interface/share/face_detection_interface/package.bash'
[1.320s] INFO:colcon.colcon_core.shell:Creating package script '/home/zqc/ros2_ws/src/portfolio/ROS2/face_detection/install/face_detection_interface/share/face_detection_interface/package.zsh'
[1.320s] Level 1:colcon.colcon_core.environment:create_file_with_runtime_dependencies(/home/zqc/ros2_ws/src/portfolio/ROS2/face_detection/install/face_detection_interface/share/colcon-core/packages/face_detection_interface)
[1.320s] INFO:colcon.colcon_ros.task.ament_python.build:Building ROS package in '/home/zqc/ros2_ws/src/portfolio/ROS2/face_detection/src/python_service' with build type 'ament_python'
[1.320s] Level 1:colcon.colcon_core.shell:create_environment_hook('python_service', 'ament_prefix_path')
[1.321s] INFO:colcon.colcon_core.shell:Creating environment hook '/home/zqc/ros2_ws/src/portfolio/ROS2/face_detection/install/python_service/share/python_service/hook/ament_prefix_path.ps1'
[1.321s] INFO:colcon.colcon_core.shell:Creating environment descriptor '/home/zqc/ros2_ws/src/portfolio/ROS2/face_detection/install/python_service/share/python_service/hook/ament_prefix_path.dsv'
[1.322s] INFO:colcon.colcon_core.shell:Creating environment hook '/home/zqc/ros2_ws/src/portfolio/ROS2/face_detection/install/python_service/share/python_service/hook/ament_prefix_path.sh'
[1.323s] INFO:colcon.colcon_core.shell:Skip shell extension 'powershell' for command environment: Not usable outside of PowerShell
[1.323s] DEBUG:colcon.colcon_core.shell:Skip shell extension 'dsv' for command environment
[1.619s] INFO:colcon.colcon_core.task.python.build:Building Python package in '/home/zqc/ros2_ws/src/portfolio/ROS2/face_detection/src/python_service'
[1.619s] INFO:colcon.colcon_core.shell:Skip shell extension 'powershell' for command environment: Not usable outside of PowerShell
[1.619s] DEBUG:colcon.colcon_core.shell:Skip shell extension 'dsv' for command environment
[2.148s] DEBUG:colcon.colcon_core.event_handler.log_command:Invoking command in '/home/zqc/ros2_ws/src/portfolio/ROS2/face_detection/src/python_service': PYTHONPATH=/home/zqc/ros2_ws/src/portfolio/ROS2/face_detection/build/python_service/prefix_override:/usr/lib/python3/dist-packages/colcon_core/task/python/colcon_distutils_commands:/home/zqc/ros2_ws/src/portfolio/ROS2/face_detection/install/python_service/lib/python3.10/site-packages:${PYTHONPATH} /usr/bin/python3 -W ignore:setup.py install is deprecated -W ignore:easy_install command is deprecated setup.py egg_info --egg-base ../../build/python_service build --build-base /home/zqc/ros2_ws/src/portfolio/ROS2/face_detection/build/python_service/build install --record /home/zqc/ros2_ws/src/portfolio/ROS2/face_detection/build/python_service/install.log --single-version-externally-managed install_data
[2.416s] Level 1:colcon.colcon_core.environment:checking '/home/zqc/ros2_ws/src/portfolio/ROS2/face_detection/install/python_service' for CMake module files
[2.417s] DEBUG:colcon.colcon_core.event_handler.log_command:Invoked command in '/home/zqc/ros2_ws/src/portfolio/ROS2/face_detection/src/python_service' returned '0': PYTHONPATH=/home/zqc/ros2_ws/src/portfolio/ROS2/face_detection/build/python_service/prefix_override:/usr/lib/python3/dist-packages/colcon_core/task/python/colcon_distutils_commands:/home/zqc/ros2_ws/src/portfolio/ROS2/face_detection/install/python_service/lib/python3.10/site-packages:${PYTHONPATH} /usr/bin/python3 -W ignore:setup.py install is deprecated -W ignore:easy_install command is deprecated setup.py egg_info --egg-base ../../build/python_service build --build-base /home/zqc/ros2_ws/src/portfolio/ROS2/face_detection/build/python_service/build install --record /home/zqc/ros2_ws/src/portfolio/ROS2/face_detection/build/python_service/install.log --single-version-externally-managed install_data
[2.417s] Level 1:colcon.colcon_core.environment:checking '/home/zqc/ros2_ws/src/portfolio/ROS2/face_detection/install/python_service' for CMake config files
[2.420s] Level 1:colcon.colcon_core.environment:checking '/home/zqc/ros2_ws/src/portfolio/ROS2/face_detection/install/python_service/lib'
[2.420s] Level 1:colcon.colcon_core.environment:checking '/home/zqc/ros2_ws/src/portfolio/ROS2/face_detection/install/python_service/bin'
[2.420s] Level 1:colcon.colcon_core.environment:checking '/home/zqc/ros2_ws/src/portfolio/ROS2/face_detection/install/python_service/lib/pkgconfig/python_service.pc'
[2.420s] Level 1:colcon.colcon_core.environment:checking '/home/zqc/ros2_ws/src/portfolio/ROS2/face_detection/install/python_service/lib/python3.10/site-packages'
[2.420s] Level 1:colcon.colcon_core.shell:create_environment_hook('python_service', 'pythonpath')
[2.420s] INFO:colcon.colcon_core.shell:Creating environment hook '/home/zqc/ros2_ws/src/portfolio/ROS2/face_detection/install/python_service/share/python_service/hook/pythonpath.ps1'
[2.421s] INFO:colcon.colcon_core.shell:Creating environment descriptor '/home/zqc/ros2_ws/src/portfolio/ROS2/face_detection/install/python_service/share/python_service/hook/pythonpath.dsv'
[2.421s] INFO:colcon.colcon_core.shell:Creating environment hook '/home/zqc/ros2_ws/src/portfolio/ROS2/face_detection/install/python_service/share/python_service/hook/pythonpath.sh'
[2.422s] Level 1:colcon.colcon_core.environment:checking '/home/zqc/ros2_ws/src/portfolio/ROS2/face_detection/install/python_service/bin'
[2.422s] Level 1:colcon.colcon_core.environment:create_environment_scripts_only(python_service)
[2.422s] INFO:colcon.colcon_core.shell:Creating package script '/home/zqc/ros2_ws/src/portfolio/ROS2/face_detection/install/python_service/share/python_service/package.ps1'
[2.422s] INFO:colcon.colcon_core.shell:Creating package descriptor '/home/zqc/ros2_ws/src/portfolio/ROS2/face_detection/install/python_service/share/python_service/package.dsv'
[2.423s] INFO:colcon.colcon_core.shell:Creating package script '/home/zqc/ros2_ws/src/portfolio/ROS2/face_detection/install/python_service/share/python_service/package.sh'
[2.423s] INFO:colcon.colcon_core.shell:Creating package script '/home/zqc/ros2_ws/src/portfolio/ROS2/face_detection/install/python_service/share/python_service/package.bash'
[2.424s] INFO:colcon.colcon_core.shell:Creating package script '/home/zqc/ros2_ws/src/portfolio/ROS2/face_detection/install/python_service/share/python_service/package.zsh'
[2.424s] Level 1:colcon.colcon_core.environment:create_file_with_runtime_dependencies(/home/zqc/ros2_ws/src/portfolio/ROS2/face_detection/install/python_service/share/colcon-core/packages/python_service)
[2.424s] DEBUG:colcon.colcon_parallel_executor.executor.parallel:closing loop
[2.424s] DEBUG:colcon.colcon_parallel_executor.executor.parallel:loop closed
[2.425s] DEBUG:colcon.colcon_parallel_executor.executor.parallel:run_until_complete finished with '0'
[2.425s] DEBUG:colcon.colcon_core.event_reactor:joining thread
[2.460s] INFO:colcon.colcon_core.plugin_system:Skipping extension 'colcon_notification.desktop_notification.notify_send': Could not find 'notify-send'
[2.460s] INFO:colcon.colcon_core.plugin_system:Skipping extension 'colcon_notification.desktop_notification.terminal_notifier': Not used on non-Darwin systems
[2.460s] INFO:colcon.colcon_core.plugin_system:Skipping extension 'colcon_notification.desktop_notification.win32': Not used on non-Windows systems
[2.461s] INFO:colcon.colcon_notification.desktop_notification:Sending desktop notification using 'notify2'
[2.461s] DEBUG:colcon.colcon_notification.desktop_notification.notify2:Failed to initialize notify2: org.freedesktop.DBus.Error.FileNotFound: Failed to connect to socket /run/user/1000/bus: No such file or directory
[2.461s] DEBUG:colcon.colcon_core.event_reactor:joined thread
[2.461s] INFO:colcon.colcon_core.shell:Creating prefix script '/home/zqc/ros2_ws/src/portfolio/ROS2/face_detection/install/local_setup.ps1'
[2.462s] INFO:colcon.colcon_core.shell:Creating prefix util module '/home/zqc/ros2_ws/src/portfolio/ROS2/face_detection/install/_local_setup_util_ps1.py'
[2.463s] INFO:colcon.colcon_core.shell:Creating prefix chain script '/home/zqc/ros2_ws/src/portfolio/ROS2/face_detection/install/setup.ps1'
[2.466s] INFO:colcon.colcon_core.shell:Creating prefix script '/home/zqc/ros2_ws/src/portfolio/ROS2/face_detection/install/local_setup.sh'
[2.467s] INFO:colcon.colcon_core.shell:Creating prefix util module '/home/zqc/ros2_ws/src/portfolio/ROS2/face_detection/install/_local_setup_util_sh.py'
[2.468s] INFO:colcon.colcon_core.shell:Creating prefix chain script '/home/zqc/ros2_ws/src/portfolio/ROS2/face_detection/install/setup.sh'
[2.470s] INFO:colcon.colcon_core.shell:Creating prefix script '/home/zqc/ros2_ws/src/portfolio/ROS2/face_detection/install/local_setup.bash'
[2.471s] INFO:colcon.colcon_core.shell:Creating prefix chain script '/home/zqc/ros2_ws/src/portfolio/ROS2/face_detection/install/setup.bash'
[2.474s] INFO:colcon.colcon_core.shell:Creating prefix script '/home/zqc/ros2_ws/src/portfolio/ROS2/face_detection/install/local_setup.zsh'
[2.475s] INFO:colcon.colcon_core.shell:Creating prefix chain script '/home/zqc/ros2_ws/src/portfolio/ROS2/face_detection/install/setup.zsh'
