[0.019s] Invoking command in '/home/zqc/ros2_ws/src/portfolio/ROS2/face_detection/build/face_detection_interface': CMAKE_PREFIX_PATH=${CMAKE_PREFIX_PATH}:/home/zqc/ros2_ws/install/urdf_tutorial:/home/zqc/ros2_ws/install/launch_testing_examples:/home/zqc/ros2_ws/install/examples_rclpy_pointcloud_publisher:/home/zqc/ros2_ws/install/examples_rclpy_minimal_subscriber:/home/zqc/ros2_ws/install/examples_rclpy_minimal_service:/home/zqc/ros2_ws/install/examples_rclpy_minimal_publisher:/home/zqc/ros2_ws/install/examples_rclpy_minimal_client:/home/zqc/ros2_ws/install/examples_rclpy_minimal_action_server:/home/zqc/ros2_ws/install/examples_rclpy_minimal_action_client:/home/zqc/ros2_ws/install/examples_rclpy_guard_conditions:/home/zqc/ros2_ws/install/examples_rclpy_executors:/home/zqc/ros2_ws/install/examples_rclcpp_multithreaded_executor:/home/zqc/ros2_ws/install/examples_rclcpp_minimal_timer:/home/zqc/ros2_ws/install/examples_rclcpp_minimal_subscriber:/home/zqc/ros2_ws/install/examples_rclcpp_minimal_publisher:/home/zqc/ros2_ws/install/examples_rclcpp_cbg_executor:/home/zqc/ros2_ws/install/cpp_pubsub:/home/zqc/ros2_ws/install/cpp_parameters:/home/zqc/ros2_ws/src/install/launch_testing_examples:/home/zqc/ros2_ws/src/install/examples_rclpy_pointcloud_publisher:/home/zqc/ros2_ws/src/install/examples_rclpy_minimal_subscriber:/home/zqc/ros2_ws/src/install/examples_rclpy_minimal_service:/home/zqc/ros2_ws/src/install/examples_rclpy_minimal_publisher:/home/zqc/ros2_ws/src/install/examples_rclpy_minimal_client:/home/zqc/ros2_ws/src/install/examples_rclpy_minimal_action_server:/home/zqc/ros2_ws/src/install/examples_rclpy_minimal_action_client:/home/zqc/ros2_ws/src/install/examples_rclpy_guard_conditions:/home/zqc/ros2_ws/src/install/examples_rclpy_executors:/opt/ros/humble /usr/bin/cmake --build /home/zqc/ros2_ws/src/portfolio/ROS2/face_detection/build/face_detection_interface -- -j16 -l16
[0.112s] [35m[1mConsolidate compiler generated dependencies of target face_detection_interface__rosidl_generator_c[0m
[0.123s] [  3%] Built target face_detection_interface__cpp
[0.124s] [ 12%] Built target face_detection_interface__rosidl_generator_c
[0.138s] [35m[1mConsolidate compiler generated dependencies of target face_detection_interface__rosidl_typesupport_cpp[0m
[0.138s] [35m[1mConsolidate compiler generated dependencies of target face_detection_interface__rosidl_typesupport_introspection_c[0m
[0.138s] [35m[1mConsolidate compiler generated dependencies of target face_detection_interface__rosidl_typesupport_fastrtps_cpp[0m
[0.138s] [35m[1mConsolidate compiler generated dependencies of target face_detection_interface__rosidl_typesupport_fastrtps_c[0m
[0.139s] [35m[1mConsolidate compiler generated dependencies of target face_detection_interface__rosidl_typesupport_introspection_cpp[0m
[0.139s] [ 12%] Built target ament_cmake_python_copy_face_detection_interface
[0.139s] [35m[1mConsolidate compiler generated dependencies of target face_detection_interface__rosidl_typesupport_c[0m
[0.154s] [ 32%] Built target face_detection_interface__rosidl_typesupport_introspection_c
[0.154s] [ 32%] Built target face_detection_interface__rosidl_typesupport_cpp
[0.154s] [ 41%] Built target face_detection_interface__rosidl_typesupport_c
[0.155s] [ 51%] Built target face_detection_interface__rosidl_typesupport_introspection_cpp
[0.156s] [ 61%] Built target face_detection_interface__rosidl_typesupport_fastrtps_cpp
[0.157s] [ 70%] Built target face_detection_interface__rosidl_typesupport_fastrtps_c
[0.181s] [ 70%] Built target face_detection_interface
[0.206s] [ 74%] Built target face_detection_interface__py
[0.221s] [35m[1mConsolidate compiler generated dependencies of target face_detection_interface__rosidl_generator_py[0m
[0.235s] [ 80%] Built target face_detection_interface__rosidl_generator_py
[0.249s] [35m[1mConsolidate compiler generated dependencies of target face_detection_interface__rosidl_typesupport_introspection_c__pyext[0m
[0.249s] [35m[1mConsolidate compiler generated dependencies of target face_detection_interface__rosidl_typesupport_fastrtps_c__pyext[0m
[0.250s] [35m[1mConsolidate compiler generated dependencies of target face_detection_interface__rosidl_typesupport_c__pyext[0m
[0.264s] [ 90%] Built target face_detection_interface__rosidl_typesupport_fastrtps_c__pyext
[0.264s] [ 96%] Built target face_detection_interface__rosidl_typesupport_c__pyext
[0.264s] [100%] Built target face_detection_interface__rosidl_typesupport_introspection_c__pyext
[0.391s] running egg_info
[0.391s] writing face_detection_interface.egg-info/PKG-INFO
[0.392s] writing dependency_links to face_detection_interface.egg-info/dependency_links.txt
[0.392s] writing top-level names to face_detection_interface.egg-info/top_level.txt
[0.394s] reading manifest file 'face_detection_interface.egg-info/SOURCES.txt'
[0.395s] writing manifest file 'face_detection_interface.egg-info/SOURCES.txt'
[0.420s] [100%] Built target ament_cmake_python_build_face_detection_interface_egg
[0.432s] Invoked command in '/home/zqc/ros2_ws/src/portfolio/ROS2/face_detection/build/face_detection_interface' returned '0': CMAKE_PREFIX_PATH=${CMAKE_PREFIX_PATH}:/home/zqc/ros2_ws/install/urdf_tutorial:/home/zqc/ros2_ws/install/launch_testing_examples:/home/zqc/ros2_ws/install/examples_rclpy_pointcloud_publisher:/home/zqc/ros2_ws/install/examples_rclpy_minimal_subscriber:/home/zqc/ros2_ws/install/examples_rclpy_minimal_service:/home/zqc/ros2_ws/install/examples_rclpy_minimal_publisher:/home/zqc/ros2_ws/install/examples_rclpy_minimal_client:/home/zqc/ros2_ws/install/examples_rclpy_minimal_action_server:/home/zqc/ros2_ws/install/examples_rclpy_minimal_action_client:/home/zqc/ros2_ws/install/examples_rclpy_guard_conditions:/home/zqc/ros2_ws/install/examples_rclpy_executors:/home/zqc/ros2_ws/install/examples_rclcpp_multithreaded_executor:/home/zqc/ros2_ws/install/examples_rclcpp_minimal_timer:/home/zqc/ros2_ws/install/examples_rclcpp_minimal_subscriber:/home/zqc/ros2_ws/install/examples_rclcpp_minimal_publisher:/home/zqc/ros2_ws/install/examples_rclcpp_cbg_executor:/home/zqc/ros2_ws/install/cpp_pubsub:/home/zqc/ros2_ws/install/cpp_parameters:/home/zqc/ros2_ws/src/install/launch_testing_examples:/home/zqc/ros2_ws/src/install/examples_rclpy_pointcloud_publisher:/home/zqc/ros2_ws/src/install/examples_rclpy_minimal_subscriber:/home/zqc/ros2_ws/src/install/examples_rclpy_minimal_service:/home/zqc/ros2_ws/src/install/examples_rclpy_minimal_publisher:/home/zqc/ros2_ws/src/install/examples_rclpy_minimal_client:/home/zqc/ros2_ws/src/install/examples_rclpy_minimal_action_server:/home/zqc/ros2_ws/src/install/examples_rclpy_minimal_action_client:/home/zqc/ros2_ws/src/install/examples_rclpy_guard_conditions:/home/zqc/ros2_ws/src/install/examples_rclpy_executors:/opt/ros/humble /usr/bin/cmake --build /home/zqc/ros2_ws/src/portfolio/ROS2/face_detection/build/face_detection_interface -- -j16 -l16
[0.443s] Invoking command in '/home/zqc/ros2_ws/src/portfolio/ROS2/face_detection/build/face_detection_interface': CMAKE_PREFIX_PATH=${CMAKE_PREFIX_PATH}:/home/zqc/ros2_ws/install/urdf_tutorial:/home/zqc/ros2_ws/install/launch_testing_examples:/home/zqc/ros2_ws/install/examples_rclpy_pointcloud_publisher:/home/zqc/ros2_ws/install/examples_rclpy_minimal_subscriber:/home/zqc/ros2_ws/install/examples_rclpy_minimal_service:/home/zqc/ros2_ws/install/examples_rclpy_minimal_publisher:/home/zqc/ros2_ws/install/examples_rclpy_minimal_client:/home/zqc/ros2_ws/install/examples_rclpy_minimal_action_server:/home/zqc/ros2_ws/install/examples_rclpy_minimal_action_client:/home/zqc/ros2_ws/install/examples_rclpy_guard_conditions:/home/zqc/ros2_ws/install/examples_rclpy_executors:/home/zqc/ros2_ws/install/examples_rclcpp_multithreaded_executor:/home/zqc/ros2_ws/install/examples_rclcpp_minimal_timer:/home/zqc/ros2_ws/install/examples_rclcpp_minimal_subscriber:/home/zqc/ros2_ws/install/examples_rclcpp_minimal_publisher:/home/zqc/ros2_ws/install/examples_rclcpp_cbg_executor:/home/zqc/ros2_ws/install/cpp_pubsub:/home/zqc/ros2_ws/install/cpp_parameters:/home/zqc/ros2_ws/src/install/launch_testing_examples:/home/zqc/ros2_ws/src/install/examples_rclpy_pointcloud_publisher:/home/zqc/ros2_ws/src/install/examples_rclpy_minimal_subscriber:/home/zqc/ros2_ws/src/install/examples_rclpy_minimal_service:/home/zqc/ros2_ws/src/install/examples_rclpy_minimal_publisher:/home/zqc/ros2_ws/src/install/examples_rclpy_minimal_client:/home/zqc/ros2_ws/src/install/examples_rclpy_minimal_action_server:/home/zqc/ros2_ws/src/install/examples_rclpy_minimal_action_client:/home/zqc/ros2_ws/src/install/examples_rclpy_guard_conditions:/home/zqc/ros2_ws/src/install/examples_rclpy_executors:/opt/ros/humble /usr/bin/cmake --install /home/zqc/ros2_ws/src/portfolio/ROS2/face_detection/build/face_detection_interface
[0.452s] -- Install configuration: ""
[0.452s] -- Up-to-date: /home/zqc/ros2_ws/src/portfolio/ROS2/face_detection/install/face_detection_interface/share/ament_index/resource_index/rosidl_interfaces/face_detection_interface
[0.452s] -- Up-to-date: /home/zqc/ros2_ws/src/portfolio/ROS2/face_detection/install/face_detection_interface/include/face_detection_interface/face_detection_interface
[0.452s] -- Up-to-date: /home/zqc/ros2_ws/src/portfolio/ROS2/face_detection/install/face_detection_interface/include/face_detection_interface/face_detection_interface/srv
[0.452s] -- Up-to-date: /home/zqc/ros2_ws/src/portfolio/ROS2/face_detection/install/face_detection_interface/include/face_detection_interface/face_detection_interface/srv/detail
[0.452s] -- Up-to-date: /home/zqc/ros2_ws/src/portfolio/ROS2/face_detection/install/face_detection_interface/include/face_detection_interface/face_detection_interface/srv/detail/face_detector__functions.c
[0.453s] -- Up-to-date: /home/zqc/ros2_ws/src/portfolio/ROS2/face_detection/install/face_detection_interface/include/face_detection_interface/face_detection_interface/srv/detail/face_detector__functions.h
[0.453s] -- Up-to-date: /home/zqc/ros2_ws/src/portfolio/ROS2/face_detection/install/face_detection_interface/include/face_detection_interface/face_detection_interface/srv/detail/face_detector__type_support.h
[0.453s] -- Up-to-date: /home/zqc/ros2_ws/src/portfolio/ROS2/face_detection/install/face_detection_interface/include/face_detection_interface/face_detection_interface/srv/detail/face_detector__struct.h
[0.453s] -- Up-to-date: /home/zqc/ros2_ws/src/portfolio/ROS2/face_detection/install/face_detection_interface/include/face_detection_interface/face_detection_interface/srv/face_detector.h
[0.453s] -- Up-to-date: /home/zqc/ros2_ws/src/portfolio/ROS2/face_detection/install/face_detection_interface/include/face_detection_interface/face_detection_interface/msg
[0.453s] -- Up-to-date: /home/zqc/ros2_ws/src/portfolio/ROS2/face_detection/install/face_detection_interface/include/face_detection_interface/face_detection_interface/msg/rosidl_generator_c__visibility_control.h
[0.453s] -- Up-to-date: /home/zqc/ros2_ws/src/portfolio/ROS2/face_detection/install/face_detection_interface/share/face_detection_interface/environment/library_path.sh
[0.453s] -- Up-to-date: /home/zqc/ros2_ws/src/portfolio/ROS2/face_detection/install/face_detection_interface/share/face_detection_interface/environment/library_path.dsv
[0.454s] -- Up-to-date: /home/zqc/ros2_ws/src/portfolio/ROS2/face_detection/install/face_detection_interface/lib/libface_detection_interface__rosidl_generator_c.so
[0.454s] -- Up-to-date: /home/zqc/ros2_ws/src/portfolio/ROS2/face_detection/install/face_detection_interface/include/face_detection_interface/face_detection_interface
[0.454s] -- Up-to-date: /home/zqc/ros2_ws/src/portfolio/ROS2/face_detection/install/face_detection_interface/include/face_detection_interface/face_detection_interface/srv
[0.454s] -- Up-to-date: /home/zqc/ros2_ws/src/portfolio/ROS2/face_detection/install/face_detection_interface/include/face_detection_interface/face_detection_interface/srv/detail
[0.454s] -- Up-to-date: /home/zqc/ros2_ws/src/portfolio/ROS2/face_detection/install/face_detection_interface/include/face_detection_interface/face_detection_interface/srv/detail/face_detector__rosidl_typesupport_fastrtps_c.h
[0.454s] -- Up-to-date: /home/zqc/ros2_ws/src/portfolio/ROS2/face_detection/install/face_detection_interface/include/face_detection_interface/face_detection_interface/msg
[0.454s] -- Up-to-date: /home/zqc/ros2_ws/src/portfolio/ROS2/face_detection/install/face_detection_interface/include/face_detection_interface/face_detection_interface/msg/rosidl_typesupport_fastrtps_c__visibility_control.h
[0.455s] -- Up-to-date: /home/zqc/ros2_ws/src/portfolio/ROS2/face_detection/install/face_detection_interface/lib/libface_detection_interface__rosidl_typesupport_fastrtps_c.so
[0.455s] -- Up-to-date: /home/zqc/ros2_ws/src/portfolio/ROS2/face_detection/install/face_detection_interface/include/face_detection_interface/face_detection_interface
[0.455s] -- Up-to-date: /home/zqc/ros2_ws/src/portfolio/ROS2/face_detection/install/face_detection_interface/include/face_detection_interface/face_detection_interface/srv
[0.455s] -- Up-to-date: /home/zqc/ros2_ws/src/portfolio/ROS2/face_detection/install/face_detection_interface/include/face_detection_interface/face_detection_interface/srv/detail
[0.456s] -- Up-to-date: /home/zqc/ros2_ws/src/portfolio/ROS2/face_detection/install/face_detection_interface/include/face_detection_interface/face_detection_interface/srv/detail/face_detector__builder.hpp
[0.456s] -- Up-to-date: /home/zqc/ros2_ws/src/portfolio/ROS2/face_detection/install/face_detection_interface/include/face_detection_interface/face_detection_interface/srv/detail/face_detector__type_support.hpp
[0.456s] -- Up-to-date: /home/zqc/ros2_ws/src/portfolio/ROS2/face_detection/install/face_detection_interface/include/face_detection_interface/face_detection_interface/srv/detail/face_detector__struct.hpp
[0.456s] -- Up-to-date: /home/zqc/ros2_ws/src/portfolio/ROS2/face_detection/install/face_detection_interface/include/face_detection_interface/face_detection_interface/srv/detail/face_detector__traits.hpp
[0.456s] -- Up-to-date: /home/zqc/ros2_ws/src/portfolio/ROS2/face_detection/install/face_detection_interface/include/face_detection_interface/face_detection_interface/srv/face_detector.hpp
[0.456s] -- Up-to-date: /home/zqc/ros2_ws/src/portfolio/ROS2/face_detection/install/face_detection_interface/include/face_detection_interface/face_detection_interface/msg
[0.456s] -- Up-to-date: /home/zqc/ros2_ws/src/portfolio/ROS2/face_detection/install/face_detection_interface/include/face_detection_interface/face_detection_interface/msg/rosidl_generator_cpp__visibility_control.hpp
[0.456s] -- Up-to-date: /home/zqc/ros2_ws/src/portfolio/ROS2/face_detection/install/face_detection_interface/include/face_detection_interface/face_detection_interface
[0.456s] -- Up-to-date: /home/zqc/ros2_ws/src/portfolio/ROS2/face_detection/install/face_detection_interface/include/face_detection_interface/face_detection_interface/srv
[0.456s] -- Up-to-date: /home/zqc/ros2_ws/src/portfolio/ROS2/face_detection/install/face_detection_interface/include/face_detection_interface/face_detection_interface/srv/detail
[0.456s] -- Up-to-date: /home/zqc/ros2_ws/src/portfolio/ROS2/face_detection/install/face_detection_interface/include/face_detection_interface/face_detection_interface/srv/detail/dds_fastrtps
[0.456s] -- Up-to-date: /home/zqc/ros2_ws/src/portfolio/ROS2/face_detection/install/face_detection_interface/include/face_detection_interface/face_detection_interface/srv/detail/face_detector__rosidl_typesupport_fastrtps_cpp.hpp
[0.456s] -- Up-to-date: /home/zqc/ros2_ws/src/portfolio/ROS2/face_detection/install/face_detection_interface/include/face_detection_interface/face_detection_interface/msg
[0.456s] -- Up-to-date: /home/zqc/ros2_ws/src/portfolio/ROS2/face_detection/install/face_detection_interface/include/face_detection_interface/face_detection_interface/msg/rosidl_typesupport_fastrtps_cpp__visibility_control.h
[0.457s] -- Up-to-date: /home/zqc/ros2_ws/src/portfolio/ROS2/face_detection/install/face_detection_interface/lib/libface_detection_interface__rosidl_typesupport_fastrtps_cpp.so
[0.457s] -- Up-to-date: /home/zqc/ros2_ws/src/portfolio/ROS2/face_detection/install/face_detection_interface/include/face_detection_interface/face_detection_interface
[0.457s] -- Up-to-date: /home/zqc/ros2_ws/src/portfolio/ROS2/face_detection/install/face_detection_interface/include/face_detection_interface/face_detection_interface/srv
[0.457s] -- Up-to-date: /home/zqc/ros2_ws/src/portfolio/ROS2/face_detection/install/face_detection_interface/include/face_detection_interface/face_detection_interface/srv/detail
[0.457s] -- Up-to-date: /home/zqc/ros2_ws/src/portfolio/ROS2/face_detection/install/face_detection_interface/include/face_detection_interface/face_detection_interface/srv/detail/face_detector__type_support.c
[0.458s] -- Up-to-date: /home/zqc/ros2_ws/src/portfolio/ROS2/face_detection/install/face_detection_interface/include/face_detection_interface/face_detection_interface/srv/detail/face_detector__rosidl_typesupport_introspection_c.h
[0.458s] -- Up-to-date: /home/zqc/ros2_ws/src/portfolio/ROS2/face_detection/install/face_detection_interface/include/face_detection_interface/face_detection_interface/msg
[0.458s] -- Up-to-date: /home/zqc/ros2_ws/src/portfolio/ROS2/face_detection/install/face_detection_interface/include/face_detection_interface/face_detection_interface/msg/rosidl_typesupport_introspection_c__visibility_control.h
[0.458s] -- Up-to-date: /home/zqc/ros2_ws/src/portfolio/ROS2/face_detection/install/face_detection_interface/lib/libface_detection_interface__rosidl_typesupport_introspection_c.so
[0.459s] -- Up-to-date: /home/zqc/ros2_ws/src/portfolio/ROS2/face_detection/install/face_detection_interface/lib/libface_detection_interface__rosidl_typesupport_c.so
[0.459s] -- Up-to-date: /home/zqc/ros2_ws/src/portfolio/ROS2/face_detection/install/face_detection_interface/include/face_detection_interface/face_detection_interface
[0.459s] -- Up-to-date: /home/zqc/ros2_ws/src/portfolio/ROS2/face_detection/install/face_detection_interface/include/face_detection_interface/face_detection_interface/srv
[0.459s] -- Up-to-date: /home/zqc/ros2_ws/src/portfolio/ROS2/face_detection/install/face_detection_interface/include/face_detection_interface/face_detection_interface/srv/detail
[0.460s] -- Up-to-date: /home/zqc/ros2_ws/src/portfolio/ROS2/face_detection/install/face_detection_interface/include/face_detection_interface/face_detection_interface/srv/detail/face_detector__rosidl_typesupport_introspection_cpp.hpp
[0.460s] -- Up-to-date: /home/zqc/ros2_ws/src/portfolio/ROS2/face_detection/install/face_detection_interface/include/face_detection_interface/face_detection_interface/srv/detail/face_detector__type_support.cpp
[0.460s] -- Up-to-date: /home/zqc/ros2_ws/src/portfolio/ROS2/face_detection/install/face_detection_interface/lib/libface_detection_interface__rosidl_typesupport_introspection_cpp.so
[0.461s] -- Up-to-date: /home/zqc/ros2_ws/src/portfolio/ROS2/face_detection/install/face_detection_interface/lib/libface_detection_interface__rosidl_typesupport_cpp.so
[0.461s] -- Up-to-date: /home/zqc/ros2_ws/src/portfolio/ROS2/face_detection/install/face_detection_interface/share/face_detection_interface/environment/pythonpath.sh
[0.461s] -- Up-to-date: /home/zqc/ros2_ws/src/portfolio/ROS2/face_detection/install/face_detection_interface/share/face_detection_interface/environment/pythonpath.dsv
[0.461s] -- Up-to-date: /home/zqc/ros2_ws/src/portfolio/ROS2/face_detection/install/face_detection_interface/local/lib/python3.10/dist-packages/face_detection_interface-0.0.0-py3.10.egg-info
[0.461s] -- Installing: /home/zqc/ros2_ws/src/portfolio/ROS2/face_detection/install/face_detection_interface/local/lib/python3.10/dist-packages/face_detection_interface-0.0.0-py3.10.egg-info/dependency_links.txt
[0.461s] -- Installing: /home/zqc/ros2_ws/src/portfolio/ROS2/face_detection/install/face_detection_interface/local/lib/python3.10/dist-packages/face_detection_interface-0.0.0-py3.10.egg-info/PKG-INFO
[0.462s] -- Installing: /home/zqc/ros2_ws/src/portfolio/ROS2/face_detection/install/face_detection_interface/local/lib/python3.10/dist-packages/face_detection_interface-0.0.0-py3.10.egg-info/SOURCES.txt
[0.462s] -- Installing: /home/zqc/ros2_ws/src/portfolio/ROS2/face_detection/install/face_detection_interface/local/lib/python3.10/dist-packages/face_detection_interface-0.0.0-py3.10.egg-info/top_level.txt
[0.462s] -- Up-to-date: /home/zqc/ros2_ws/src/portfolio/ROS2/face_detection/install/face_detection_interface/local/lib/python3.10/dist-packages/face_detection_interface
[0.462s] -- Up-to-date: /home/zqc/ros2_ws/src/portfolio/ROS2/face_detection/install/face_detection_interface/local/lib/python3.10/dist-packages/face_detection_interface/face_detection_interface_s__rosidl_typesupport_introspection_c.cpython-310-x86_64-linux-gnu.so
[0.463s] -- Up-to-date: /home/zqc/ros2_ws/src/portfolio/ROS2/face_detection/install/face_detection_interface/local/lib/python3.10/dist-packages/face_detection_interface/_face_detection_interface_s.ep.rosidl_typesupport_c.c
[0.463s] -- Up-to-date: /home/zqc/ros2_ws/src/portfolio/ROS2/face_detection/install/face_detection_interface/local/lib/python3.10/dist-packages/face_detection_interface/_face_detection_interface_s.ep.rosidl_typesupport_introspection_c.c
[0.463s] -- Up-to-date: /home/zqc/ros2_ws/src/portfolio/ROS2/face_detection/install/face_detection_interface/local/lib/python3.10/dist-packages/face_detection_interface/_face_detection_interface_s.ep.rosidl_typesupport_fastrtps_c.c
[0.463s] -- Up-to-date: /home/zqc/ros2_ws/src/portfolio/ROS2/face_detection/install/face_detection_interface/local/lib/python3.10/dist-packages/face_detection_interface/__init__.py
[0.463s] -- Up-to-date: /home/zqc/ros2_ws/src/portfolio/ROS2/face_detection/install/face_detection_interface/local/lib/python3.10/dist-packages/face_detection_interface/srv
[0.463s] -- Up-to-date: /home/zqc/ros2_ws/src/portfolio/ROS2/face_detection/install/face_detection_interface/local/lib/python3.10/dist-packages/face_detection_interface/srv/_face_detector.py
[0.463s] -- Up-to-date: /home/zqc/ros2_ws/src/portfolio/ROS2/face_detection/install/face_detection_interface/local/lib/python3.10/dist-packages/face_detection_interface/srv/__init__.py
[0.463s] -- Up-to-date: /home/zqc/ros2_ws/src/portfolio/ROS2/face_detection/install/face_detection_interface/local/lib/python3.10/dist-packages/face_detection_interface/srv/_face_detector_s.c
[0.463s] -- Up-to-date: /home/zqc/ros2_ws/src/portfolio/ROS2/face_detection/install/face_detection_interface/local/lib/python3.10/dist-packages/face_detection_interface/face_detection_interface_s__rosidl_typesupport_c.cpython-310-x86_64-linux-gnu.so
[0.463s] -- Up-to-date: /home/zqc/ros2_ws/src/portfolio/ROS2/face_detection/install/face_detection_interface/local/lib/python3.10/dist-packages/face_detection_interface/libface_detection_interface__rosidl_generator_py.so
[0.463s] -- Up-to-date: /home/zqc/ros2_ws/src/portfolio/ROS2/face_detection/install/face_detection_interface/local/lib/python3.10/dist-packages/face_detection_interface/face_detection_interface_s__rosidl_typesupport_fastrtps_c.cpython-310-x86_64-linux-gnu.so
[0.505s] Listing '/home/zqc/ros2_ws/src/portfolio/ROS2/face_detection/install/face_detection_interface/local/lib/python3.10/dist-packages/face_detection_interface'...
[0.505s] Listing '/home/zqc/ros2_ws/src/portfolio/ROS2/face_detection/install/face_detection_interface/local/lib/python3.10/dist-packages/face_detection_interface/srv'...
[0.509s] -- Up-to-date: /home/zqc/ros2_ws/src/portfolio/ROS2/face_detection/install/face_detection_interface/local/lib/python3.10/dist-packages/face_detection_interface/face_detection_interface_s__rosidl_typesupport_fastrtps_c.cpython-310-x86_64-linux-gnu.so
[0.510s] -- Up-to-date: /home/zqc/ros2_ws/src/portfolio/ROS2/face_detection/install/face_detection_interface/local/lib/python3.10/dist-packages/face_detection_interface/face_detection_interface_s__rosidl_typesupport_introspection_c.cpython-310-x86_64-linux-gnu.so
[0.511s] -- Up-to-date: /home/zqc/ros2_ws/src/portfolio/ROS2/face_detection/install/face_detection_interface/local/lib/python3.10/dist-packages/face_detection_interface/face_detection_interface_s__rosidl_typesupport_c.cpython-310-x86_64-linux-gnu.so
[0.512s] -- Up-to-date: /home/zqc/ros2_ws/src/portfolio/ROS2/face_detection/install/face_detection_interface/lib/libface_detection_interface__rosidl_generator_py.so
[0.512s] -- Up-to-date: /home/zqc/ros2_ws/src/portfolio/ROS2/face_detection/install/face_detection_interface/share/face_detection_interface/srv/FaceDetector.idl
[0.512s] -- Up-to-date: /home/zqc/ros2_ws/src/portfolio/ROS2/face_detection/install/face_detection_interface/share/face_detection_interface/srv/FaceDetector.srv
[0.512s] -- Up-to-date: /home/zqc/ros2_ws/src/portfolio/ROS2/face_detection/install/face_detection_interface/share/face_detection_interface/srv/FaceDetector_Request.msg
[0.513s] -- Up-to-date: /home/zqc/ros2_ws/src/portfolio/ROS2/face_detection/install/face_detection_interface/share/face_detection_interface/srv/FaceDetector_Response.msg
[0.513s] -- Up-to-date: /home/zqc/ros2_ws/src/portfolio/ROS2/face_detection/install/face_detection_interface/share/ament_index/resource_index/package_run_dependencies/face_detection_interface
[0.513s] -- Up-to-date: /home/zqc/ros2_ws/src/portfolio/ROS2/face_detection/install/face_detection_interface/share/ament_index/resource_index/parent_prefix_path/face_detection_interface
[0.513s] -- Up-to-date: /home/zqc/ros2_ws/src/portfolio/ROS2/face_detection/install/face_detection_interface/share/face_detection_interface/environment/ament_prefix_path.sh
[0.513s] -- Up-to-date: /home/zqc/ros2_ws/src/portfolio/ROS2/face_detection/install/face_detection_interface/share/face_detection_interface/environment/ament_prefix_path.dsv
[0.513s] -- Up-to-date: /home/zqc/ros2_ws/src/portfolio/ROS2/face_detection/install/face_detection_interface/share/face_detection_interface/environment/path.sh
[0.513s] -- Up-to-date: /home/zqc/ros2_ws/src/portfolio/ROS2/face_detection/install/face_detection_interface/share/face_detection_interface/environment/path.dsv
[0.514s] -- Up-to-date: /home/zqc/ros2_ws/src/portfolio/ROS2/face_detection/install/face_detection_interface/share/face_detection_interface/local_setup.bash
[0.514s] -- Up-to-date: /home/zqc/ros2_ws/src/portfolio/ROS2/face_detection/install/face_detection_interface/share/face_detection_interface/local_setup.sh
[0.514s] -- Up-to-date: /home/zqc/ros2_ws/src/portfolio/ROS2/face_detection/install/face_detection_interface/share/face_detection_interface/local_setup.zsh
[0.514s] -- Up-to-date: /home/zqc/ros2_ws/src/portfolio/ROS2/face_detection/install/face_detection_interface/share/face_detection_interface/local_setup.dsv
[0.514s] -- Installing: /home/zqc/ros2_ws/src/portfolio/ROS2/face_detection/install/face_detection_interface/share/face_detection_interface/package.dsv
[0.514s] -- Up-to-date: /home/zqc/ros2_ws/src/portfolio/ROS2/face_detection/install/face_detection_interface/share/ament_index/resource_index/packages/face_detection_interface
[0.514s] -- Up-to-date: /home/zqc/ros2_ws/src/portfolio/ROS2/face_detection/install/face_detection_interface/share/face_detection_interface/cmake/export_face_detection_interface__rosidl_generator_cExport.cmake
[0.514s] -- Up-to-date: /home/zqc/ros2_ws/src/portfolio/ROS2/face_detection/install/face_detection_interface/share/face_detection_interface/cmake/export_face_detection_interface__rosidl_generator_cExport-noconfig.cmake
[0.515s] -- Up-to-date: /home/zqc/ros2_ws/src/portfolio/ROS2/face_detection/install/face_detection_interface/share/face_detection_interface/cmake/export_face_detection_interface__rosidl_typesupport_fastrtps_cExport.cmake
[0.515s] -- Up-to-date: /home/zqc/ros2_ws/src/portfolio/ROS2/face_detection/install/face_detection_interface/share/face_detection_interface/cmake/export_face_detection_interface__rosidl_typesupport_fastrtps_cExport-noconfig.cmake
[0.515s] -- Up-to-date: /home/zqc/ros2_ws/src/portfolio/ROS2/face_detection/install/face_detection_interface/share/face_detection_interface/cmake/export_face_detection_interface__rosidl_generator_cppExport.cmake
[0.516s] -- Up-to-date: /home/zqc/ros2_ws/src/portfolio/ROS2/face_detection/install/face_detection_interface/share/face_detection_interface/cmake/export_face_detection_interface__rosidl_typesupport_fastrtps_cppExport.cmake
[0.516s] -- Up-to-date: /home/zqc/ros2_ws/src/portfolio/ROS2/face_detection/install/face_detection_interface/share/face_detection_interface/cmake/export_face_detection_interface__rosidl_typesupport_fastrtps_cppExport-noconfig.cmake
[0.517s] -- Up-to-date: /home/zqc/ros2_ws/src/portfolio/ROS2/face_detection/install/face_detection_interface/share/face_detection_interface/cmake/face_detection_interface__rosidl_typesupport_introspection_cExport.cmake
[0.517s] -- Up-to-date: /home/zqc/ros2_ws/src/portfolio/ROS2/face_detection/install/face_detection_interface/share/face_detection_interface/cmake/face_detection_interface__rosidl_typesupport_introspection_cExport-noconfig.cmake
[0.517s] -- Up-to-date: /home/zqc/ros2_ws/src/portfolio/ROS2/face_detection/install/face_detection_interface/share/face_detection_interface/cmake/face_detection_interface__rosidl_typesupport_cExport.cmake
[0.517s] -- Up-to-date: /home/zqc/ros2_ws/src/portfolio/ROS2/face_detection/install/face_detection_interface/share/face_detection_interface/cmake/face_detection_interface__rosidl_typesupport_cExport-noconfig.cmake
[0.518s] -- Up-to-date: /home/zqc/ros2_ws/src/portfolio/ROS2/face_detection/install/face_detection_interface/share/face_detection_interface/cmake/face_detection_interface__rosidl_typesupport_introspection_cppExport.cmake
[0.518s] -- Up-to-date: /home/zqc/ros2_ws/src/portfolio/ROS2/face_detection/install/face_detection_interface/share/face_detection_interface/cmake/face_detection_interface__rosidl_typesupport_introspection_cppExport-noconfig.cmake
[0.518s] -- Up-to-date: /home/zqc/ros2_ws/src/portfolio/ROS2/face_detection/install/face_detection_interface/share/face_detection_interface/cmake/face_detection_interface__rosidl_typesupport_cppExport.cmake
[0.518s] -- Up-to-date: /home/zqc/ros2_ws/src/portfolio/ROS2/face_detection/install/face_detection_interface/share/face_detection_interface/cmake/face_detection_interface__rosidl_typesupport_cppExport-noconfig.cmake
[0.519s] -- Up-to-date: /home/zqc/ros2_ws/src/portfolio/ROS2/face_detection/install/face_detection_interface/share/face_detection_interface/cmake/export_face_detection_interface__rosidl_generator_pyExport.cmake
[0.519s] -- Up-to-date: /home/zqc/ros2_ws/src/portfolio/ROS2/face_detection/install/face_detection_interface/share/face_detection_interface/cmake/export_face_detection_interface__rosidl_generator_pyExport-noconfig.cmake
[0.519s] -- Up-to-date: /home/zqc/ros2_ws/src/portfolio/ROS2/face_detection/install/face_detection_interface/share/face_detection_interface/cmake/rosidl_cmake-extras.cmake
[0.519s] -- Up-to-date: /home/zqc/ros2_ws/src/portfolio/ROS2/face_detection/install/face_detection_interface/share/face_detection_interface/cmake/ament_cmake_export_dependencies-extras.cmake
[0.519s] -- Up-to-date: /home/zqc/ros2_ws/src/portfolio/ROS2/face_detection/install/face_detection_interface/share/face_detection_interface/cmake/ament_cmake_export_include_directories-extras.cmake
[0.519s] -- Up-to-date: /home/zqc/ros2_ws/src/portfolio/ROS2/face_detection/install/face_detection_interface/share/face_detection_interface/cmake/ament_cmake_export_libraries-extras.cmake
[0.519s] -- Up-to-date: /home/zqc/ros2_ws/src/portfolio/ROS2/face_detection/install/face_detection_interface/share/face_detection_interface/cmake/ament_cmake_export_targets-extras.cmake
[0.520s] -- Up-to-date: /home/zqc/ros2_ws/src/portfolio/ROS2/face_detection/install/face_detection_interface/share/face_detection_interface/cmake/rosidl_cmake_export_typesupport_targets-extras.cmake
[0.520s] -- Up-to-date: /home/zqc/ros2_ws/src/portfolio/ROS2/face_detection/install/face_detection_interface/share/face_detection_interface/cmake/rosidl_cmake_export_typesupport_libraries-extras.cmake
[0.520s] -- Up-to-date: /home/zqc/ros2_ws/src/portfolio/ROS2/face_detection/install/face_detection_interface/share/face_detection_interface/cmake/face_detection_interfaceConfig.cmake
[0.520s] -- Up-to-date: /home/zqc/ros2_ws/src/portfolio/ROS2/face_detection/install/face_detection_interface/share/face_detection_interface/cmake/face_detection_interfaceConfig-version.cmake
[0.520s] -- Up-to-date: /home/zqc/ros2_ws/src/portfolio/ROS2/face_detection/install/face_detection_interface/share/face_detection_interface/package.xml
[0.522s] Invoked command in '/home/zqc/ros2_ws/src/portfolio/ROS2/face_detection/build/face_detection_interface' returned '0': CMAKE_PREFIX_PATH=${CMAKE_PREFIX_PATH}:/home/zqc/ros2_ws/install/urdf_tutorial:/home/zqc/ros2_ws/install/launch_testing_examples:/home/zqc/ros2_ws/install/examples_rclpy_pointcloud_publisher:/home/zqc/ros2_ws/install/examples_rclpy_minimal_subscriber:/home/zqc/ros2_ws/install/examples_rclpy_minimal_service:/home/zqc/ros2_ws/install/examples_rclpy_minimal_publisher:/home/zqc/ros2_ws/install/examples_rclpy_minimal_client:/home/zqc/ros2_ws/install/examples_rclpy_minimal_action_server:/home/zqc/ros2_ws/install/examples_rclpy_minimal_action_client:/home/zqc/ros2_ws/install/examples_rclpy_guard_conditions:/home/zqc/ros2_ws/install/examples_rclpy_executors:/home/zqc/ros2_ws/install/examples_rclcpp_multithreaded_executor:/home/zqc/ros2_ws/install/examples_rclcpp_minimal_timer:/home/zqc/ros2_ws/install/examples_rclcpp_minimal_subscriber:/home/zqc/ros2_ws/install/examples_rclcpp_minimal_publisher:/home/zqc/ros2_ws/install/examples_rclcpp_cbg_executor:/home/zqc/ros2_ws/install/cpp_pubsub:/home/zqc/ros2_ws/install/cpp_parameters:/home/zqc/ros2_ws/src/install/launch_testing_examples:/home/zqc/ros2_ws/src/install/examples_rclpy_pointcloud_publisher:/home/zqc/ros2_ws/src/install/examples_rclpy_minimal_subscriber:/home/zqc/ros2_ws/src/install/examples_rclpy_minimal_service:/home/zqc/ros2_ws/src/install/examples_rclpy_minimal_publisher:/home/zqc/ros2_ws/src/install/examples_rclpy_minimal_client:/home/zqc/ros2_ws/src/install/examples_rclpy_minimal_action_server:/home/zqc/ros2_ws/src/install/examples_rclpy_minimal_action_client:/home/zqc/ros2_ws/src/install/examples_rclpy_guard_conditions:/home/zqc/ros2_ws/src/install/examples_rclpy_executors:/opt/ros/humble /usr/bin/cmake --install /home/zqc/ros2_ws/src/portfolio/ROS2/face_detection/build/face_detection_interface
