[0.020s] Invoking command in '/home/zqc/ros2_ws/src/portfolio/ROS2/face_detection/build/face_detection_interface': CMAKE_PREFIX_PATH=${CMAKE_PREFIX_PATH}:/home/zqc/ros2_ws/install/urdf_tutorial:/home/zqc/ros2_ws/install/launch_testing_examples:/home/zqc/ros2_ws/install/examples_rclpy_pointcloud_publisher:/home/zqc/ros2_ws/install/examples_rclpy_minimal_subscriber:/home/zqc/ros2_ws/install/examples_rclpy_minimal_service:/home/zqc/ros2_ws/install/examples_rclpy_minimal_publisher:/home/zqc/ros2_ws/install/examples_rclpy_minimal_client:/home/zqc/ros2_ws/install/examples_rclpy_minimal_action_server:/home/zqc/ros2_ws/install/examples_rclpy_minimal_action_client:/home/zqc/ros2_ws/install/examples_rclpy_guard_conditions:/home/zqc/ros2_ws/install/examples_rclpy_executors:/home/zqc/ros2_ws/install/examples_rclcpp_multithreaded_executor:/home/zqc/ros2_ws/install/examples_rclcpp_minimal_timer:/home/zqc/ros2_ws/install/examples_rclcpp_minimal_subscriber:/home/zqc/ros2_ws/install/examples_rclcpp_minimal_publisher:/home/zqc/ros2_ws/install/examples_rclcpp_cbg_executor:/home/zqc/ros2_ws/install/cpp_pubsub:/home/zqc/ros2_ws/install/cpp_parameters:/home/zqc/ros2_ws/src/install/launch_testing_examples:/home/zqc/ros2_ws/src/install/examples_rclpy_pointcloud_publisher:/home/zqc/ros2_ws/src/install/examples_rclpy_minimal_subscriber:/home/zqc/ros2_ws/src/install/examples_rclpy_minimal_service:/home/zqc/ros2_ws/src/install/examples_rclpy_minimal_publisher:/home/zqc/ros2_ws/src/install/examples_rclpy_minimal_client:/home/zqc/ros2_ws/src/install/examples_rclpy_minimal_action_server:/home/zqc/ros2_ws/src/install/examples_rclpy_minimal_action_client:/home/zqc/ros2_ws/src/install/examples_rclpy_guard_conditions:/home/zqc/ros2_ws/src/install/examples_rclpy_executors:/opt/ros/humble /usr/bin/cmake --build /home/zqc/ros2_ws/src/portfolio/ROS2/face_detection/build/face_detection_interface -- -j16 -l16
[0.121s] [  3%] Built target face_detection_interface__cpp
[0.122s] [ 12%] Built target face_detection_interface__rosidl_generator_c
[0.137s] [ 12%] Built target ament_cmake_python_copy_face_detection_interface
[0.149s] [ 22%] Built target face_detection_interface__rosidl_typesupport_c
[0.151s] [ 32%] Built target face_detection_interface__rosidl_typesupport_introspection_cpp
[0.152s] [ 48%] Built target face_detection_interface__rosidl_typesupport_introspection_c
[0.152s] [ 58%] Built target face_detection_interface__rosidl_typesupport_cpp
[0.152s] [ 64%] Built target face_detection_interface__rosidl_typesupport_fastrtps_cpp
[0.152s] [ 70%] Built target face_detection_interface__rosidl_typesupport_fastrtps_c
[0.175s] [ 70%] Built target face_detection_interface
[0.198s] [ 74%] Built target face_detection_interface__py
[0.224s] [ 80%] Built target face_detection_interface__rosidl_generator_py
[0.251s] [100%] Built target face_detection_interface__rosidl_typesupport_c__pyext
[0.251s] [100%] Built target face_detection_interface__rosidl_typesupport_fastrtps_c__pyext
[0.251s] [100%] Built target face_detection_interface__rosidl_typesupport_introspection_c__pyext
[0.375s] running egg_info
[0.375s] writing face_detection_interface.egg-info/PKG-INFO
[0.376s] writing dependency_links to face_detection_interface.egg-info/dependency_links.txt
[0.376s] writing top-level names to face_detection_interface.egg-info/top_level.txt
[0.378s] reading manifest file 'face_detection_interface.egg-info/SOURCES.txt'
[0.379s] writing manifest file 'face_detection_interface.egg-info/SOURCES.txt'
[0.401s] [100%] Built target ament_cmake_python_build_face_detection_interface_egg
[0.413s] Invoked command in '/home/zqc/ros2_ws/src/portfolio/ROS2/face_detection/build/face_detection_interface' returned '0': CMAKE_PREFIX_PATH=${CMAKE_PREFIX_PATH}:/home/zqc/ros2_ws/install/urdf_tutorial:/home/zqc/ros2_ws/install/launch_testing_examples:/home/zqc/ros2_ws/install/examples_rclpy_pointcloud_publisher:/home/zqc/ros2_ws/install/examples_rclpy_minimal_subscriber:/home/zqc/ros2_ws/install/examples_rclpy_minimal_service:/home/zqc/ros2_ws/install/examples_rclpy_minimal_publisher:/home/zqc/ros2_ws/install/examples_rclpy_minimal_client:/home/zqc/ros2_ws/install/examples_rclpy_minimal_action_server:/home/zqc/ros2_ws/install/examples_rclpy_minimal_action_client:/home/zqc/ros2_ws/install/examples_rclpy_guard_conditions:/home/zqc/ros2_ws/install/examples_rclpy_executors:/home/zqc/ros2_ws/install/examples_rclcpp_multithreaded_executor:/home/zqc/ros2_ws/install/examples_rclcpp_minimal_timer:/home/zqc/ros2_ws/install/examples_rclcpp_minimal_subscriber:/home/zqc/ros2_ws/install/examples_rclcpp_minimal_publisher:/home/zqc/ros2_ws/install/examples_rclcpp_cbg_executor:/home/zqc/ros2_ws/install/cpp_pubsub:/home/zqc/ros2_ws/install/cpp_parameters:/home/zqc/ros2_ws/src/install/launch_testing_examples:/home/zqc/ros2_ws/src/install/examples_rclpy_pointcloud_publisher:/home/zqc/ros2_ws/src/install/examples_rclpy_minimal_subscriber:/home/zqc/ros2_ws/src/install/examples_rclpy_minimal_service:/home/zqc/ros2_ws/src/install/examples_rclpy_minimal_publisher:/home/zqc/ros2_ws/src/install/examples_rclpy_minimal_client:/home/zqc/ros2_ws/src/install/examples_rclpy_minimal_action_server:/home/zqc/ros2_ws/src/install/examples_rclpy_minimal_action_client:/home/zqc/ros2_ws/src/install/examples_rclpy_guard_conditions:/home/zqc/ros2_ws/src/install/examples_rclpy_executors:/opt/ros/humble /usr/bin/cmake --build /home/zqc/ros2_ws/src/portfolio/ROS2/face_detection/build/face_detection_interface -- -j16 -l16
[0.424s] Invoking command in '/home/zqc/ros2_ws/src/portfolio/ROS2/face_detection/build/face_detection_interface': CMAKE_PREFIX_PATH=${CMAKE_PREFIX_PATH}:/home/zqc/ros2_ws/install/urdf_tutorial:/home/zqc/ros2_ws/install/launch_testing_examples:/home/zqc/ros2_ws/install/examples_rclpy_pointcloud_publisher:/home/zqc/ros2_ws/install/examples_rclpy_minimal_subscriber:/home/zqc/ros2_ws/install/examples_rclpy_minimal_service:/home/zqc/ros2_ws/install/examples_rclpy_minimal_publisher:/home/zqc/ros2_ws/install/examples_rclpy_minimal_client:/home/zqc/ros2_ws/install/examples_rclpy_minimal_action_server:/home/zqc/ros2_ws/install/examples_rclpy_minimal_action_client:/home/zqc/ros2_ws/install/examples_rclpy_guard_conditions:/home/zqc/ros2_ws/install/examples_rclpy_executors:/home/zqc/ros2_ws/install/examples_rclcpp_multithreaded_executor:/home/zqc/ros2_ws/install/examples_rclcpp_minimal_timer:/home/zqc/ros2_ws/install/examples_rclcpp_minimal_subscriber:/home/zqc/ros2_ws/install/examples_rclcpp_minimal_publisher:/home/zqc/ros2_ws/install/examples_rclcpp_cbg_executor:/home/zqc/ros2_ws/install/cpp_pubsub:/home/zqc/ros2_ws/install/cpp_parameters:/home/zqc/ros2_ws/src/install/launch_testing_examples:/home/zqc/ros2_ws/src/install/examples_rclpy_pointcloud_publisher:/home/zqc/ros2_ws/src/install/examples_rclpy_minimal_subscriber:/home/zqc/ros2_ws/src/install/examples_rclpy_minimal_service:/home/zqc/ros2_ws/src/install/examples_rclpy_minimal_publisher:/home/zqc/ros2_ws/src/install/examples_rclpy_minimal_client:/home/zqc/ros2_ws/src/install/examples_rclpy_minimal_action_server:/home/zqc/ros2_ws/src/install/examples_rclpy_minimal_action_client:/home/zqc/ros2_ws/src/install/examples_rclpy_guard_conditions:/home/zqc/ros2_ws/src/install/examples_rclpy_executors:/opt/ros/humble /usr/bin/cmake --install /home/zqc/ros2_ws/src/portfolio/ROS2/face_detection/build/face_detection_interface
[0.434s] -- Install configuration: ""
[0.434s] -- Up-to-date: /home/zqc/ros2_ws/src/portfolio/ROS2/face_detection/install/face_detection_interface/share/ament_index/resource_index/rosidl_interfaces/face_detection_interface
[0.434s] -- Up-to-date: /home/zqc/ros2_ws/src/portfolio/ROS2/face_detection/install/face_detection_interface/include/face_detection_interface/face_detection_interface
[0.435s] -- Up-to-date: /home/zqc/ros2_ws/src/portfolio/ROS2/face_detection/install/face_detection_interface/include/face_detection_interface/face_detection_interface/srv
[0.435s] -- Up-to-date: /home/zqc/ros2_ws/src/portfolio/ROS2/face_detection/install/face_detection_interface/include/face_detection_interface/face_detection_interface/srv/detail
[0.435s] -- Up-to-date: /home/zqc/ros2_ws/src/portfolio/ROS2/face_detection/install/face_detection_interface/include/face_detection_interface/face_detection_interface/srv/detail/face_detector__functions.c
[0.435s] -- Up-to-date: /home/zqc/ros2_ws/src/portfolio/ROS2/face_detection/install/face_detection_interface/include/face_detection_interface/face_detection_interface/srv/detail/face_detector__functions.h
[0.435s] -- Up-to-date: /home/zqc/ros2_ws/src/portfolio/ROS2/face_detection/install/face_detection_interface/include/face_detection_interface/face_detection_interface/srv/detail/face_detector__type_support.h
[0.436s] -- Up-to-date: /home/zqc/ros2_ws/src/portfolio/ROS2/face_detection/install/face_detection_interface/include/face_detection_interface/face_detection_interface/srv/detail/face_detector__struct.h
[0.436s] -- Up-to-date: /home/zqc/ros2_ws/src/portfolio/ROS2/face_detection/install/face_detection_interface/include/face_detection_interface/face_detection_interface/srv/face_detector.h
[0.436s] -- Up-to-date: /home/zqc/ros2_ws/src/portfolio/ROS2/face_detection/install/face_detection_interface/include/face_detection_interface/face_detection_interface/msg
[0.436s] -- Up-to-date: /home/zqc/ros2_ws/src/portfolio/ROS2/face_detection/install/face_detection_interface/include/face_detection_interface/face_detection_interface/msg/rosidl_generator_c__visibility_control.h
[0.436s] -- Up-to-date: /home/zqc/ros2_ws/src/portfolio/ROS2/face_detection/install/face_detection_interface/share/face_detection_interface/environment/library_path.sh
[0.436s] -- Up-to-date: /home/zqc/ros2_ws/src/portfolio/ROS2/face_detection/install/face_detection_interface/share/face_detection_interface/environment/library_path.dsv
[0.437s] -- Up-to-date: /home/zqc/ros2_ws/src/portfolio/ROS2/face_detection/install/face_detection_interface/lib/libface_detection_interface__rosidl_generator_c.so
[0.437s] -- Up-to-date: /home/zqc/ros2_ws/src/portfolio/ROS2/face_detection/install/face_detection_interface/include/face_detection_interface/face_detection_interface
[0.438s] -- Up-to-date: /home/zqc/ros2_ws/src/portfolio/ROS2/face_detection/install/face_detection_interface/include/face_detection_interface/face_detection_interface/srv
[0.438s] -- Up-to-date: /home/zqc/ros2_ws/src/portfolio/ROS2/face_detection/install/face_detection_interface/include/face_detection_interface/face_detection_interface/srv/detail
[0.439s] -- Up-to-date: /home/zqc/ros2_ws/src/portfolio/ROS2/face_detection/install/face_detection_interface/include/face_detection_interface/face_detection_interface/srv/detail/face_detector__rosidl_typesupport_fastrtps_c.h
[0.439s] -- Up-to-date: /home/zqc/ros2_ws/src/portfolio/ROS2/face_detection/install/face_detection_interface/include/face_detection_interface/face_detection_interface/msg
[0.439s] -- Up-to-date: /home/zqc/ros2_ws/src/portfolio/ROS2/face_detection/install/face_detection_interface/include/face_detection_interface/face_detection_interface/msg/rosidl_typesupport_fastrtps_c__visibility_control.h
[0.440s] -- Up-to-date: /home/zqc/ros2_ws/src/portfolio/ROS2/face_detection/install/face_detection_interface/lib/libface_detection_interface__rosidl_typesupport_fastrtps_c.so
[0.440s] -- Up-to-date: /home/zqc/ros2_ws/src/portfolio/ROS2/face_detection/install/face_detection_interface/include/face_detection_interface/face_detection_interface
[0.440s] -- Up-to-date: /home/zqc/ros2_ws/src/portfolio/ROS2/face_detection/install/face_detection_interface/include/face_detection_interface/face_detection_interface/srv
[0.441s] -- Up-to-date: /home/zqc/ros2_ws/src/portfolio/ROS2/face_detection/install/face_detection_interface/include/face_detection_interface/face_detection_interface/srv/detail
[0.441s] -- Up-to-date: /home/zqc/ros2_ws/src/portfolio/ROS2/face_detection/install/face_detection_interface/include/face_detection_interface/face_detection_interface/srv/detail/face_detector__builder.hpp
[0.441s] -- Up-to-date: /home/zqc/ros2_ws/src/portfolio/ROS2/face_detection/install/face_detection_interface/include/face_detection_interface/face_detection_interface/srv/detail/face_detector__type_support.hpp
[0.441s] -- Up-to-date: /home/zqc/ros2_ws/src/portfolio/ROS2/face_detection/install/face_detection_interface/include/face_detection_interface/face_detection_interface/srv/detail/face_detector__struct.hpp
[0.441s] -- Up-to-date: /home/zqc/ros2_ws/src/portfolio/ROS2/face_detection/install/face_detection_interface/include/face_detection_interface/face_detection_interface/srv/detail/face_detector__traits.hpp
[0.441s] -- Up-to-date: /home/zqc/ros2_ws/src/portfolio/ROS2/face_detection/install/face_detection_interface/include/face_detection_interface/face_detection_interface/srv/face_detector.hpp
[0.441s] -- Up-to-date: /home/zqc/ros2_ws/src/portfolio/ROS2/face_detection/install/face_detection_interface/include/face_detection_interface/face_detection_interface/msg
[0.442s] -- Up-to-date: /home/zqc/ros2_ws/src/portfolio/ROS2/face_detection/install/face_detection_interface/include/face_detection_interface/face_detection_interface/msg/rosidl_generator_cpp__visibility_control.hpp
[0.442s] -- Up-to-date: /home/zqc/ros2_ws/src/portfolio/ROS2/face_detection/install/face_detection_interface/include/face_detection_interface/face_detection_interface
[0.442s] -- Up-to-date: /home/zqc/ros2_ws/src/portfolio/ROS2/face_detection/install/face_detection_interface/include/face_detection_interface/face_detection_interface/srv
[0.442s] -- Up-to-date: /home/zqc/ros2_ws/src/portfolio/ROS2/face_detection/install/face_detection_interface/include/face_detection_interface/face_detection_interface/srv/detail
[0.442s] -- Up-to-date: /home/zqc/ros2_ws/src/portfolio/ROS2/face_detection/install/face_detection_interface/include/face_detection_interface/face_detection_interface/srv/detail/dds_fastrtps
[0.443s] -- Up-to-date: /home/zqc/ros2_ws/src/portfolio/ROS2/face_detection/install/face_detection_interface/include/face_detection_interface/face_detection_interface/srv/detail/face_detector__rosidl_typesupport_fastrtps_cpp.hpp
[0.443s] -- Up-to-date: /home/zqc/ros2_ws/src/portfolio/ROS2/face_detection/install/face_detection_interface/include/face_detection_interface/face_detection_interface/msg
[0.443s] -- Up-to-date: /home/zqc/ros2_ws/src/portfolio/ROS2/face_detection/install/face_detection_interface/include/face_detection_interface/face_detection_interface/msg/rosidl_typesupport_fastrtps_cpp__visibility_control.h
[0.444s] -- Up-to-date: /home/zqc/ros2_ws/src/portfolio/ROS2/face_detection/install/face_detection_interface/lib/libface_detection_interface__rosidl_typesupport_fastrtps_cpp.so
[0.444s] -- Up-to-date: /home/zqc/ros2_ws/src/portfolio/ROS2/face_detection/install/face_detection_interface/include/face_detection_interface/face_detection_interface
[0.445s] -- Up-to-date: /home/zqc/ros2_ws/src/portfolio/ROS2/face_detection/install/face_detection_interface/include/face_detection_interface/face_detection_interface/srv
[0.445s] -- Up-to-date: /home/zqc/ros2_ws/src/portfolio/ROS2/face_detection/install/face_detection_interface/include/face_detection_interface/face_detection_interface/srv/detail
[0.445s] -- Up-to-date: /home/zqc/ros2_ws/src/portfolio/ROS2/face_detection/install/face_detection_interface/include/face_detection_interface/face_detection_interface/srv/detail/face_detector__type_support.c
[0.445s] -- Up-to-date: /home/zqc/ros2_ws/src/portfolio/ROS2/face_detection/install/face_detection_interface/include/face_detection_interface/face_detection_interface/srv/detail/face_detector__rosidl_typesupport_introspection_c.h
[0.445s] -- Up-to-date: /home/zqc/ros2_ws/src/portfolio/ROS2/face_detection/install/face_detection_interface/include/face_detection_interface/face_detection_interface/msg
[0.445s] -- Up-to-date: /home/zqc/ros2_ws/src/portfolio/ROS2/face_detection/install/face_detection_interface/include/face_detection_interface/face_detection_interface/msg/rosidl_typesupport_introspection_c__visibility_control.h
[0.446s] -- Up-to-date: /home/zqc/ros2_ws/src/portfolio/ROS2/face_detection/install/face_detection_interface/lib/libface_detection_interface__rosidl_typesupport_introspection_c.so
[0.447s] -- Up-to-date: /home/zqc/ros2_ws/src/portfolio/ROS2/face_detection/install/face_detection_interface/lib/libface_detection_interface__rosidl_typesupport_c.so
[0.447s] -- Up-to-date: /home/zqc/ros2_ws/src/portfolio/ROS2/face_detection/install/face_detection_interface/include/face_detection_interface/face_detection_interface
[0.448s] -- Up-to-date: /home/zqc/ros2_ws/src/portfolio/ROS2/face_detection/install/face_detection_interface/include/face_detection_interface/face_detection_interface/srv
[0.448s] -- Up-to-date: /home/zqc/ros2_ws/src/portfolio/ROS2/face_detection/install/face_detection_interface/include/face_detection_interface/face_detection_interface/srv/detail
[0.448s] -- Up-to-date: /home/zqc/ros2_ws/src/portfolio/ROS2/face_detection/install/face_detection_interface/include/face_detection_interface/face_detection_interface/srv/detail/face_detector__rosidl_typesupport_introspection_cpp.hpp
[0.448s] -- Up-to-date: /home/zqc/ros2_ws/src/portfolio/ROS2/face_detection/install/face_detection_interface/include/face_detection_interface/face_detection_interface/srv/detail/face_detector__type_support.cpp
[0.449s] -- Up-to-date: /home/zqc/ros2_ws/src/portfolio/ROS2/face_detection/install/face_detection_interface/lib/libface_detection_interface__rosidl_typesupport_introspection_cpp.so
[0.450s] -- Up-to-date: /home/zqc/ros2_ws/src/portfolio/ROS2/face_detection/install/face_detection_interface/lib/libface_detection_interface__rosidl_typesupport_cpp.so
[0.450s] -- Up-to-date: /home/zqc/ros2_ws/src/portfolio/ROS2/face_detection/install/face_detection_interface/share/face_detection_interface/environment/pythonpath.sh
[0.451s] -- Up-to-date: /home/zqc/ros2_ws/src/portfolio/ROS2/face_detection/install/face_detection_interface/share/face_detection_interface/environment/pythonpath.dsv
[0.451s] -- Up-to-date: /home/zqc/ros2_ws/src/portfolio/ROS2/face_detection/install/face_detection_interface/local/lib/python3.10/dist-packages/face_detection_interface-0.0.0-py3.10.egg-info
[0.451s] -- Installing: /home/zqc/ros2_ws/src/portfolio/ROS2/face_detection/install/face_detection_interface/local/lib/python3.10/dist-packages/face_detection_interface-0.0.0-py3.10.egg-info/dependency_links.txt
[0.451s] -- Installing: /home/zqc/ros2_ws/src/portfolio/ROS2/face_detection/install/face_detection_interface/local/lib/python3.10/dist-packages/face_detection_interface-0.0.0-py3.10.egg-info/PKG-INFO
[0.451s] -- Installing: /home/zqc/ros2_ws/src/portfolio/ROS2/face_detection/install/face_detection_interface/local/lib/python3.10/dist-packages/face_detection_interface-0.0.0-py3.10.egg-info/SOURCES.txt
[0.452s] -- Installing: /home/zqc/ros2_ws/src/portfolio/ROS2/face_detection/install/face_detection_interface/local/lib/python3.10/dist-packages/face_detection_interface-0.0.0-py3.10.egg-info/top_level.txt
[0.452s] -- Up-to-date: /home/zqc/ros2_ws/src/portfolio/ROS2/face_detection/install/face_detection_interface/local/lib/python3.10/dist-packages/face_detection_interface
[0.452s] -- Up-to-date: /home/zqc/ros2_ws/src/portfolio/ROS2/face_detection/install/face_detection_interface/local/lib/python3.10/dist-packages/face_detection_interface/face_detection_interface_s__rosidl_typesupport_introspection_c.cpython-310-x86_64-linux-gnu.so
[0.452s] -- Up-to-date: /home/zqc/ros2_ws/src/portfolio/ROS2/face_detection/install/face_detection_interface/local/lib/python3.10/dist-packages/face_detection_interface/_face_detection_interface_s.ep.rosidl_typesupport_c.c
[0.452s] -- Up-to-date: /home/zqc/ros2_ws/src/portfolio/ROS2/face_detection/install/face_detection_interface/local/lib/python3.10/dist-packages/face_detection_interface/_face_detection_interface_s.ep.rosidl_typesupport_introspection_c.c
[0.452s] -- Up-to-date: /home/zqc/ros2_ws/src/portfolio/ROS2/face_detection/install/face_detection_interface/local/lib/python3.10/dist-packages/face_detection_interface/_face_detection_interface_s.ep.rosidl_typesupport_fastrtps_c.c
[0.452s] -- Up-to-date: /home/zqc/ros2_ws/src/portfolio/ROS2/face_detection/install/face_detection_interface/local/lib/python3.10/dist-packages/face_detection_interface/__init__.py
[0.452s] -- Up-to-date: /home/zqc/ros2_ws/src/portfolio/ROS2/face_detection/install/face_detection_interface/local/lib/python3.10/dist-packages/face_detection_interface/srv
[0.452s] -- Up-to-date: /home/zqc/ros2_ws/src/portfolio/ROS2/face_detection/install/face_detection_interface/local/lib/python3.10/dist-packages/face_detection_interface/srv/_face_detector.py
[0.452s] -- Up-to-date: /home/zqc/ros2_ws/src/portfolio/ROS2/face_detection/install/face_detection_interface/local/lib/python3.10/dist-packages/face_detection_interface/srv/__init__.py
[0.452s] -- Up-to-date: /home/zqc/ros2_ws/src/portfolio/ROS2/face_detection/install/face_detection_interface/local/lib/python3.10/dist-packages/face_detection_interface/srv/_face_detector_s.c
[0.452s] -- Up-to-date: /home/zqc/ros2_ws/src/portfolio/ROS2/face_detection/install/face_detection_interface/local/lib/python3.10/dist-packages/face_detection_interface/face_detection_interface_s__rosidl_typesupport_c.cpython-310-x86_64-linux-gnu.so
[0.453s] -- Up-to-date: /home/zqc/ros2_ws/src/portfolio/ROS2/face_detection/install/face_detection_interface/local/lib/python3.10/dist-packages/face_detection_interface/libface_detection_interface__rosidl_generator_py.so
[0.453s] -- Up-to-date: /home/zqc/ros2_ws/src/portfolio/ROS2/face_detection/install/face_detection_interface/local/lib/python3.10/dist-packages/face_detection_interface/face_detection_interface_s__rosidl_typesupport_fastrtps_c.cpython-310-x86_64-linux-gnu.so
[0.490s] Listing '/home/zqc/ros2_ws/src/portfolio/ROS2/face_detection/install/face_detection_interface/local/lib/python3.10/dist-packages/face_detection_interface'...
[0.490s] Listing '/home/zqc/ros2_ws/src/portfolio/ROS2/face_detection/install/face_detection_interface/local/lib/python3.10/dist-packages/face_detection_interface/srv'...
[0.494s] -- Up-to-date: /home/zqc/ros2_ws/src/portfolio/ROS2/face_detection/install/face_detection_interface/local/lib/python3.10/dist-packages/face_detection_interface/face_detection_interface_s__rosidl_typesupport_fastrtps_c.cpython-310-x86_64-linux-gnu.so
[0.495s] -- Up-to-date: /home/zqc/ros2_ws/src/portfolio/ROS2/face_detection/install/face_detection_interface/local/lib/python3.10/dist-packages/face_detection_interface/face_detection_interface_s__rosidl_typesupport_introspection_c.cpython-310-x86_64-linux-gnu.so
[0.496s] -- Up-to-date: /home/zqc/ros2_ws/src/portfolio/ROS2/face_detection/install/face_detection_interface/local/lib/python3.10/dist-packages/face_detection_interface/face_detection_interface_s__rosidl_typesupport_c.cpython-310-x86_64-linux-gnu.so
[0.496s] -- Up-to-date: /home/zqc/ros2_ws/src/portfolio/ROS2/face_detection/install/face_detection_interface/lib/libface_detection_interface__rosidl_generator_py.so
[0.497s] -- Up-to-date: /home/zqc/ros2_ws/src/portfolio/ROS2/face_detection/install/face_detection_interface/share/face_detection_interface/srv/FaceDetector.idl
[0.497s] -- Up-to-date: /home/zqc/ros2_ws/src/portfolio/ROS2/face_detection/install/face_detection_interface/share/face_detection_interface/srv/FaceDetector.srv
[0.497s] -- Up-to-date: /home/zqc/ros2_ws/src/portfolio/ROS2/face_detection/install/face_detection_interface/share/face_detection_interface/srv/FaceDetector_Request.msg
[0.497s] -- Up-to-date: /home/zqc/ros2_ws/src/portfolio/ROS2/face_detection/install/face_detection_interface/share/face_detection_interface/srv/FaceDetector_Response.msg
[0.497s] -- Up-to-date: /home/zqc/ros2_ws/src/portfolio/ROS2/face_detection/install/face_detection_interface/share/ament_index/resource_index/package_run_dependencies/face_detection_interface
[0.497s] -- Up-to-date: /home/zqc/ros2_ws/src/portfolio/ROS2/face_detection/install/face_detection_interface/share/ament_index/resource_index/parent_prefix_path/face_detection_interface
[0.497s] -- Up-to-date: /home/zqc/ros2_ws/src/portfolio/ROS2/face_detection/install/face_detection_interface/share/face_detection_interface/environment/ament_prefix_path.sh
[0.497s] -- Up-to-date: /home/zqc/ros2_ws/src/portfolio/ROS2/face_detection/install/face_detection_interface/share/face_detection_interface/environment/ament_prefix_path.dsv
[0.497s] -- Up-to-date: /home/zqc/ros2_ws/src/portfolio/ROS2/face_detection/install/face_detection_interface/share/face_detection_interface/environment/path.sh
[0.498s] -- Up-to-date: /home/zqc/ros2_ws/src/portfolio/ROS2/face_detection/install/face_detection_interface/share/face_detection_interface/environment/path.dsv
[0.498s] -- Up-to-date: /home/zqc/ros2_ws/src/portfolio/ROS2/face_detection/install/face_detection_interface/share/face_detection_interface/local_setup.bash
[0.498s] -- Up-to-date: /home/zqc/ros2_ws/src/portfolio/ROS2/face_detection/install/face_detection_interface/share/face_detection_interface/local_setup.sh
[0.498s] -- Up-to-date: /home/zqc/ros2_ws/src/portfolio/ROS2/face_detection/install/face_detection_interface/share/face_detection_interface/local_setup.zsh
[0.498s] -- Up-to-date: /home/zqc/ros2_ws/src/portfolio/ROS2/face_detection/install/face_detection_interface/share/face_detection_interface/local_setup.dsv
[0.498s] -- Installing: /home/zqc/ros2_ws/src/portfolio/ROS2/face_detection/install/face_detection_interface/share/face_detection_interface/package.dsv
[0.499s] -- Up-to-date: /home/zqc/ros2_ws/src/portfolio/ROS2/face_detection/install/face_detection_interface/share/ament_index/resource_index/packages/face_detection_interface
[0.499s] -- Up-to-date: /home/zqc/ros2_ws/src/portfolio/ROS2/face_detection/install/face_detection_interface/share/face_detection_interface/cmake/export_face_detection_interface__rosidl_generator_cExport.cmake
[0.499s] -- Up-to-date: /home/zqc/ros2_ws/src/portfolio/ROS2/face_detection/install/face_detection_interface/share/face_detection_interface/cmake/export_face_detection_interface__rosidl_generator_cExport-noconfig.cmake
[0.500s] -- Up-to-date: /home/zqc/ros2_ws/src/portfolio/ROS2/face_detection/install/face_detection_interface/share/face_detection_interface/cmake/export_face_detection_interface__rosidl_typesupport_fastrtps_cExport.cmake
[0.500s] -- Up-to-date: /home/zqc/ros2_ws/src/portfolio/ROS2/face_detection/install/face_detection_interface/share/face_detection_interface/cmake/export_face_detection_interface__rosidl_typesupport_fastrtps_cExport-noconfig.cmake
[0.500s] -- Up-to-date: /home/zqc/ros2_ws/src/portfolio/ROS2/face_detection/install/face_detection_interface/share/face_detection_interface/cmake/export_face_detection_interface__rosidl_generator_cppExport.cmake
[0.501s] -- Up-to-date: /home/zqc/ros2_ws/src/portfolio/ROS2/face_detection/install/face_detection_interface/share/face_detection_interface/cmake/export_face_detection_interface__rosidl_typesupport_fastrtps_cppExport.cmake
[0.501s] -- Up-to-date: /home/zqc/ros2_ws/src/portfolio/ROS2/face_detection/install/face_detection_interface/share/face_detection_interface/cmake/export_face_detection_interface__rosidl_typesupport_fastrtps_cppExport-noconfig.cmake
[0.502s] -- Up-to-date: /home/zqc/ros2_ws/src/portfolio/ROS2/face_detection/install/face_detection_interface/share/face_detection_interface/cmake/face_detection_interface__rosidl_typesupport_introspection_cExport.cmake
[0.502s] -- Up-to-date: /home/zqc/ros2_ws/src/portfolio/ROS2/face_detection/install/face_detection_interface/share/face_detection_interface/cmake/face_detection_interface__rosidl_typesupport_introspection_cExport-noconfig.cmake
[0.502s] -- Up-to-date: /home/zqc/ros2_ws/src/portfolio/ROS2/face_detection/install/face_detection_interface/share/face_detection_interface/cmake/face_detection_interface__rosidl_typesupport_cExport.cmake
[0.502s] -- Up-to-date: /home/zqc/ros2_ws/src/portfolio/ROS2/face_detection/install/face_detection_interface/share/face_detection_interface/cmake/face_detection_interface__rosidl_typesupport_cExport-noconfig.cmake
[0.503s] -- Up-to-date: /home/zqc/ros2_ws/src/portfolio/ROS2/face_detection/install/face_detection_interface/share/face_detection_interface/cmake/face_detection_interface__rosidl_typesupport_introspection_cppExport.cmake
[0.503s] -- Up-to-date: /home/zqc/ros2_ws/src/portfolio/ROS2/face_detection/install/face_detection_interface/share/face_detection_interface/cmake/face_detection_interface__rosidl_typesupport_introspection_cppExport-noconfig.cmake
[0.503s] -- Up-to-date: /home/zqc/ros2_ws/src/portfolio/ROS2/face_detection/install/face_detection_interface/share/face_detection_interface/cmake/face_detection_interface__rosidl_typesupport_cppExport.cmake
[0.503s] -- Up-to-date: /home/zqc/ros2_ws/src/portfolio/ROS2/face_detection/install/face_detection_interface/share/face_detection_interface/cmake/face_detection_interface__rosidl_typesupport_cppExport-noconfig.cmake
[0.504s] -- Up-to-date: /home/zqc/ros2_ws/src/portfolio/ROS2/face_detection/install/face_detection_interface/share/face_detection_interface/cmake/export_face_detection_interface__rosidl_generator_pyExport.cmake
[0.504s] -- Up-to-date: /home/zqc/ros2_ws/src/portfolio/ROS2/face_detection/install/face_detection_interface/share/face_detection_interface/cmake/export_face_detection_interface__rosidl_generator_pyExport-noconfig.cmake
[0.504s] -- Up-to-date: /home/zqc/ros2_ws/src/portfolio/ROS2/face_detection/install/face_detection_interface/share/face_detection_interface/cmake/rosidl_cmake-extras.cmake
[0.505s] -- Up-to-date: /home/zqc/ros2_ws/src/portfolio/ROS2/face_detection/install/face_detection_interface/share/face_detection_interface/cmake/ament_cmake_export_dependencies-extras.cmake
[0.505s] -- Up-to-date: /home/zqc/ros2_ws/src/portfolio/ROS2/face_detection/install/face_detection_interface/share/face_detection_interface/cmake/ament_cmake_export_include_directories-extras.cmake
[0.505s] -- Up-to-date: /home/zqc/ros2_ws/src/portfolio/ROS2/face_detection/install/face_detection_interface/share/face_detection_interface/cmake/ament_cmake_export_libraries-extras.cmake
[0.505s] -- Up-to-date: /home/zqc/ros2_ws/src/portfolio/ROS2/face_detection/install/face_detection_interface/share/face_detection_interface/cmake/ament_cmake_export_targets-extras.cmake
[0.505s] -- Up-to-date: /home/zqc/ros2_ws/src/portfolio/ROS2/face_detection/install/face_detection_interface/share/face_detection_interface/cmake/rosidl_cmake_export_typesupport_targets-extras.cmake
[0.505s] -- Up-to-date: /home/zqc/ros2_ws/src/portfolio/ROS2/face_detection/install/face_detection_interface/share/face_detection_interface/cmake/rosidl_cmake_export_typesupport_libraries-extras.cmake
[0.505s] -- Up-to-date: /home/zqc/ros2_ws/src/portfolio/ROS2/face_detection/install/face_detection_interface/share/face_detection_interface/cmake/face_detection_interfaceConfig.cmake
[0.505s] -- Up-to-date: /home/zqc/ros2_ws/src/portfolio/ROS2/face_detection/install/face_detection_interface/share/face_detection_interface/cmake/face_detection_interfaceConfig-version.cmake
[0.505s] -- Up-to-date: /home/zqc/ros2_ws/src/portfolio/ROS2/face_detection/install/face_detection_interface/share/face_detection_interface/package.xml
[0.507s] Invoked command in '/home/zqc/ros2_ws/src/portfolio/ROS2/face_detection/build/face_detection_interface' returned '0': CMAKE_PREFIX_PATH=${CMAKE_PREFIX_PATH}:/home/zqc/ros2_ws/install/urdf_tutorial:/home/zqc/ros2_ws/install/launch_testing_examples:/home/zqc/ros2_ws/install/examples_rclpy_pointcloud_publisher:/home/zqc/ros2_ws/install/examples_rclpy_minimal_subscriber:/home/zqc/ros2_ws/install/examples_rclpy_minimal_service:/home/zqc/ros2_ws/install/examples_rclpy_minimal_publisher:/home/zqc/ros2_ws/install/examples_rclpy_minimal_client:/home/zqc/ros2_ws/install/examples_rclpy_minimal_action_server:/home/zqc/ros2_ws/install/examples_rclpy_minimal_action_client:/home/zqc/ros2_ws/install/examples_rclpy_guard_conditions:/home/zqc/ros2_ws/install/examples_rclpy_executors:/home/zqc/ros2_ws/install/examples_rclcpp_multithreaded_executor:/home/zqc/ros2_ws/install/examples_rclcpp_minimal_timer:/home/zqc/ros2_ws/install/examples_rclcpp_minimal_subscriber:/home/zqc/ros2_ws/install/examples_rclcpp_minimal_publisher:/home/zqc/ros2_ws/install/examples_rclcpp_cbg_executor:/home/zqc/ros2_ws/install/cpp_pubsub:/home/zqc/ros2_ws/install/cpp_parameters:/home/zqc/ros2_ws/src/install/launch_testing_examples:/home/zqc/ros2_ws/src/install/examples_rclpy_pointcloud_publisher:/home/zqc/ros2_ws/src/install/examples_rclpy_minimal_subscriber:/home/zqc/ros2_ws/src/install/examples_rclpy_minimal_service:/home/zqc/ros2_ws/src/install/examples_rclpy_minimal_publisher:/home/zqc/ros2_ws/src/install/examples_rclpy_minimal_client:/home/zqc/ros2_ws/src/install/examples_rclpy_minimal_action_server:/home/zqc/ros2_ws/src/install/examples_rclpy_minimal_action_client:/home/zqc/ros2_ws/src/install/examples_rclpy_guard_conditions:/home/zqc/ros2_ws/src/install/examples_rclpy_executors:/opt/ros/humble /usr/bin/cmake --install /home/zqc/ros2_ws/src/portfolio/ROS2/face_detection/build/face_detection_interface
