[0.205s] DEBUG:colcon:Command line arguments: ['/usr/bin/colcon', 'build']
[0.205s] DEBUG:colcon:Parsed command line arguments: Namespace(log_base=None, log_level=None, verb_name='build', build_base='build', install_base='install', merge_install=False, symlink_install=False, test_result_base=None, continue_on_error=False, executor='parallel', parallel_workers=16, event_handlers=None, ignore_user_meta=False, metas=['./colcon.meta'], base_paths=['.'], packages_ignore=None, packages_ignore_regex=None, paths=None, packages_up_to=None, packages_up_to_regex=None, packages_above=None, packages_above_and_dependencies=None, packages_above_depth=None, packages_select_by_dep=None, packages_skip_by_dep=None, packages_skip_up_to=None, packages_select_build_failed=False, packages_skip_build_finished=False, packages_select_test_failures=False, packages_skip_test_passed=False, packages_select=None, packages_skip=None, packages_select_regex=None, packages_skip_regex=None, packages_start=None, packages_end=None, allow_overriding=[], cmake_args=None, cmake_target=None, cmake_target_skip_unavailable=False, cmake_clean_cache=False, cmake_clean_first=False, cmake_force_configure=False, ament_cmake_args=None, catkin_cmake_args=None, catkin_skip_building_tests=False, verb_parser=<colcon_defaults.argument_parser.defaults.DefaultArgumentsDecorator object at 0x7e4f6373b610>, verb_extension=<colcon_core.verb.build.BuildVerb object at 0x7e4f6388ca90>, main=<bound method BuildVerb.main of <colcon_core.verb.build.BuildVerb object at 0x7e4f6388ca90>>)
[0.528s] Level 1:colcon.colcon_core.package_discovery:discover_packages(colcon_meta) check parameters
[0.528s] Level 1:colcon.colcon_core.package_discovery:discover_packages(recursive) check parameters
[0.528s] Level 1:colcon.colcon_core.package_discovery:discover_packages(ignore) check parameters
[0.528s] Level 1:colcon.colcon_core.package_discovery:discover_packages(path) check parameters
[0.528s] Level 1:colcon.colcon_core.package_discovery:discover_packages(colcon_meta) discover
[0.529s] Level 1:colcon.colcon_core.package_discovery:discover_packages(recursive) discover
[0.529s] INFO:colcon.colcon_core.package_discovery:Crawling recursively for packages in '/home/zqc/ros2_ws/src/portfolio/ROS2/face_detection'
[0.529s] Level 1:colcon.colcon_core.package_identification:_identify(.) by extensions ['ignore', 'ignore_ament_install']
[0.529s] Level 1:colcon.colcon_core.package_identification:_identify(.) by extension 'ignore'
[0.529s] Level 1:colcon.colcon_core.package_identification:_identify(.) by extension 'ignore_ament_install'
[0.529s] Level 1:colcon.colcon_core.package_identification:_identify(.) by extensions ['colcon_pkg']
[0.529s] Level 1:colcon.colcon_core.package_identification:_identify(.) by extension 'colcon_pkg'
[0.529s] Level 1:colcon.colcon_core.package_identification:_identify(.) by extensions ['colcon_meta']
[0.529s] Level 1:colcon.colcon_core.package_identification:_identify(.) by extension 'colcon_meta'
[0.529s] Level 1:colcon.colcon_core.package_identification:_identify(.) by extensions ['ros']
[0.529s] Level 1:colcon.colcon_core.package_identification:_identify(.) by extension 'ros'
[0.539s] Level 1:colcon.colcon_core.package_identification:_identify(.) by extensions ['cmake', 'python']
[0.539s] Level 1:colcon.colcon_core.package_identification:_identify(.) by extension 'cmake'
[0.539s] Level 1:colcon.colcon_core.package_identification:_identify(.) by extension 'python'
[0.539s] Level 1:colcon.colcon_core.package_identification:_identify(.) by extensions ['python_setup_py']
[0.539s] Level 1:colcon.colcon_core.package_identification:_identify(.) by extension 'python_setup_py'
[0.539s] Level 1:colcon.colcon_core.package_identification:_identify(build) by extensions ['ignore', 'ignore_ament_install']
[0.539s] Level 1:colcon.colcon_core.package_identification:_identify(build) by extension 'ignore'
[0.539s] Level 1:colcon.colcon_core.package_identification:_identify(build) ignored
[0.539s] Level 1:colcon.colcon_core.package_identification:_identify(install) by extensions ['ignore', 'ignore_ament_install']
[0.539s] Level 1:colcon.colcon_core.package_identification:_identify(install) by extension 'ignore'
[0.539s] Level 1:colcon.colcon_core.package_identification:_identify(install) ignored
[0.540s] Level 1:colcon.colcon_core.package_identification:_identify(log) by extensions ['ignore', 'ignore_ament_install']
[0.540s] Level 1:colcon.colcon_core.package_identification:_identify(log) by extension 'ignore'
[0.540s] Level 1:colcon.colcon_core.package_identification:_identify(log) ignored
[0.540s] Level 1:colcon.colcon_core.package_identification:_identify(src) by extensions ['ignore', 'ignore_ament_install']
[0.540s] Level 1:colcon.colcon_core.package_identification:_identify(src) by extension 'ignore'
[0.540s] Level 1:colcon.colcon_core.package_identification:_identify(src) by extension 'ignore_ament_install'
[0.540s] Level 1:colcon.colcon_core.package_identification:_identify(src) by extensions ['colcon_pkg']
[0.540s] Level 1:colcon.colcon_core.package_identification:_identify(src) by extension 'colcon_pkg'
[0.540s] Level 1:colcon.colcon_core.package_identification:_identify(src) by extensions ['colcon_meta']
[0.540s] Level 1:colcon.colcon_core.package_identification:_identify(src) by extension 'colcon_meta'
[0.540s] Level 1:colcon.colcon_core.package_identification:_identify(src) by extensions ['ros']
[0.540s] Level 1:colcon.colcon_core.package_identification:_identify(src) by extension 'ros'
[0.540s] Level 1:colcon.colcon_core.package_identification:_identify(src) by extensions ['cmake', 'python']
[0.540s] Level 1:colcon.colcon_core.package_identification:_identify(src) by extension 'cmake'
[0.540s] Level 1:colcon.colcon_core.package_identification:_identify(src) by extension 'python'
[0.541s] Level 1:colcon.colcon_core.package_identification:_identify(src) by extensions ['python_setup_py']
[0.541s] Level 1:colcon.colcon_core.package_identification:_identify(src) by extension 'python_setup_py'
[0.541s] Level 1:colcon.colcon_core.package_identification:_identify(src/face_detection_interface) by extensions ['ignore', 'ignore_ament_install']
[0.541s] Level 1:colcon.colcon_core.package_identification:_identify(src/face_detection_interface) by extension 'ignore'
[0.541s] Level 1:colcon.colcon_core.package_identification:_identify(src/face_detection_interface) by extension 'ignore_ament_install'
[0.541s] Level 1:colcon.colcon_core.package_identification:_identify(src/face_detection_interface) by extensions ['colcon_pkg']
[0.541s] Level 1:colcon.colcon_core.package_identification:_identify(src/face_detection_interface) by extension 'colcon_pkg'
[0.541s] Level 1:colcon.colcon_core.package_identification:_identify(src/face_detection_interface) by extensions ['colcon_meta']
[0.541s] Level 1:colcon.colcon_core.package_identification:_identify(src/face_detection_interface) by extension 'colcon_meta'
[0.541s] Level 1:colcon.colcon_core.package_identification:_identify(src/face_detection_interface) by extensions ['ros']
[0.541s] Level 1:colcon.colcon_core.package_identification:_identify(src/face_detection_interface) by extension 'ros'
[0.544s] DEBUG:colcon.colcon_core.package_identification:Package 'src/face_detection_interface' with type 'ros.ament_cmake' and name 'face_detection_interface'
[0.544s] Level 1:colcon.colcon_core.package_discovery:discover_packages(recursive) using defaults
[0.544s] Level 1:colcon.colcon_core.package_discovery:discover_packages(ignore) discover
[0.544s] Level 1:colcon.colcon_core.package_discovery:discover_packages(ignore) using defaults
[0.544s] Level 1:colcon.colcon_core.package_discovery:discover_packages(path) discover
[0.544s] Level 1:colcon.colcon_core.package_discovery:discover_packages(path) using defaults
[0.582s] Level 1:colcon.colcon_core.package_discovery:discover_packages(prefix_path) check parameters
[0.582s] Level 1:colcon.colcon_core.package_discovery:discover_packages(prefix_path) discover
[0.601s] DEBUG:colcon.colcon_installed_package_information.package_discovery:Found 29 installed packages in /home/zqc/ros2_ws/install
[0.602s] DEBUG:colcon.colcon_installed_package_information.package_discovery:Found 29 installed packages in /home/zqc/ros2_ws/src/install
[0.604s] DEBUG:colcon.colcon_installed_package_information.package_discovery:Found 282 installed packages in /opt/ros/humble
[0.607s] Level 1:colcon.colcon_core.package_discovery:discover_packages(prefix_path) using defaults
[0.658s] Level 5:colcon.colcon_core.verb:set package 'face_detection_interface' build argument 'cmake_args' from command line to 'None'
[0.658s] Level 5:colcon.colcon_core.verb:set package 'face_detection_interface' build argument 'cmake_target' from command line to 'None'
[0.658s] Level 5:colcon.colcon_core.verb:set package 'face_detection_interface' build argument 'cmake_target_skip_unavailable' from command line to 'False'
[0.658s] Level 5:colcon.colcon_core.verb:set package 'face_detection_interface' build argument 'cmake_clean_cache' from command line to 'False'
[0.658s] Level 5:colcon.colcon_core.verb:set package 'face_detection_interface' build argument 'cmake_clean_first' from command line to 'False'
[0.658s] Level 5:colcon.colcon_core.verb:set package 'face_detection_interface' build argument 'cmake_force_configure' from command line to 'False'
[0.658s] Level 5:colcon.colcon_core.verb:set package 'face_detection_interface' build argument 'ament_cmake_args' from command line to 'None'
[0.658s] Level 5:colcon.colcon_core.verb:set package 'face_detection_interface' build argument 'catkin_cmake_args' from command line to 'None'
[0.658s] Level 5:colcon.colcon_core.verb:set package 'face_detection_interface' build argument 'catkin_skip_building_tests' from command line to 'False'
[0.658s] DEBUG:colcon.colcon_core.verb:Building package 'face_detection_interface' with the following arguments: {'ament_cmake_args': None, 'build_base': '/home/zqc/ros2_ws/src/portfolio/ROS2/face_detection/build/face_detection_interface', 'catkin_cmake_args': None, 'catkin_skip_building_tests': False, 'cmake_args': None, 'cmake_clean_cache': False, 'cmake_clean_first': False, 'cmake_force_configure': False, 'cmake_target': None, 'cmake_target_skip_unavailable': False, 'install_base': '/home/zqc/ros2_ws/src/portfolio/ROS2/face_detection/install/face_detection_interface', 'merge_install': False, 'path': '/home/zqc/ros2_ws/src/portfolio/ROS2/face_detection/src/face_detection_interface', 'symlink_install': False, 'test_result_base': None}
[0.658s] INFO:colcon.colcon_core.executor:Executing jobs using 'parallel' executor
[0.659s] DEBUG:colcon.colcon_parallel_executor.executor.parallel:run_until_complete
[0.659s] INFO:colcon.colcon_ros.task.ament_cmake.build:Building ROS package in '/home/zqc/ros2_ws/src/portfolio/ROS2/face_detection/src/face_detection_interface' with build type 'ament_cmake'
[0.660s] INFO:colcon.colcon_cmake.task.cmake.build:Building CMake package in '/home/zqc/ros2_ws/src/portfolio/ROS2/face_detection/src/face_detection_interface'
[0.665s] INFO:colcon.colcon_core.plugin_system:Skipping extension 'colcon_core.shell.bat': Not used on non-Windows systems
[0.666s] INFO:colcon.colcon_core.shell:Skip shell extension 'powershell' for command environment: Not usable outside of PowerShell
[0.666s] DEBUG:colcon.colcon_core.shell:Skip shell extension 'dsv' for command environment
[0.678s] DEBUG:colcon.colcon_core.event_handler.log_command:Invoking command in '/home/zqc/ros2_ws/src/portfolio/ROS2/face_detection/build/face_detection_interface': CMAKE_PREFIX_PATH=${CMAKE_PREFIX_PATH}:/home/zqc/ros2_ws/install/urdf_tutorial:/home/zqc/ros2_ws/install/launch_testing_examples:/home/zqc/ros2_ws/install/examples_rclpy_pointcloud_publisher:/home/zqc/ros2_ws/install/examples_rclpy_minimal_subscriber:/home/zqc/ros2_ws/install/examples_rclpy_minimal_service:/home/zqc/ros2_ws/install/examples_rclpy_minimal_publisher:/home/zqc/ros2_ws/install/examples_rclpy_minimal_client:/home/zqc/ros2_ws/install/examples_rclpy_minimal_action_server:/home/zqc/ros2_ws/install/examples_rclpy_minimal_action_client:/home/zqc/ros2_ws/install/examples_rclpy_guard_conditions:/home/zqc/ros2_ws/install/examples_rclpy_executors:/home/zqc/ros2_ws/install/examples_rclcpp_multithreaded_executor:/home/zqc/ros2_ws/install/examples_rclcpp_minimal_timer:/home/zqc/ros2_ws/install/examples_rclcpp_minimal_subscriber:/home/zqc/ros2_ws/install/examples_rclcpp_minimal_publisher:/home/zqc/ros2_ws/install/examples_rclcpp_cbg_executor:/home/zqc/ros2_ws/install/cpp_pubsub:/home/zqc/ros2_ws/install/cpp_parameters:/home/zqc/ros2_ws/src/install/launch_testing_examples:/home/zqc/ros2_ws/src/install/examples_rclpy_pointcloud_publisher:/home/zqc/ros2_ws/src/install/examples_rclpy_minimal_subscriber:/home/zqc/ros2_ws/src/install/examples_rclpy_minimal_service:/home/zqc/ros2_ws/src/install/examples_rclpy_minimal_publisher:/home/zqc/ros2_ws/src/install/examples_rclpy_minimal_client:/home/zqc/ros2_ws/src/install/examples_rclpy_minimal_action_server:/home/zqc/ros2_ws/src/install/examples_rclpy_minimal_action_client:/home/zqc/ros2_ws/src/install/examples_rclpy_guard_conditions:/home/zqc/ros2_ws/src/install/examples_rclpy_executors:/opt/ros/humble /usr/bin/cmake /home/zqc/ros2_ws/src/portfolio/ROS2/face_detection/src/face_detection_interface -DCMAKE_INSTALL_PREFIX=/home/zqc/ros2_ws/src/portfolio/ROS2/face_detection/install/face_detection_interface
[4.242s] DEBUG:colcon.colcon_core.event_handler.log_command:Invoked command in '/home/zqc/ros2_ws/src/portfolio/ROS2/face_detection/build/face_detection_interface' returned '0': CMAKE_PREFIX_PATH=${CMAKE_PREFIX_PATH}:/home/zqc/ros2_ws/install/urdf_tutorial:/home/zqc/ros2_ws/install/launch_testing_examples:/home/zqc/ros2_ws/install/examples_rclpy_pointcloud_publisher:/home/zqc/ros2_ws/install/examples_rclpy_minimal_subscriber:/home/zqc/ros2_ws/install/examples_rclpy_minimal_service:/home/zqc/ros2_ws/install/examples_rclpy_minimal_publisher:/home/zqc/ros2_ws/install/examples_rclpy_minimal_client:/home/zqc/ros2_ws/install/examples_rclpy_minimal_action_server:/home/zqc/ros2_ws/install/examples_rclpy_minimal_action_client:/home/zqc/ros2_ws/install/examples_rclpy_guard_conditions:/home/zqc/ros2_ws/install/examples_rclpy_executors:/home/zqc/ros2_ws/install/examples_rclcpp_multithreaded_executor:/home/zqc/ros2_ws/install/examples_rclcpp_minimal_timer:/home/zqc/ros2_ws/install/examples_rclcpp_minimal_subscriber:/home/zqc/ros2_ws/install/examples_rclcpp_minimal_publisher:/home/zqc/ros2_ws/install/examples_rclcpp_cbg_executor:/home/zqc/ros2_ws/install/cpp_pubsub:/home/zqc/ros2_ws/install/cpp_parameters:/home/zqc/ros2_ws/src/install/launch_testing_examples:/home/zqc/ros2_ws/src/install/examples_rclpy_pointcloud_publisher:/home/zqc/ros2_ws/src/install/examples_rclpy_minimal_subscriber:/home/zqc/ros2_ws/src/install/examples_rclpy_minimal_service:/home/zqc/ros2_ws/src/install/examples_rclpy_minimal_publisher:/home/zqc/ros2_ws/src/install/examples_rclpy_minimal_client:/home/zqc/ros2_ws/src/install/examples_rclpy_minimal_action_server:/home/zqc/ros2_ws/src/install/examples_rclpy_minimal_action_client:/home/zqc/ros2_ws/src/install/examples_rclpy_guard_conditions:/home/zqc/ros2_ws/src/install/examples_rclpy_executors:/opt/ros/humble /usr/bin/cmake /home/zqc/ros2_ws/src/portfolio/ROS2/face_detection/src/face_detection_interface -DCMAKE_INSTALL_PREFIX=/home/zqc/ros2_ws/src/portfolio/ROS2/face_detection/install/face_detection_interface
[4.244s] DEBUG:colcon.colcon_core.event_handler.log_command:Invoking command in '/home/zqc/ros2_ws/src/portfolio/ROS2/face_detection/build/face_detection_interface': CMAKE_PREFIX_PATH=${CMAKE_PREFIX_PATH}:/home/zqc/ros2_ws/install/urdf_tutorial:/home/zqc/ros2_ws/install/launch_testing_examples:/home/zqc/ros2_ws/install/examples_rclpy_pointcloud_publisher:/home/zqc/ros2_ws/install/examples_rclpy_minimal_subscriber:/home/zqc/ros2_ws/install/examples_rclpy_minimal_service:/home/zqc/ros2_ws/install/examples_rclpy_minimal_publisher:/home/zqc/ros2_ws/install/examples_rclpy_minimal_client:/home/zqc/ros2_ws/install/examples_rclpy_minimal_action_server:/home/zqc/ros2_ws/install/examples_rclpy_minimal_action_client:/home/zqc/ros2_ws/install/examples_rclpy_guard_conditions:/home/zqc/ros2_ws/install/examples_rclpy_executors:/home/zqc/ros2_ws/install/examples_rclcpp_multithreaded_executor:/home/zqc/ros2_ws/install/examples_rclcpp_minimal_timer:/home/zqc/ros2_ws/install/examples_rclcpp_minimal_subscriber:/home/zqc/ros2_ws/install/examples_rclcpp_minimal_publisher:/home/zqc/ros2_ws/install/examples_rclcpp_cbg_executor:/home/zqc/ros2_ws/install/cpp_pubsub:/home/zqc/ros2_ws/install/cpp_parameters:/home/zqc/ros2_ws/src/install/launch_testing_examples:/home/zqc/ros2_ws/src/install/examples_rclpy_pointcloud_publisher:/home/zqc/ros2_ws/src/install/examples_rclpy_minimal_subscriber:/home/zqc/ros2_ws/src/install/examples_rclpy_minimal_service:/home/zqc/ros2_ws/src/install/examples_rclpy_minimal_publisher:/home/zqc/ros2_ws/src/install/examples_rclpy_minimal_client:/home/zqc/ros2_ws/src/install/examples_rclpy_minimal_action_server:/home/zqc/ros2_ws/src/install/examples_rclpy_minimal_action_client:/home/zqc/ros2_ws/src/install/examples_rclpy_guard_conditions:/home/zqc/ros2_ws/src/install/examples_rclpy_executors:/opt/ros/humble /usr/bin/cmake --build /home/zqc/ros2_ws/src/portfolio/ROS2/face_detection/build/face_detection_interface -- -j16 -l16
[6.373s] DEBUG:colcon.colcon_core.event_handler.log_command:Invoked command in '/home/zqc/ros2_ws/src/portfolio/ROS2/face_detection/build/face_detection_interface' returned '0': CMAKE_PREFIX_PATH=${CMAKE_PREFIX_PATH}:/home/zqc/ros2_ws/install/urdf_tutorial:/home/zqc/ros2_ws/install/launch_testing_examples:/home/zqc/ros2_ws/install/examples_rclpy_pointcloud_publisher:/home/zqc/ros2_ws/install/examples_rclpy_minimal_subscriber:/home/zqc/ros2_ws/install/examples_rclpy_minimal_service:/home/zqc/ros2_ws/install/examples_rclpy_minimal_publisher:/home/zqc/ros2_ws/install/examples_rclpy_minimal_client:/home/zqc/ros2_ws/install/examples_rclpy_minimal_action_server:/home/zqc/ros2_ws/install/examples_rclpy_minimal_action_client:/home/zqc/ros2_ws/install/examples_rclpy_guard_conditions:/home/zqc/ros2_ws/install/examples_rclpy_executors:/home/zqc/ros2_ws/install/examples_rclcpp_multithreaded_executor:/home/zqc/ros2_ws/install/examples_rclcpp_minimal_timer:/home/zqc/ros2_ws/install/examples_rclcpp_minimal_subscriber:/home/zqc/ros2_ws/install/examples_rclcpp_minimal_publisher:/home/zqc/ros2_ws/install/examples_rclcpp_cbg_executor:/home/zqc/ros2_ws/install/cpp_pubsub:/home/zqc/ros2_ws/install/cpp_parameters:/home/zqc/ros2_ws/src/install/launch_testing_examples:/home/zqc/ros2_ws/src/install/examples_rclpy_pointcloud_publisher:/home/zqc/ros2_ws/src/install/examples_rclpy_minimal_subscriber:/home/zqc/ros2_ws/src/install/examples_rclpy_minimal_service:/home/zqc/ros2_ws/src/install/examples_rclpy_minimal_publisher:/home/zqc/ros2_ws/src/install/examples_rclpy_minimal_client:/home/zqc/ros2_ws/src/install/examples_rclpy_minimal_action_server:/home/zqc/ros2_ws/src/install/examples_rclpy_minimal_action_client:/home/zqc/ros2_ws/src/install/examples_rclpy_guard_conditions:/home/zqc/ros2_ws/src/install/examples_rclpy_executors:/opt/ros/humble /usr/bin/cmake --build /home/zqc/ros2_ws/src/portfolio/ROS2/face_detection/build/face_detection_interface -- -j16 -l16
[6.384s] DEBUG:colcon.colcon_core.event_handler.log_command:Invoking command in '/home/zqc/ros2_ws/src/portfolio/ROS2/face_detection/build/face_detection_interface': CMAKE_PREFIX_PATH=${CMAKE_PREFIX_PATH}:/home/zqc/ros2_ws/install/urdf_tutorial:/home/zqc/ros2_ws/install/launch_testing_examples:/home/zqc/ros2_ws/install/examples_rclpy_pointcloud_publisher:/home/zqc/ros2_ws/install/examples_rclpy_minimal_subscriber:/home/zqc/ros2_ws/install/examples_rclpy_minimal_service:/home/zqc/ros2_ws/install/examples_rclpy_minimal_publisher:/home/zqc/ros2_ws/install/examples_rclpy_minimal_client:/home/zqc/ros2_ws/install/examples_rclpy_minimal_action_server:/home/zqc/ros2_ws/install/examples_rclpy_minimal_action_client:/home/zqc/ros2_ws/install/examples_rclpy_guard_conditions:/home/zqc/ros2_ws/install/examples_rclpy_executors:/home/zqc/ros2_ws/install/examples_rclcpp_multithreaded_executor:/home/zqc/ros2_ws/install/examples_rclcpp_minimal_timer:/home/zqc/ros2_ws/install/examples_rclcpp_minimal_subscriber:/home/zqc/ros2_ws/install/examples_rclcpp_minimal_publisher:/home/zqc/ros2_ws/install/examples_rclcpp_cbg_executor:/home/zqc/ros2_ws/install/cpp_pubsub:/home/zqc/ros2_ws/install/cpp_parameters:/home/zqc/ros2_ws/src/install/launch_testing_examples:/home/zqc/ros2_ws/src/install/examples_rclpy_pointcloud_publisher:/home/zqc/ros2_ws/src/install/examples_rclpy_minimal_subscriber:/home/zqc/ros2_ws/src/install/examples_rclpy_minimal_service:/home/zqc/ros2_ws/src/install/examples_rclpy_minimal_publisher:/home/zqc/ros2_ws/src/install/examples_rclpy_minimal_client:/home/zqc/ros2_ws/src/install/examples_rclpy_minimal_action_server:/home/zqc/ros2_ws/src/install/examples_rclpy_minimal_action_client:/home/zqc/ros2_ws/src/install/examples_rclpy_guard_conditions:/home/zqc/ros2_ws/src/install/examples_rclpy_executors:/opt/ros/humble /usr/bin/cmake --install /home/zqc/ros2_ws/src/portfolio/ROS2/face_detection/build/face_detection_interface
[6.465s] Level 1:colcon.colcon_core.environment:create_environment_scripts_only(face_detection_interface)
[6.466s] DEBUG:colcon.colcon_core.event_handler.log_command:Invoked command in '/home/zqc/ros2_ws/src/portfolio/ROS2/face_detection/build/face_detection_interface' returned '0': CMAKE_PREFIX_PATH=${CMAKE_PREFIX_PATH}:/home/zqc/ros2_ws/install/urdf_tutorial:/home/zqc/ros2_ws/install/launch_testing_examples:/home/zqc/ros2_ws/install/examples_rclpy_pointcloud_publisher:/home/zqc/ros2_ws/install/examples_rclpy_minimal_subscriber:/home/zqc/ros2_ws/install/examples_rclpy_minimal_service:/home/zqc/ros2_ws/install/examples_rclpy_minimal_publisher:/home/zqc/ros2_ws/install/examples_rclpy_minimal_client:/home/zqc/ros2_ws/install/examples_rclpy_minimal_action_server:/home/zqc/ros2_ws/install/examples_rclpy_minimal_action_client:/home/zqc/ros2_ws/install/examples_rclpy_guard_conditions:/home/zqc/ros2_ws/install/examples_rclpy_executors:/home/zqc/ros2_ws/install/examples_rclcpp_multithreaded_executor:/home/zqc/ros2_ws/install/examples_rclcpp_minimal_timer:/home/zqc/ros2_ws/install/examples_rclcpp_minimal_subscriber:/home/zqc/ros2_ws/install/examples_rclcpp_minimal_publisher:/home/zqc/ros2_ws/install/examples_rclcpp_cbg_executor:/home/zqc/ros2_ws/install/cpp_pubsub:/home/zqc/ros2_ws/install/cpp_parameters:/home/zqc/ros2_ws/src/install/launch_testing_examples:/home/zqc/ros2_ws/src/install/examples_rclpy_pointcloud_publisher:/home/zqc/ros2_ws/src/install/examples_rclpy_minimal_subscriber:/home/zqc/ros2_ws/src/install/examples_rclpy_minimal_service:/home/zqc/ros2_ws/src/install/examples_rclpy_minimal_publisher:/home/zqc/ros2_ws/src/install/examples_rclpy_minimal_client:/home/zqc/ros2_ws/src/install/examples_rclpy_minimal_action_server:/home/zqc/ros2_ws/src/install/examples_rclpy_minimal_action_client:/home/zqc/ros2_ws/src/install/examples_rclpy_guard_conditions:/home/zqc/ros2_ws/src/install/examples_rclpy_executors:/opt/ros/humble /usr/bin/cmake --install /home/zqc/ros2_ws/src/portfolio/ROS2/face_detection/build/face_detection_interface
[6.472s] Level 1:colcon.colcon_core.environment:checking '/home/zqc/ros2_ws/src/portfolio/ROS2/face_detection/install/face_detection_interface' for CMake module files
[6.473s] Level 1:colcon.colcon_core.environment:checking '/home/zqc/ros2_ws/src/portfolio/ROS2/face_detection/install/face_detection_interface' for CMake config files
[6.473s] Level 1:colcon.colcon_core.shell:create_environment_hook('face_detection_interface', 'cmake_prefix_path')
[6.473s] INFO:colcon.colcon_core.shell:Creating environment hook '/home/zqc/ros2_ws/src/portfolio/ROS2/face_detection/install/face_detection_interface/share/face_detection_interface/hook/cmake_prefix_path.ps1'
[6.475s] INFO:colcon.colcon_core.shell:Creating environment descriptor '/home/zqc/ros2_ws/src/portfolio/ROS2/face_detection/install/face_detection_interface/share/face_detection_interface/hook/cmake_prefix_path.dsv'
[6.475s] INFO:colcon.colcon_core.shell:Creating environment hook '/home/zqc/ros2_ws/src/portfolio/ROS2/face_detection/install/face_detection_interface/share/face_detection_interface/hook/cmake_prefix_path.sh'
[6.476s] Level 1:colcon.colcon_core.environment:checking '/home/zqc/ros2_ws/src/portfolio/ROS2/face_detection/install/face_detection_interface/lib'
[6.476s] Level 1:colcon.colcon_core.shell:create_environment_hook('face_detection_interface', 'ld_library_path_lib')
[6.476s] INFO:colcon.colcon_core.shell:Creating environment hook '/home/zqc/ros2_ws/src/portfolio/ROS2/face_detection/install/face_detection_interface/share/face_detection_interface/hook/ld_library_path_lib.ps1'
[6.477s] INFO:colcon.colcon_core.shell:Creating environment descriptor '/home/zqc/ros2_ws/src/portfolio/ROS2/face_detection/install/face_detection_interface/share/face_detection_interface/hook/ld_library_path_lib.dsv'
[6.477s] INFO:colcon.colcon_core.shell:Creating environment hook '/home/zqc/ros2_ws/src/portfolio/ROS2/face_detection/install/face_detection_interface/share/face_detection_interface/hook/ld_library_path_lib.sh'
[6.477s] Level 1:colcon.colcon_core.environment:checking '/home/zqc/ros2_ws/src/portfolio/ROS2/face_detection/install/face_detection_interface/bin'
[6.477s] Level 1:colcon.colcon_core.environment:checking '/home/zqc/ros2_ws/src/portfolio/ROS2/face_detection/install/face_detection_interface/lib/pkgconfig/face_detection_interface.pc'
[6.478s] Level 1:colcon.colcon_core.environment:checking '/home/zqc/ros2_ws/src/portfolio/ROS2/face_detection/install/face_detection_interface/lib/python3.10/site-packages'
[6.478s] Level 1:colcon.colcon_core.environment:checking '/home/zqc/ros2_ws/src/portfolio/ROS2/face_detection/install/face_detection_interface/bin'
[6.478s] INFO:colcon.colcon_core.shell:Creating package script '/home/zqc/ros2_ws/src/portfolio/ROS2/face_detection/install/face_detection_interface/share/face_detection_interface/package.ps1'
[6.479s] INFO:colcon.colcon_core.shell:Creating package descriptor '/home/zqc/ros2_ws/src/portfolio/ROS2/face_detection/install/face_detection_interface/share/face_detection_interface/package.dsv'
[6.480s] INFO:colcon.colcon_core.shell:Creating package script '/home/zqc/ros2_ws/src/portfolio/ROS2/face_detection/install/face_detection_interface/share/face_detection_interface/package.sh'
[6.481s] INFO:colcon.colcon_core.shell:Creating package script '/home/zqc/ros2_ws/src/portfolio/ROS2/face_detection/install/face_detection_interface/share/face_detection_interface/package.bash'
[6.481s] INFO:colcon.colcon_core.shell:Creating package script '/home/zqc/ros2_ws/src/portfolio/ROS2/face_detection/install/face_detection_interface/share/face_detection_interface/package.zsh'
[6.482s] Level 1:colcon.colcon_core.environment:create_file_with_runtime_dependencies(/home/zqc/ros2_ws/src/portfolio/ROS2/face_detection/install/face_detection_interface/share/colcon-core/packages/face_detection_interface)
[6.483s] Level 1:colcon.colcon_core.environment:create_environment_scripts_only(face_detection_interface)
[6.483s] Level 1:colcon.colcon_core.environment:checking '/home/zqc/ros2_ws/src/portfolio/ROS2/face_detection/install/face_detection_interface' for CMake module files
[6.484s] Level 1:colcon.colcon_core.environment:checking '/home/zqc/ros2_ws/src/portfolio/ROS2/face_detection/install/face_detection_interface' for CMake config files
[6.484s] Level 1:colcon.colcon_core.shell:create_environment_hook('face_detection_interface', 'cmake_prefix_path')
[6.484s] INFO:colcon.colcon_core.shell:Creating environment hook '/home/zqc/ros2_ws/src/portfolio/ROS2/face_detection/install/face_detection_interface/share/face_detection_interface/hook/cmake_prefix_path.ps1'
[6.485s] INFO:colcon.colcon_core.shell:Creating environment descriptor '/home/zqc/ros2_ws/src/portfolio/ROS2/face_detection/install/face_detection_interface/share/face_detection_interface/hook/cmake_prefix_path.dsv'
[6.485s] INFO:colcon.colcon_core.shell:Creating environment hook '/home/zqc/ros2_ws/src/portfolio/ROS2/face_detection/install/face_detection_interface/share/face_detection_interface/hook/cmake_prefix_path.sh'
[6.486s] Level 1:colcon.colcon_core.environment:checking '/home/zqc/ros2_ws/src/portfolio/ROS2/face_detection/install/face_detection_interface/lib'
[6.486s] Level 1:colcon.colcon_core.shell:create_environment_hook('face_detection_interface', 'ld_library_path_lib')
[6.486s] INFO:colcon.colcon_core.shell:Creating environment hook '/home/zqc/ros2_ws/src/portfolio/ROS2/face_detection/install/face_detection_interface/share/face_detection_interface/hook/ld_library_path_lib.ps1'
[6.486s] INFO:colcon.colcon_core.shell:Creating environment descriptor '/home/zqc/ros2_ws/src/portfolio/ROS2/face_detection/install/face_detection_interface/share/face_detection_interface/hook/ld_library_path_lib.dsv'
[6.487s] INFO:colcon.colcon_core.shell:Creating environment hook '/home/zqc/ros2_ws/src/portfolio/ROS2/face_detection/install/face_detection_interface/share/face_detection_interface/hook/ld_library_path_lib.sh'
[6.487s] Level 1:colcon.colcon_core.environment:checking '/home/zqc/ros2_ws/src/portfolio/ROS2/face_detection/install/face_detection_interface/bin'
[6.487s] Level 1:colcon.colcon_core.environment:checking '/home/zqc/ros2_ws/src/portfolio/ROS2/face_detection/install/face_detection_interface/lib/pkgconfig/face_detection_interface.pc'
[6.487s] Level 1:colcon.colcon_core.environment:checking '/home/zqc/ros2_ws/src/portfolio/ROS2/face_detection/install/face_detection_interface/lib/python3.10/site-packages'
[6.488s] Level 1:colcon.colcon_core.environment:checking '/home/zqc/ros2_ws/src/portfolio/ROS2/face_detection/install/face_detection_interface/bin'
[6.488s] INFO:colcon.colcon_core.shell:Creating package script '/home/zqc/ros2_ws/src/portfolio/ROS2/face_detection/install/face_detection_interface/share/face_detection_interface/package.ps1'
[6.488s] INFO:colcon.colcon_core.shell:Creating package descriptor '/home/zqc/ros2_ws/src/portfolio/ROS2/face_detection/install/face_detection_interface/share/face_detection_interface/package.dsv'
[6.489s] INFO:colcon.colcon_core.shell:Creating package script '/home/zqc/ros2_ws/src/portfolio/ROS2/face_detection/install/face_detection_interface/share/face_detection_interface/package.sh'
[6.489s] INFO:colcon.colcon_core.shell:Creating package script '/home/zqc/ros2_ws/src/portfolio/ROS2/face_detection/install/face_detection_interface/share/face_detection_interface/package.bash'
[6.490s] INFO:colcon.colcon_core.shell:Creating package script '/home/zqc/ros2_ws/src/portfolio/ROS2/face_detection/install/face_detection_interface/share/face_detection_interface/package.zsh'
[6.490s] Level 1:colcon.colcon_core.environment:create_file_with_runtime_dependencies(/home/zqc/ros2_ws/src/portfolio/ROS2/face_detection/install/face_detection_interface/share/colcon-core/packages/face_detection_interface)
[6.490s] DEBUG:colcon.colcon_parallel_executor.executor.parallel:closing loop
[6.491s] DEBUG:colcon.colcon_parallel_executor.executor.parallel:loop closed
[6.491s] DEBUG:colcon.colcon_parallel_executor.executor.parallel:run_until_complete finished with '0'
[6.491s] DEBUG:colcon.colcon_core.event_reactor:joining thread
[6.526s] INFO:colcon.colcon_core.plugin_system:Skipping extension 'colcon_notification.desktop_notification.notify_send': Could not find 'notify-send'
[6.526s] INFO:colcon.colcon_core.plugin_system:Skipping extension 'colcon_notification.desktop_notification.terminal_notifier': Not used on non-Darwin systems
[6.526s] INFO:colcon.colcon_core.plugin_system:Skipping extension 'colcon_notification.desktop_notification.win32': Not used on non-Windows systems
[6.527s] INFO:colcon.colcon_notification.desktop_notification:Sending desktop notification using 'notify2'
[6.527s] DEBUG:colcon.colcon_notification.desktop_notification.notify2:Failed to initialize notify2: org.freedesktop.DBus.Error.FileNotFound: Failed to connect to socket /run/user/1000/bus: No such file or directory
[6.527s] DEBUG:colcon.colcon_core.event_reactor:joined thread
[6.527s] INFO:colcon.colcon_core.shell:Creating prefix script '/home/zqc/ros2_ws/src/portfolio/ROS2/face_detection/install/local_setup.ps1'
[6.528s] INFO:colcon.colcon_core.shell:Creating prefix util module '/home/zqc/ros2_ws/src/portfolio/ROS2/face_detection/install/_local_setup_util_ps1.py'
[6.529s] INFO:colcon.colcon_core.shell:Creating prefix chain script '/home/zqc/ros2_ws/src/portfolio/ROS2/face_detection/install/setup.ps1'
[6.532s] INFO:colcon.colcon_core.shell:Creating prefix script '/home/zqc/ros2_ws/src/portfolio/ROS2/face_detection/install/local_setup.sh'
[6.533s] INFO:colcon.colcon_core.shell:Creating prefix util module '/home/zqc/ros2_ws/src/portfolio/ROS2/face_detection/install/_local_setup_util_sh.py'
[6.533s] INFO:colcon.colcon_core.shell:Creating prefix chain script '/home/zqc/ros2_ws/src/portfolio/ROS2/face_detection/install/setup.sh'
[6.536s] INFO:colcon.colcon_core.shell:Creating prefix script '/home/zqc/ros2_ws/src/portfolio/ROS2/face_detection/install/local_setup.bash'
[6.537s] INFO:colcon.colcon_core.shell:Creating prefix chain script '/home/zqc/ros2_ws/src/portfolio/ROS2/face_detection/install/setup.bash'
[6.540s] INFO:colcon.colcon_core.shell:Creating prefix script '/home/zqc/ros2_ws/src/portfolio/ROS2/face_detection/install/local_setup.zsh'
[6.540s] INFO:colcon.colcon_core.shell:Creating prefix chain script '/home/zqc/ros2_ws/src/portfolio/ROS2/face_detection/install/setup.zsh'
