running egg_info
creating ../../build/python_topic/python_topic.egg-info
writing ../../build/python_topic/python_topic.egg-info/PKG-INFO
writing dependency_links to ../../build/python_topic/python_topic.egg-info/dependency_links.txt
writing entry points to ../../build/python_topic/python_topic.egg-info/entry_points.txt
writing requirements to ../../build/python_topic/python_topic.egg-info/requires.txt
writing top-level names to ../../build/python_topic/python_topic.egg-info/top_level.txt
writing manifest file '../../build/python_topic/python_topic.egg-info/SOURCES.txt'
reading manifest file '../../build/python_topic/python_topic.egg-info/SOURCES.txt'
adding license file 'LICENSE'
writing manifest file '../../build/python_topic/python_topic.egg-info/SOURCES.txt'
running build
running build_py
creating /home/zqc/ros2_ws/src/portfolio/ROS2/topic/build/python_topic/build
creating /home/zqc/ros2_ws/src/portfolio/ROS2/topic/build/python_topic/build/lib
creating /home/zqc/ros2_ws/src/portfolio/ROS2/topic/build/python_topic/build/lib/python_topic
copying python_topic/__init__.py -> /home/zqc/ros2_ws/src/portfolio/ROS2/topic/build/python_topic/build/lib/python_topic
running install
running install_lib
creating /home/zqc/ros2_ws/src/portfolio/ROS2/topic/install/python_topic/lib/python3.10/site-packages/python_topic
copying /home/zqc/ros2_ws/src/portfolio/ROS2/topic/build/python_topic/build/lib/python_topic/__init__.py -> /home/zqc/ros2_ws/src/portfolio/ROS2/topic/install/python_topic/lib/python3.10/site-packages/python_topic
byte-compiling /home/zqc/ros2_ws/src/portfolio/ROS2/topic/install/python_topic/lib/python3.10/site-packages/python_topic/__init__.py to __init__.cpython-310.pyc
running install_data
creating /home/zqc/ros2_ws/src/portfolio/ROS2/topic/install/python_topic/share/ament_index
creating /home/zqc/ros2_ws/src/portfolio/ROS2/topic/install/python_topic/share/ament_index/resource_index
creating /home/zqc/ros2_ws/src/portfolio/ROS2/topic/install/python_topic/share/ament_index/resource_index/packages
copying resource/python_topic -> /home/zqc/ros2_ws/src/portfolio/ROS2/topic/install/python_topic/share/ament_index/resource_index/packages
copying package.xml -> /home/zqc/ros2_ws/src/portfolio/ROS2/topic/install/python_topic/share/python_topic
running install_egg_info
Copying ../../build/python_topic/python_topic.egg-info to /home/zqc/ros2_ws/src/portfolio/ROS2/topic/install/python_topic/lib/python3.10/site-packages/python_topic-0.0.0-py3.10.egg-info
running install_scripts
writing list of installed files to '/home/zqc/ros2_ws/src/portfolio/ROS2/topic/build/python_topic/install.log'
