[0.911s] Invoking command in '/home/zqc/ros2_ws/src/portfolio/ROS2/face_detection/src/python_service': PYTHONPATH=/home/zqc/ros2_ws/src/portfolio/ROS2/face_detection/build/python_service/prefix_override:/usr/lib/python3/dist-packages/colcon_core/task/python/colcon_distutils_commands:/home/zqc/ros2_ws/src/portfolio/ROS2/face_detection/install/python_service/lib/python3.10/site-packages:${PYTHONPATH} /usr/bin/python3 -W ignore:setup.py install is deprecated -W ignore:easy_install command is deprecated setup.py egg_info --egg-base ../../build/python_service build --build-base /home/zqc/ros2_ws/src/portfolio/ROS2/face_detection/build/python_service/build install --record /home/zqc/ros2_ws/src/portfolio/ROS2/face_detection/build/python_service/install.log --single-version-externally-managed install_data
[1.142s] running egg_info
[1.143s] creating ../../build/python_service/python_service.egg-info
[1.143s] writing ../../build/python_service/python_service.egg-info/PKG-INFO
[1.143s] writing dependency_links to ../../build/python_service/python_service.egg-info/dependency_links.txt
[1.144s] writing entry points to ../../build/python_service/python_service.egg-info/entry_points.txt
[1.144s] writing requirements to ../../build/python_service/python_service.egg-info/requires.txt
[1.144s] writing top-level names to ../../build/python_service/python_service.egg-info/top_level.txt
[1.144s] writing manifest file '../../build/python_service/python_service.egg-info/SOURCES.txt'
[1.145s] reading manifest file '../../build/python_service/python_service.egg-info/SOURCES.txt'
[1.145s] adding license file 'LICENSE'
[1.146s] writing manifest file '../../build/python_service/python_service.egg-info/SOURCES.txt'
[1.146s] running build
[1.147s] running build_py
[1.147s] creating /home/zqc/ros2_ws/src/portfolio/ROS2/face_detection/build/python_service/build
[1.147s] creating /home/zqc/ros2_ws/src/portfolio/ROS2/face_detection/build/python_service/build/lib
[1.147s] creating /home/zqc/ros2_ws/src/portfolio/ROS2/face_detection/build/python_service/build/lib/python_service
[1.148s] copying python_service/__init__.py -> /home/zqc/ros2_ws/src/portfolio/ROS2/face_detection/build/python_service/build/lib/python_service
[1.148s] running install
[1.148s] running install_lib
[1.149s] creating /home/zqc/ros2_ws/src/portfolio/ROS2/face_detection/install/python_service/lib/python3.10/site-packages/python_service
[1.149s] copying /home/zqc/ros2_ws/src/portfolio/ROS2/face_detection/build/python_service/build/lib/python_service/__init__.py -> /home/zqc/ros2_ws/src/portfolio/ROS2/face_detection/install/python_service/lib/python3.10/site-packages/python_service
[1.150s] byte-compiling /home/zqc/ros2_ws/src/portfolio/ROS2/face_detection/install/python_service/lib/python3.10/site-packages/python_service/__init__.py to __init__.cpython-310.pyc
[1.150s] running install_data
[1.150s] creating /home/zqc/ros2_ws/src/portfolio/ROS2/face_detection/install/python_service/share/ament_index
[1.150s] creating /home/zqc/ros2_ws/src/portfolio/ROS2/face_detection/install/python_service/share/ament_index/resource_index
[1.151s] creating /home/zqc/ros2_ws/src/portfolio/ROS2/face_detection/install/python_service/share/ament_index/resource_index/packages
[1.151s] copying resource/python_service -> /home/zqc/ros2_ws/src/portfolio/ROS2/face_detection/install/python_service/share/ament_index/resource_index/packages
[1.151s] copying package.xml -> /home/zqc/ros2_ws/src/portfolio/ROS2/face_detection/install/python_service/share/python_service
[1.151s] running install_egg_info
[1.153s] Copying ../../build/python_service/python_service.egg-info to /home/zqc/ros2_ws/src/portfolio/ROS2/face_detection/install/python_service/lib/python3.10/site-packages/python_service-0.0.0-py3.10.egg-info
[1.154s] running install_scripts
[1.172s] writing list of installed files to '/home/zqc/ros2_ws/src/portfolio/ROS2/face_detection/build/python_service/install.log'
[1.192s] Invoked command in '/home/zqc/ros2_ws/src/portfolio/ROS2/face_detection/src/python_service' returned '0': PYTHONPATH=/home/zqc/ros2_ws/src/portfolio/ROS2/face_detection/build/python_service/prefix_override:/usr/lib/python3/dist-packages/colcon_core/task/python/colcon_distutils_commands:/home/zqc/ros2_ws/src/portfolio/ROS2/face_detection/install/python_service/lib/python3.10/site-packages:${PYTHONPATH} /usr/bin/python3 -W ignore:setup.py install is deprecated -W ignore:easy_install command is deprecated setup.py egg_info --egg-base ../../build/python_service build --build-base /home/zqc/ros2_ws/src/portfolio/ROS2/face_detection/build/python_service/build install --record /home/zqc/ros2_ws/src/portfolio/ROS2/face_detection/build/python_service/install.log --single-version-externally-managed install_data
