running egg_info
writing ../../build/python_service/python_service.egg-info/PKG-INFO
writing dependency_links to ../../build/python_service/python_service.egg-info/dependency_links.txt
writing entry points to ../../build/python_service/python_service.egg-info/entry_points.txt
writing requirements to ../../build/python_service/python_service.egg-info/requires.txt
writing top-level names to ../../build/python_service/python_service.egg-info/top_level.txt
reading manifest file '../../build/python_service/python_service.egg-info/SOURCES.txt'
adding license file 'LICENSE'
writing manifest file '../../build/python_service/python_service.egg-info/SOURCES.txt'
running build
running build_py
copying python_service/face_detect.py -> /home/zqc/ros2_ws/src/portfolio/ROS2/face_detection/build/python_service/build/lib/python_service
running install
running install_lib
copying /home/zqc/ros2_ws/src/portfolio/ROS2/face_detection/build/python_service/build/lib/python_service/face_detect.py -> /home/zqc/ros2_ws/src/portfolio/ROS2/face_detection/install/python_service/lib/python3.10/site-packages/python_service
byte-compiling /home/zqc/ros2_ws/src/portfolio/ROS2/face_detection/install/python_service/lib/python3.10/site-packages/python_service/face_detect.py to face_detect.cpython-310.pyc
running install_data
running install_egg_info
removing '/home/zqc/ros2_ws/src/portfolio/ROS2/face_detection/install/python_service/lib/python3.10/site-packages/python_service-0.0.0-py3.10.egg-info' (and everything under it)
Copying ../../build/python_service/python_service.egg-info to /home/zqc/ros2_ws/src/portfolio/ROS2/face_detection/install/python_service/lib/python3.10/site-packages/python_service-0.0.0-py3.10.egg-info
running install_scripts
Installing face_detect script to /home/zqc/ros2_ws/src/portfolio/ROS2/face_detection/install/python_service/lib/python_service
writing list of installed files to '/home/zqc/ros2_ws/src/portfolio/ROS2/face_detection/build/python_service/install.log'
