[0.822s] Invoking command in '/home/zqc/ros2_ws/src/portfolio/ROS2/face_detection/src/python_service': PYTHONPATH=/home/zqc/ros2_ws/src/portfolio/ROS2/face_detection/build/python_service/prefix_override:/usr/lib/python3/dist-packages/colcon_core/task/python/colcon_distutils_commands:/home/zqc/ros2_ws/src/portfolio/ROS2/face_detection/install/python_service/lib/python3.10/site-packages:${PYTHONPATH} /usr/bin/python3 -W ignore:setup.py install is deprecated -W ignore:easy_install command is deprecated setup.py egg_info --egg-base ../../build/python_service build --build-base /home/zqc/ros2_ws/src/portfolio/ROS2/face_detection/build/python_service/build install --record /home/zqc/ros2_ws/src/portfolio/ROS2/face_detection/build/python_service/install.log --single-version-externally-managed install_data
[1.043s] running egg_info
[1.043s] writing ../../build/python_service/python_service.egg-info/PKG-INFO
[1.045s] writing dependency_links to ../../build/python_service/python_service.egg-info/dependency_links.txt
[1.045s] writing entry points to ../../build/python_service/python_service.egg-info/entry_points.txt
[1.045s] writing requirements to ../../build/python_service/python_service.egg-info/requires.txt
[1.045s] writing top-level names to ../../build/python_service/python_service.egg-info/top_level.txt
[1.047s] reading manifest file '../../build/python_service/python_service.egg-info/SOURCES.txt'
[1.048s] adding license file 'LICENSE'
[1.048s] writing manifest file '../../build/python_service/python_service.egg-info/SOURCES.txt'
[1.048s] running build
[1.048s] running build_py
[1.049s] copying python_service/face_detect.py -> /home/zqc/ros2_ws/src/portfolio/ROS2/face_detection/build/python_service/build/lib/python_service
[1.050s] running install
[1.050s] running install_lib
[1.051s] copying /home/zqc/ros2_ws/src/portfolio/ROS2/face_detection/build/python_service/build/lib/python_service/face_detect.py -> /home/zqc/ros2_ws/src/portfolio/ROS2/face_detection/install/python_service/lib/python3.10/site-packages/python_service
[1.052s] byte-compiling /home/zqc/ros2_ws/src/portfolio/ROS2/face_detection/install/python_service/lib/python3.10/site-packages/python_service/face_detect.py to face_detect.cpython-310.pyc
[1.052s] running install_data
[1.052s] running install_egg_info
[1.054s] removing '/home/zqc/ros2_ws/src/portfolio/ROS2/face_detection/install/python_service/lib/python3.10/site-packages/python_service-0.0.0-py3.10.egg-info' (and everything under it)
[1.054s] Copying ../../build/python_service/python_service.egg-info to /home/zqc/ros2_ws/src/portfolio/ROS2/face_detection/install/python_service/lib/python3.10/site-packages/python_service-0.0.0-py3.10.egg-info
[1.056s] running install_scripts
[1.073s] Installing face_detect script to /home/zqc/ros2_ws/src/portfolio/ROS2/face_detection/install/python_service/lib/python_service
[1.073s] writing list of installed files to '/home/zqc/ros2_ws/src/portfolio/ROS2/face_detection/build/python_service/install.log'
[1.092s] Invoked command in '/home/zqc/ros2_ws/src/portfolio/ROS2/face_detection/src/python_service' returned '0': PYTHONPATH=/home/zqc/ros2_ws/src/portfolio/ROS2/face_detection/build/python_service/prefix_override:/usr/lib/python3/dist-packages/colcon_core/task/python/colcon_distutils_commands:/home/zqc/ros2_ws/src/portfolio/ROS2/face_detection/install/python_service/lib/python3.10/site-packages:${PYTHONPATH} /usr/bin/python3 -W ignore:setup.py install is deprecated -W ignore:easy_install command is deprecated setup.py egg_info --egg-base ../../build/python_service build --build-base /home/zqc/ros2_ws/src/portfolio/ROS2/face_detection/build/python_service/build install --record /home/zqc/ros2_ws/src/portfolio/ROS2/face_detection/build/python_service/install.log --single-version-externally-managed install_data
